{"numFailedTestSuites":4,"numFailedTests":25,"numPassedTestSuites":0,"numPassedTests":36,"numPendingTestSuites":0,"numPendingTests":0,"numRuntimeErrorTestSuites":0,"numTodoTests":0,"numTotalTestSuites":4,"numTotalTests":61,"openHandles":[],"snapshot":{"added":0,"didUpdate":false,"failure":false,"filesAdded":0,"filesRemoved":0,"filesRemovedList":[],"filesUnmatched":0,"filesUpdated":0,"matched":0,"total":0,"unchecked":0,"uncheckedKeysByFile":[],"unmatched":0,"updated":0},"startTime":1789842074926,"success":false,"testResults":[{"assertionResults":[{"ancestorTitles":["Wheel-Size Safety Governor","Dry-run mode"],"duration":41,"failing":false,"failureDetails":[],"failureMessages":[],"fullName":"Wheel-Size Safety Governor Dry-run mode makes zero external calls in dry-run mode","invocations":1,"location":null,"numPassingAsserts":4,"retryReasons":[],"startAt":1789842076500,"status":"passed","title":"makes zero external calls in dry-run mode"},{"ancestorTitles":["Wheel-Size Safety Governor","Dry-run mode"],"duration":18,"failing":false,"failureDetails":[],"failureMessages":[],"fullName":"Wheel-Size Safety Governor Dry-run mode logs dry-run in audit log","invocations":1,"location":null,"numPassingAsserts":1,"retryReasons":[],"startAt":1789842076542,"status":"passed","title":"logs dry-run in audit log"},{"ancestorTitles":["Wheel-Size Safety Governor","Rate limiting"],"duration":5,"failing":false,"failureDetails":[{"matcherResult":{"message":"expect(jest.fn()).not.toHaveBeenCalled()\n\nExpected number of calls: 0\nReceived number of calls: 1\n\n1: called with 0 arguments","pass":true}}],"failureMessages":["Error: expect(jest.fn()).not.toHaveBeenCalled()\n\nExpected number of calls: 0\nReceived number of calls: 1\n\n1: called with 0 arguments\n    at Object.<anonymous> (F:\\clawd\\wt-release\\src\\lib\\wheel-size\\__tests__\\safetyGovernor.test.ts:140:33)\n    at processTicksAndRejections (node:internal/process/task_queues:104:5)"],"fullName":"Wheel-Size Safety Governor Rate limiting blocks when daily cap reached","invocations":1,"location":null,"numPassingAsserts":0,"retryReasons":[],"startAt":1789842076561,"status":"failed","title":"blocks when daily cap reached"},{"ancestorTitles":["Wheel-Size Safety Governor","Rate limiting"],"duration":3,"failing":false,"failureDetails":[{"matcherResult":{"message":"expect(jest.fn()).not.toHaveBeenCalled()\n\nExpected number of calls: 0\nReceived number of calls: 1\n\n1: called with 0 arguments","pass":true}}],"failureMessages":["Error: expect(jest.fn()).not.toHaveBeenCalled()\n\nExpected number of calls: 0\nReceived number of calls: 1\n\n1: called with 0 arguments\n    at Object.<anonymous> (F:\\clawd\\wt-release\\src\\lib\\wheel-size\\__tests__\\safetyGovernor.test.ts:169:33)\n    at processTicksAndRejections (node:internal/process/task_queues:104:5)"],"fullName":"Wheel-Size Safety Governor Rate limiting blocks when hourly cap reached","invocations":1,"location":null,"numPassingAsserts":0,"retryReasons":[],"startAt":1789842076594,"status":"failed","title":"blocks when hourly cap reached"},{"ancestorTitles":["Wheel-Size Safety Governor","Caching"],"duration":3,"failing":false,"failureDetails":[],"failureMessages":[],"fullName":"Wheel-Size Safety Governor Caching returns cached data without calling API","invocations":1,"location":null,"numPassingAsserts":3,"retryReasons":[],"startAt":1789842076597,"status":"passed","title":"returns cached data without calling API"},{"ancestorTitles":["Wheel-Size Safety Governor","Caching"],"duration":5,"failing":false,"failureDetails":[],"failureMessages":[],"fullName":"Wheel-Size Safety Governor Caching caches successful responses","invocations":1,"location":null,"numPassingAsserts":1,"retryReasons":[],"startAt":1789842076601,"status":"passed","title":"caches successful responses"},{"ancestorTitles":["Wheel-Size Safety Governor","Kill switch"],"duration":3,"failing":false,"failureDetails":[],"failureMessages":[],"fullName":"Wheel-Size Safety Governor Kill switch blocks all calls when kill switch is active","invocations":1,"location":null,"numPassingAsserts":3,"retryReasons":[],"startAt":1789842076606,"status":"passed","title":"blocks all calls when kill switch is active"},{"ancestorTitles":["Wheel-Size Safety Governor","Kill switch"],"duration":2,"failing":false,"failureDetails":[],"failureMessages":[],"fullName":"Wheel-Size Safety Governor Kill switch activates kill switch on 401/403","invocations":1,"location":null,"numPassingAsserts":1,"retryReasons":[],"startAt":1789842076609,"status":"passed","title":"activates kill switch on 401/403"},{"ancestorTitles":["Wheel-Size Safety Governor","Kill switch"],"duration":2,"failing":false,"failureDetails":[],"failureMessages":[],"fullName":"Wheel-Size Safety Governor Kill switch activates kill switch on 429 rate limit","invocations":1,"location":null,"numPassingAsserts":1,"retryReasons":[],"startAt":1789842076611,"status":"passed","title":"activates kill switch on 429 rate limit"},{"ancestorTitles":["Wheel-Size Safety Governor","Sync enabled flag"],"duration":2,"failing":false,"failureDetails":[],"failureMessages":[],"fullName":"Wheel-Size Safety Governor Sync enabled flag blocks all calls when sync disabled","invocations":1,"location":null,"numPassingAsserts":3,"retryReasons":[],"startAt":1789842076614,"status":"passed","title":"blocks all calls when sync disabled"},{"ancestorTitles":["Wheel-Size Safety Governor","API key validation"],"duration":1,"failing":false,"failureDetails":[],"failureMessages":[],"fullName":"Wheel-Size Safety Governor API key validation blocks when API key missing","invocations":1,"location":null,"numPassingAsserts":3,"retryReasons":[],"startAt":1789842076616,"status":"passed","title":"blocks when API key missing"},{"ancestorTitles":["Wheel-Size Safety Governor","Allowlist population"],"duration":9,"failing":false,"failureDetails":[{"matcherResult":{"actual":[],"expected":["2024 Ram 1500","2024 Ford F-150"],"message":"expect(received).toEqual(expected) // deep equality\n\n- Expected  - 4\n+ Received  + 1\n\n- Array [\n-   \"2024 Ram 1500\",\n-   \"2024 Ford F-150\",\n- ]\n+ Array []","name":"toEqual","pass":false}}],"failureMessages":["Error: expect(received).toEqual(expected) // deep equality\n\n- Expected  - 4\n+ Received  + 1\n\n- Array [\n-   \"2024 Ram 1500\",\n-   \"2024 Ford F-150\",\n- ]\n+ Array []\n    at Object.<anonymous> (F:\\clawd\\wt-release\\src\\lib\\wheel-size\\__tests__\\safetyGovernor.test.ts:355:33)\n    at processTicksAndRejections (node:internal/process/task_queues:104:5)"],"fullName":"Wheel-Size Safety Governor Allowlist population processes only provided vehicles, no crawl","invocations":1,"location":null,"numPassingAsserts":0,"retryReasons":[],"startAt":1789842076617,"status":"failed","title":"processes only provided vehicles, no crawl"},{"ancestorTitles":["Wheel-Size Safety Governor","Allowlist population"],"duration":2,"failing":false,"failureDetails":[],"failureMessages":[],"fullName":"Wheel-Size Safety Governor Allowlist population stops on kill switch activation","invocations":1,"location":null,"numPassingAsserts":1,"retryReasons":[],"startAt":1789842076627,"status":"passed","title":"stops on kill switch activation"},{"ancestorTitles":["Wheel-Size Safety Governor","Configuration"],"duration":1,"failing":false,"failureDetails":[{"matcherResult":{"actual":5000,"expected":100,"message":"expect(received).toBe(expected) // Object.is equality\n\nExpected: 100\nReceived: 5000","name":"toBe","pass":false}}],"failureMessages":["Error: expect(received).toBe(expected) // Object.is equality\n\nExpected: 100\nReceived: 5000\n    at Object.<anonymous> (F:\\clawd\\wt-release\\src\\lib\\wheel-size\\__tests__\\safetyGovernor.test.ts:406:31)\n    at Promise.finally.completed (F:\\clawd\\wt-release\\node_modules\\jest-circus\\build\\jestAdapterInit.js:1557:28)\n    at new Promise (<anonymous>)\n    at callAsyncCircusFn (F:\\clawd\\wt-release\\node_modules\\jest-circus\\build\\jestAdapterInit.js:1497:10)\n    at _callCircusTest (F:\\clawd\\wt-release\\node_modules\\jest-circus\\build\\jestAdapterInit.js:1007:40)\n    at processTicksAndRejections (node:internal/process/task_queues:104:5)\n    at _runTest (F:\\clawd\\wt-release\\node_modules\\jest-circus\\build\\jestAdapterInit.js:947:3)\n    at F:\\clawd\\wt-release\\node_modules\\jest-circus\\build\\jestAdapterInit.js:849:7\n    at _runTestsForDescribeBlock (F:\\clawd\\wt-release\\node_modules\\jest-circus\\build\\jestAdapterInit.js:862:11)\n    at _runTestsForDescribeBlock (F:\\clawd\\wt-release\\node_modules\\jest-circus\\build\\jestAdapterInit.js:857:11)\n    at _runTestsForDescribeBlock (F:\\clawd\\wt-release\\node_modules\\jest-circus\\build\\jestAdapterInit.js:857:11)\n    at run (F:\\clawd\\wt-release\\node_modules\\jest-circus\\build\\jestAdapterInit.js:761:3)\n    at runAndTransformResultsToJestFormat (F:\\clawd\\wt-release\\node_modules\\jest-circus\\build\\jestAdapterInit.js:1918:21)\n    at jestAdapter (F:\\clawd\\wt-release\\node_modules\\jest-circus\\build\\runner.js:101:19)\n    at runTestInternal (F:\\clawd\\wt-release\\node_modules\\jest-runner\\build\\testWorker.js:275:16)\n    at runTest (F:\\clawd\\wt-release\\node_modules\\jest-runner\\build\\testWorker.js:343:7)\n    at Object.worker (F:\\clawd\\wt-release\\node_modules\\jest-runner\\build\\testWorker.js:497:12)"],"fullName":"Wheel-Size Safety Governor Configuration uses default caps when env not set","invocations":1,"location":null,"numPassingAsserts":0,"retryReasons":[],"startAt":1789842076629,"status":"failed","title":"uses default caps when env not set"},{"ancestorTitles":["Wheel-Size Safety Governor","Configuration"],"duration":1,"failing":false,"failureDetails":[],"failureMessages":[],"fullName":"Wheel-Size Safety Governor Configuration respects env overrides","invocations":1,"location":null,"numPassingAsserts":3,"retryReasons":[],"startAt":1789842076631,"status":"passed","title":"respects env overrides"},{"ancestorTitles":["Frontend Wheel-Size Protection"],"duration":14,"failing":false,"failureDetails":[],"failureMessages":[],"fullName":"Frontend Wheel-Size Protection wheels/fitment-search does NOT call Wheel-Size API","invocations":1,"location":null,"numPassingAsserts":2,"retryReasons":[],"startAt":1789842076632,"status":"passed","title":"wheels/fitment-search does NOT call Wheel-Size API"},{"ancestorTitles":["Frontend Wheel-Size Protection"],"duration":10,"failing":false,"failureDetails":[],"failureMessages":[],"fullName":"Frontend Wheel-Size Protection tires/search does NOT call Wheel-Size API","invocations":1,"location":null,"numPassingAsserts":1,"retryReasons":[],"startAt":1789842076646,"status":"passed","title":"tires/search does NOT call Wheel-Size API"},{"ancestorTitles":["Frontend Wheel-Size Protection"],"duration":73,"failing":false,"failureDetails":[],"failureMessages":[],"fullName":"Frontend Wheel-Size Protection vehicles/* APIs do NOT call Wheel-Size API","invocations":1,"location":null,"numPassingAsserts":0,"retryReasons":[],"startAt":1789842076656,"status":"passed","title":"vehicles/* APIs do NOT call Wheel-Size API"}],"endTime":1789842076808,"message":"  ● Wheel-Size Safety Governor › Rate limiting › blocks when daily cap reached\n\n    expect(jest.fn()).not.toHaveBeenCalled()\n\n    Expected number of calls: 0\n    Received number of calls: 1\n\n    1: called with 0 arguments\n\n    \u001b[0m \u001b[90m 138 |\u001b[39m       })\u001b[33m;\u001b[39m\n     \u001b[90m 139 |\u001b[39m       \n    \u001b[31m\u001b[1m>\u001b[22m\u001b[39m\u001b[90m 140 |\u001b[39m       expect(fetcherCalled)\u001b[33m.\u001b[39mnot\u001b[33m.\u001b[39mtoHaveBeenCalled()\u001b[33m;\u001b[39m\n     \u001b[90m     |\u001b[39m                                 \u001b[31m\u001b[1m^\u001b[22m\u001b[39m\n     \u001b[90m 141 |\u001b[39m       expect(result\u001b[33m.\u001b[39mblocked)\u001b[33m.\u001b[39mtoBe(\u001b[36mtrue\u001b[39m)\u001b[33m;\u001b[39m\n     \u001b[90m 142 |\u001b[39m       expect(result\u001b[33m.\u001b[39mblockedReason)\u001b[33m.\u001b[39mtoContain(\u001b[32m\"Daily cap reached\"\u001b[39m)\u001b[33m;\u001b[39m\n     \u001b[90m 143 |\u001b[39m     })\u001b[33m;\u001b[39m\u001b[0m\n\n      at Object.<anonymous> (src/lib/wheel-size/__tests__/safetyGovernor.test.ts:140:33)\n\n  ● Wheel-Size Safety Governor › Rate limiting › blocks when hourly cap reached\n\n    expect(jest.fn()).not.toHaveBeenCalled()\n\n    Expected number of calls: 0\n    Received number of calls: 1\n\n    1: called with 0 arguments\n\n    \u001b[0m \u001b[90m 167 |\u001b[39m       })\u001b[33m;\u001b[39m\n     \u001b[90m 168 |\u001b[39m       \n    \u001b[31m\u001b[1m>\u001b[22m\u001b[39m\u001b[90m 169 |\u001b[39m       expect(fetcherCalled)\u001b[33m.\u001b[39mnot\u001b[33m.\u001b[39mtoHaveBeenCalled()\u001b[33m;\u001b[39m\n     \u001b[90m     |\u001b[39m                                 \u001b[31m\u001b[1m^\u001b[22m\u001b[39m\n     \u001b[90m 170 |\u001b[39m       expect(result\u001b[33m.\u001b[39mblocked)\u001b[33m.\u001b[39mtoBe(\u001b[36mtrue\u001b[39m)\u001b[33m;\u001b[39m\n     \u001b[90m 171 |\u001b[39m       expect(result\u001b[33m.\u001b[39mblockedReason)\u001b[33m.\u001b[39mtoContain(\u001b[32m\"Hourly cap reached\"\u001b[39m)\u001b[33m;\u001b[39m\n     \u001b[90m 172 |\u001b[39m     })\u001b[33m;\u001b[39m\u001b[0m\n\n      at Object.<anonymous> (src/lib/wheel-size/__tests__/safetyGovernor.test.ts:169:33)\n\n  ● Wheel-Size Safety Governor › Allowlist population › processes only provided vehicles, no crawl\n\n    expect(received).toEqual(expected) // deep equality\n\n    - Expected  - 4\n    + Received  + 1\n\n    - Array [\n    -   \"2024 Ram 1500\",\n    -   \"2024 Ford F-150\",\n    - ]\n    + Array []\n\n    \u001b[0m \u001b[90m 353 |\u001b[39m       )\u001b[33m;\u001b[39m\n     \u001b[90m 354 |\u001b[39m       \n    \u001b[31m\u001b[1m>\u001b[22m\u001b[39m\u001b[90m 355 |\u001b[39m       expect(processedVehicles)\u001b[33m.\u001b[39mtoEqual([\n     \u001b[90m     |\u001b[39m                                 \u001b[31m\u001b[1m^\u001b[22m\u001b[39m\n     \u001b[90m 356 |\u001b[39m         \u001b[32m\"2024 Ram 1500\"\u001b[39m\u001b[33m,\u001b[39m\n     \u001b[90m 357 |\u001b[39m         \u001b[32m\"2024 Ford F-150\"\u001b[39m\u001b[33m,\u001b[39m\n     \u001b[90m 358 |\u001b[39m       ])\u001b[33m;\u001b[39m\u001b[0m\n\n      at Object.<anonymous> (src/lib/wheel-size/__tests__/safetyGovernor.test.ts:355:33)\n\n  ● Wheel-Size Safety Governor › Configuration › uses default caps when env not set\n\n    expect(received).toBe(expected) // Object.is equality\n\n    Expected: 100\n    Received: 5000\n\n    \u001b[0m \u001b[90m 404 |\u001b[39m       \u001b[36mconst\u001b[39m config \u001b[33m=\u001b[39m getConfig()\u001b[33m;\u001b[39m\n     \u001b[90m 405 |\u001b[39m       \n    \u001b[31m\u001b[1m>\u001b[22m\u001b[39m\u001b[90m 406 |\u001b[39m       expect(config\u001b[33m.\u001b[39mdailyCap)\u001b[33m.\u001b[39mtoBe(\u001b[35m100\u001b[39m)\u001b[33m;\u001b[39m\n     \u001b[90m     |\u001b[39m                               \u001b[31m\u001b[1m^\u001b[22m\u001b[39m\n     \u001b[90m 407 |\u001b[39m       expect(config\u001b[33m.\u001b[39mhourlyCap)\u001b[33m.\u001b[39mtoBe(\u001b[35m20\u001b[39m)\u001b[33m;\u001b[39m\n     \u001b[90m 408 |\u001b[39m       expect(config\u001b[33m.\u001b[39mminDelayMs)\u001b[33m.\u001b[39mtoBe(\u001b[35m5000\u001b[39m)\u001b[33m;\u001b[39m\n     \u001b[90m 409 |\u001b[39m     })\u001b[33m;\u001b[39m\u001b[0m\n\n      at Object.<anonymous> (src/lib/wheel-size/__tests__/safetyGovernor.test.ts:406:31)\n","name":"F:\\clawd\\wt-release\\src\\lib\\wheel-size\\__tests__\\safetyGovernor.test.ts","startTime":1789842075696,"status":"failed","summary":""},{"assertionResults":[{"ancestorTitles":["tire-sizes canonical source enforcement"],"duration":11,"failing":false,"failureDetails":[],"failureMessages":[],"fullName":"tire-sizes canonical source enforcement should NOT import vehicleFitmentConfigurations","invocations":1,"location":null,"numPassingAsserts":1,"retryReasons":[],"startAt":1789842076540,"status":"passed","title":"should NOT import vehicleFitmentConfigurations"},{"ancestorTitles":["tire-sizes canonical source enforcement"],"duration":2,"failing":false,"failureDetails":[],"failureMessages":[],"fullName":"tire-sizes canonical source enforcement should NOT import getFitmentConfigurations","invocations":1,"location":null,"numPassingAsserts":1,"retryReasons":[],"startAt":1789842076551,"status":"passed","title":"should NOT import getFitmentConfigurations"},{"ancestorTitles":["tire-sizes canonical source enforcement"],"duration":2,"failing":false,"failureDetails":[],"failureMessages":[],"fullName":"tire-sizes canonical source enforcement should NOT import static OEM tire sizes JSON","invocations":1,"location":null,"numPassingAsserts":1,"retryReasons":[],"startAt":1789842076553,"status":"passed","title":"should NOT import static OEM tire sizes JSON"},{"ancestorTitles":["tire-sizes canonical source enforcement"],"duration":0,"failing":false,"failureDetails":[],"failureMessages":[],"fullName":"tire-sizes canonical source enforcement should NOT call getStaticOemSizes function","invocations":1,"location":null,"numPassingAsserts":1,"retryReasons":[],"startAt":1789842076555,"status":"passed","title":"should NOT call getStaticOemSizes function"},{"ancestorTitles":["tire-sizes canonical source enforcement"],"duration":1,"failing":false,"failureDetails":[],"failureMessages":[],"fullName":"tire-sizes canonical source enforcement should NOT return source: 'config'","invocations":1,"location":null,"numPassingAsserts":1,"retryReasons":[],"startAt":1789842076555,"status":"passed","title":"should NOT return source: 'config'"},{"ancestorTitles":["tire-sizes canonical source enforcement"],"duration":4,"failing":false,"failureDetails":[],"failureMessages":[],"fullName":"tire-sizes canonical source enforcement should NOT return source: 'static-fallback'","invocations":1,"location":null,"numPassingAsserts":1,"retryReasons":[],"startAt":1789842076556,"status":"passed","title":"should NOT return source: 'static-fallback'"},{"ancestorTitles":["tire-sizes canonical source enforcement"],"duration":2,"failing":false,"failureDetails":[{"matcherResult":{"actual":false,"expected":true,"message":"expect(received).toBe(expected) // Object.is equality\n\nExpected: true\nReceived: false","name":"toBe","pass":false}}],"failureMessages":["Error: expect(received).toBe(expected) // Object.is equality\n\nExpected: true\nReceived: false\n    at Object.<anonymous> (F:\\clawd\\wt-release\\src\\app\\api\\vehicles\\tire-sizes\\__tests__\\canonical-source.test.ts:79:26)\n    at Promise.finally.completed (F:\\clawd\\wt-release\\node_modules\\jest-circus\\build\\jestAdapterInit.js:1557:28)\n    at new Promise (<anonymous>)\n    at callAsyncCircusFn (F:\\clawd\\wt-release\\node_modules\\jest-circus\\build\\jestAdapterInit.js:1497:10)\n    at _callCircusTest (F:\\clawd\\wt-release\\node_modules\\jest-circus\\build\\jestAdapterInit.js:1007:40)\n    at processTicksAndRejections (node:internal/process/task_queues:104:5)\n    at _runTest (F:\\clawd\\wt-release\\node_modules\\jest-circus\\build\\jestAdapterInit.js:947:3)\n    at F:\\clawd\\wt-release\\node_modules\\jest-circus\\build\\jestAdapterInit.js:849:7\n    at _runTestsForDescribeBlock (F:\\clawd\\wt-release\\node_modules\\jest-circus\\build\\jestAdapterInit.js:862:11)\n    at _runTestsForDescribeBlock (F:\\clawd\\wt-release\\node_modules\\jest-circus\\build\\jestAdapterInit.js:857:11)\n    at run (F:\\clawd\\wt-release\\node_modules\\jest-circus\\build\\jestAdapterInit.js:761:3)\n    at runAndTransformResultsToJestFormat (F:\\clawd\\wt-release\\node_modules\\jest-circus\\build\\jestAdapterInit.js:1918:21)\n    at jestAdapter (F:\\clawd\\wt-release\\node_modules\\jest-circus\\build\\runner.js:101:19)\n    at runTestInternal (F:\\clawd\\wt-release\\node_modules\\jest-runner\\build\\testWorker.js:275:16)\n    at runTest (F:\\clawd\\wt-release\\node_modules\\jest-runner\\build\\testWorker.js:343:7)\n    at Object.worker (F:\\clawd\\wt-release\\node_modules\\jest-runner\\build\\testWorker.js:497:12)"],"fullName":"tire-sizes canonical source enforcement should use canonicalResolver for fitment lookup","invocations":1,"location":null,"numPassingAsserts":0,"retryReasons":[],"startAt":1789842076561,"status":"failed","title":"should use canonicalResolver for fitment lookup"},{"ancestorTitles":["tire-sizes canonical source enforcement"],"duration":1,"failing":false,"failureDetails":[],"failureMessages":[],"fullName":"tire-sizes canonical source enforcement should import from @/lib/fitment/canonicalResolver","invocations":1,"location":null,"numPassingAsserts":1,"retryReasons":[],"startAt":1789842076604,"status":"passed","title":"should import from @/lib/fitment/canonicalResolver"},{"ancestorTitles":["tire-sizes API smoke tests"],"duration":126,"failing":false,"failureDetails":[],"failureMessages":[],"fullName":"tire-sizes API smoke tests should NOT return source: 'config' for any vehicle","invocations":1,"location":null,"numPassingAsserts":0,"retryReasons":[],"startAt":1789842076605,"status":"passed","title":"should NOT return source: 'config' for any vehicle"},{"ancestorTitles":["tire-sizes API smoke tests"],"duration":47,"failing":false,"failureDetails":[],"failureMessages":[],"fullName":"tire-sizes API smoke tests should NOT return source: 'static-fallback' for any vehicle","invocations":1,"location":null,"numPassingAsserts":0,"retryReasons":[],"startAt":1789842076731,"status":"passed","title":"should NOT return source: 'static-fallback' for any vehicle"}],"endTime":1789842076812,"message":"  ● tire-sizes canonical source enforcement › should use canonicalResolver for fitment lookup\n\n    expect(received).toBe(expected) // Object.is equality\n\n    Expected: true\n    Received: false\n\n    \u001b[0m \u001b[90m 77 |\u001b[39m     \u001b[90m// Verify canonical resolver is used\u001b[39m\n     \u001b[90m 78 |\u001b[39m     \u001b[36mconst\u001b[39m usesResolver \u001b[33m=\u001b[39m routeSource\u001b[33m.\u001b[39mincludes(\u001b[32m\"resolveVehicleFitment\"\u001b[39m)\u001b[33m;\u001b[39m\n    \u001b[31m\u001b[1m>\u001b[22m\u001b[39m\u001b[90m 79 |\u001b[39m     expect(usesResolver)\u001b[33m.\u001b[39mtoBe(\u001b[36mtrue\u001b[39m)\u001b[33m;\u001b[39m\n     \u001b[90m    |\u001b[39m                          \u001b[31m\u001b[1m^\u001b[22m\u001b[39m\n     \u001b[90m 80 |\u001b[39m   })\u001b[33m;\u001b[39m\n     \u001b[90m 81 |\u001b[39m\n     \u001b[90m 82 |\u001b[39m   test(\u001b[32m\"should import from @/lib/fitment/canonicalResolver\"\u001b[39m\u001b[33m,\u001b[39m () \u001b[33m=>\u001b[39m {\u001b[0m\n\n      at Object.<anonymous> (src/app/api/vehicles/tire-sizes/__tests__/canonical-source.test.ts:79:26)\n","name":"F:\\clawd\\wt-release\\src\\app\\api\\vehicles\\tire-sizes\\__tests__\\canonical-source.test.ts","startTime":1789842075741,"status":"failed","summary":""},{"assertionResults":[{"ancestorTitles":["Staggered Fitment Tests","C8 Corvette Stingray (19\" front / 20\" rear)"],"duration":1,"failing":false,"failureDetails":[],"failureMessages":[],"fullName":"Staggered Fitment Tests C8 Corvette Stingray (19\" front / 20\" rear) detects staggered from different front/rear diameters","invocations":1,"location":null,"numPassingAsserts":3,"retryReasons":[],"startAt":1789842076931,"status":"passed","title":"detects staggered from different front/rear diameters"},{"ancestorTitles":["Staggered Fitment Tests","C8 Corvette Stingray (19\" front / 20\" rear)"],"duration":1,"failing":false,"failureDetails":[{"matcherResult":{"actual":[19,20,21,22,24,26],"expected":[19,20,21,22,24],"message":"expect(received).toEqual(expected) // deep equality\n\n- Expected  - 0\n+ Received  + 1\n\n@@ -2,6 +2,7 @@\n    19,\n    20,\n    21,\n    22,\n    24,\n+   26,\n  ]","name":"toEqual","pass":false}}],"failureMessages":["Error: expect(received).toEqual(expected) // deep equality\n\n- Expected  - 0\n+ Received  + 1\n\n@@ -2,6 +2,7 @@\n    19,\n    20,\n    21,\n    22,\n    24,\n+   26,\n  ]\n    at Object.<anonymous> (F:\\clawd\\wt-release\\src\\lib\\fitment-db\\staggeredFitment.test.ts:61:25)\n    at Promise.finally.completed (F:\\clawd\\wt-release\\node_modules\\jest-circus\\build\\jestAdapterInit.js:1557:28)\n    at new Promise (<anonymous>)\n    at callAsyncCircusFn (F:\\clawd\\wt-release\\node_modules\\jest-circus\\build\\jestAdapterInit.js:1497:10)\n    at _callCircusTest (F:\\clawd\\wt-release\\node_modules\\jest-circus\\build\\jestAdapterInit.js:1007:40)\n    at processTicksAndRejections (node:internal/process/task_queues:104:5)\n    at _runTest (F:\\clawd\\wt-release\\node_modules\\jest-circus\\build\\jestAdapterInit.js:947:3)\n    at F:\\clawd\\wt-release\\node_modules\\jest-circus\\build\\jestAdapterInit.js:849:7\n    at _runTestsForDescribeBlock (F:\\clawd\\wt-release\\node_modules\\jest-circus\\build\\jestAdapterInit.js:862:11)\n    at _runTestsForDescribeBlock (F:\\clawd\\wt-release\\node_modules\\jest-circus\\build\\jestAdapterInit.js:857:11)\n    at _runTestsForDescribeBlock (F:\\clawd\\wt-release\\node_modules\\jest-circus\\build\\jestAdapterInit.js:857:11)\n    at run (F:\\clawd\\wt-release\\node_modules\\jest-circus\\build\\jestAdapterInit.js:761:3)\n    at runAndTransformResultsToJestFormat (F:\\clawd\\wt-release\\node_modules\\jest-circus\\build\\jestAdapterInit.js:1918:21)\n    at jestAdapter (F:\\clawd\\wt-release\\node_modules\\jest-circus\\build\\runner.js:101:19)\n    at runTestInternal (F:\\clawd\\wt-release\\node_modules\\jest-runner\\build\\testWorker.js:275:16)\n    at runTest (F:\\clawd\\wt-release\\node_modules\\jest-runner\\build\\testWorker.js:343:7)\n    at Object.worker (F:\\clawd\\wt-release\\node_modules\\jest-runner\\build\\testWorker.js:497:12)"],"fullName":"Staggered Fitment Tests C8 Corvette Stingray (19\" front / 20\" rear) builds diameter options including ALL inventory sizes","invocations":1,"location":null,"numPassingAsserts":0,"retryReasons":[],"startAt":1789842076933,"status":"failed","title":"builds diameter options including ALL inventory sizes"},{"ancestorTitles":["Staggered Fitment Tests","C8 Corvette Stingray (19\" front / 20\" rear)"],"duration":0,"failing":false,"failureDetails":[],"failureMessages":[],"fullName":"Staggered Fitment Tests C8 Corvette Stingray (19\" front / 20\" rear) CRITICAL: does NOT cap at +3\" upsize limit","invocations":1,"location":null,"numPassingAsserts":1,"retryReasons":[],"startAt":1789842076945,"status":"passed","title":"CRITICAL: does NOT cap at +3\" upsize limit"},{"ancestorTitles":["Staggered Fitment Tests","C8 Corvette Stingray (19\" front / 20\" rear)"],"duration":1,"failing":false,"failureDetails":[],"failureMessages":[],"fullName":"Staggered Fitment Tests C8 Corvette Stingray (19\" front / 20\" rear) marks OEM sizes as stock","invocations":1,"location":null,"numPassingAsserts":4,"retryReasons":[],"startAt":1789842076945,"status":"passed","title":"marks OEM sizes as stock"},{"ancestorTitles":["Staggered Fitment Tests","C8 Corvette Stingray (19\" front / 20\" rear)"],"duration":0,"failing":false,"failureDetails":[],"failureMessages":[],"fullName":"Staggered Fitment Tests C8 Corvette Stingray (19\" front / 20\" rear) includes inventory counts in options","invocations":1,"location":null,"numPassingAsserts":3,"retryReasons":[],"startAt":1789842076946,"status":"passed","title":"includes inventory counts in options"},{"ancestorTitles":["Staggered Fitment Tests","Non-staggered vehicle (F-150)"],"duration":0,"failing":false,"failureDetails":[],"failureMessages":[],"fullName":"Staggered Fitment Tests Non-staggered vehicle (F-150) is NOT staggered when all wheel specs are \"both\" axle","invocations":1,"location":null,"numPassingAsserts":1,"retryReasons":[],"startAt":1789842076946,"status":"passed","title":"is NOT staggered when all wheel specs are \"both\" axle"},{"ancestorTitles":["Staggered Fitment Tests","Non-staggered vehicle (F-150)"],"duration":1,"failing":false,"failureDetails":[{"matcherResult":{"actual":[17,18,19,20,22,24,26],"expected":[17,18,20,22],"message":"expect(received).toEqual(expected) // deep equality\n\n- Expected  - 0\n+ Received  + 3\n\n  Array [\n    17,\n    18,\n+   19,\n    20,\n    22,\n+   24,\n+   26,\n  ]","name":"toEqual","pass":false}}],"failureMessages":["Error: expect(received).toEqual(expected) // deep equality\n\n- Expected  - 0\n+ Received  + 3\n\n  Array [\n    17,\n    18,\n+   19,\n    20,\n    22,\n+   24,\n+   26,\n  ]\n    at Object.<anonymous> (F:\\clawd\\wt-release\\src\\lib\\fitment-db\\staggeredFitment.test.ts:145:25)\n    at Promise.finally.completed (F:\\clawd\\wt-release\\node_modules\\jest-circus\\build\\jestAdapterInit.js:1557:28)\n    at new Promise (<anonymous>)\n    at callAsyncCircusFn (F:\\clawd\\wt-release\\node_modules\\jest-circus\\build\\jestAdapterInit.js:1497:10)\n    at _callCircusTest (F:\\clawd\\wt-release\\node_modules\\jest-circus\\build\\jestAdapterInit.js:1007:40)\n    at processTicksAndRejections (node:internal/process/task_queues:104:5)\n    at _runTest (F:\\clawd\\wt-release\\node_modules\\jest-circus\\build\\jestAdapterInit.js:947:3)\n    at F:\\clawd\\wt-release\\node_modules\\jest-circus\\build\\jestAdapterInit.js:849:7\n    at _runTestsForDescribeBlock (F:\\clawd\\wt-release\\node_modules\\jest-circus\\build\\jestAdapterInit.js:862:11)\n    at _runTestsForDescribeBlock (F:\\clawd\\wt-release\\node_modules\\jest-circus\\build\\jestAdapterInit.js:857:11)\n    at _runTestsForDescribeBlock (F:\\clawd\\wt-release\\node_modules\\jest-circus\\build\\jestAdapterInit.js:857:11)\n    at run (F:\\clawd\\wt-release\\node_modules\\jest-circus\\build\\jestAdapterInit.js:761:3)\n    at runAndTransformResultsToJestFormat (F:\\clawd\\wt-release\\node_modules\\jest-circus\\build\\jestAdapterInit.js:1918:21)\n    at jestAdapter (F:\\clawd\\wt-release\\node_modules\\jest-circus\\build\\runner.js:101:19)\n    at runTestInternal (F:\\clawd\\wt-release\\node_modules\\jest-runner\\build\\testWorker.js:275:16)\n    at runTest (F:\\clawd\\wt-release\\node_modules\\jest-runner\\build\\testWorker.js:343:7)\n    at Object.worker (F:\\clawd\\wt-release\\node_modules\\jest-runner\\build\\testWorker.js:497:12)"],"fullName":"Staggered Fitment Tests Non-staggered vehicle (F-150) still includes all inventory sizes","invocations":1,"location":null,"numPassingAsserts":0,"retryReasons":[],"startAt":1789842076946,"status":"failed","title":"still includes all inventory sizes"},{"ancestorTitles":["Staggered Fitment Tests","Empty inventory facets"],"duration":1,"failing":false,"failureDetails":[{"matcherResult":{"actual":[19,20,22,24,26],"expected":[19,20],"message":"expect(received).toEqual(expected) // deep equality\n\n- Expected  - 0\n+ Received  + 3\n\n  Array [\n    19,\n    20,\n+   22,\n+   24,\n+   26,\n  ]","name":"toEqual","pass":false}}],"failureMessages":["Error: expect(received).toEqual(expected) // deep equality\n\n- Expected  - 0\n+ Received  + 3\n\n  Array [\n    19,\n    20,\n+   22,\n+   24,\n+   26,\n  ]\n    at Object.<anonymous> (F:\\clawd\\wt-release\\src\\lib\\fitment-db\\staggeredFitment.test.ts:163:25)\n    at Promise.finally.completed (F:\\clawd\\wt-release\\node_modules\\jest-circus\\build\\jestAdapterInit.js:1557:28)\n    at new Promise (<anonymous>)\n    at callAsyncCircusFn (F:\\clawd\\wt-release\\node_modules\\jest-circus\\build\\jestAdapterInit.js:1497:10)\n    at _callCircusTest (F:\\clawd\\wt-release\\node_modules\\jest-circus\\build\\jestAdapterInit.js:1007:40)\n    at processTicksAndRejections (node:internal/process/task_queues:104:5)\n    at _runTest (F:\\clawd\\wt-release\\node_modules\\jest-circus\\build\\jestAdapterInit.js:947:3)\n    at F:\\clawd\\wt-release\\node_modules\\jest-circus\\build\\jestAdapterInit.js:849:7\n    at _runTestsForDescribeBlock (F:\\clawd\\wt-release\\node_modules\\jest-circus\\build\\jestAdapterInit.js:862:11)\n    at _runTestsForDescribeBlock (F:\\clawd\\wt-release\\node_modules\\jest-circus\\build\\jestAdapterInit.js:857:11)\n    at _runTestsForDescribeBlock (F:\\clawd\\wt-release\\node_modules\\jest-circus\\build\\jestAdapterInit.js:857:11)\n    at run (F:\\clawd\\wt-release\\node_modules\\jest-circus\\build\\jestAdapterInit.js:761:3)\n    at runAndTransformResultsToJestFormat (F:\\clawd\\wt-release\\node_modules\\jest-circus\\build\\jestAdapterInit.js:1918:21)\n    at jestAdapter (F:\\clawd\\wt-release\\node_modules\\jest-circus\\build\\runner.js:101:19)\n    at runTestInternal (F:\\clawd\\wt-release\\node_modules\\jest-runner\\build\\testWorker.js:275:16)\n    at runTest (F:\\clawd\\wt-release\\node_modules\\jest-runner\\build\\testWorker.js:343:7)\n    at Object.worker (F:\\clawd\\wt-release\\node_modules\\jest-runner\\build\\testWorker.js:497:12)"],"fullName":"Staggered Fitment Tests Empty inventory facets returns OEM sizes when no inventory facets","invocations":1,"location":null,"numPassingAsserts":0,"retryReasons":[],"startAt":1789842076948,"status":"failed","title":"returns OEM sizes when no inventory facets"},{"ancestorTitles":["Staggered Fitment Tests","Classic vehicle upsize range"],"duration":1,"failing":false,"failureDetails":[],"failureMessages":[],"fullName":"Staggered Fitment Tests Classic vehicle upsize range uses classic upsize range for classic vehicles","invocations":1,"location":null,"numPassingAsserts":2,"retryReasons":[],"startAt":1789842076949,"status":"passed","title":"uses classic upsize range for classic vehicles"},{"ancestorTitles":["Staggered Fitment Tests","False Staggered Detection Fix (2026-04-06)"],"duration":1,"failing":false,"failureDetails":[],"failureMessages":[],"fullName":"Staggered Fitment Tests False Staggered Detection Fix (2026-04-06) GM trucks with different diameters, same width are NOT staggered","invocations":1,"location":null,"numPassingAsserts":2,"retryReasons":[],"startAt":1789842076950,"status":"passed","title":"GM trucks with different diameters, same width are NOT staggered"},{"ancestorTitles":["Staggered Fitment Tests","False Staggered Detection Fix (2026-04-06)"],"duration":0,"failing":false,"failureDetails":[],"failureMessages":[],"fullName":"Staggered Fitment Tests False Staggered Detection Fix (2026-04-06) GM trucks with 3+ OEM options are NOT staggered","invocations":1,"location":null,"numPassingAsserts":1,"retryReasons":[],"startAt":1789842076951,"status":"passed","title":"GM trucks with 3+ OEM options are NOT staggered"},{"ancestorTitles":["Staggered Fitment Tests","False Staggered Detection Fix (2026-04-06)"],"duration":0,"failing":false,"failureDetails":[],"failureMessages":[],"fullName":"Staggered Fitment Tests False Staggered Detection Fix (2026-04-06) F-150 with OEM options is NOT staggered","invocations":1,"location":null,"numPassingAsserts":1,"retryReasons":[],"startAt":1789842076951,"status":"passed","title":"F-150 with OEM options is NOT staggered"},{"ancestorTitles":["Staggered Fitment Tests","False Staggered Detection Fix (2026-04-06)"],"duration":1,"failing":false,"failureDetails":[],"failureMessages":[],"fullName":"Staggered Fitment Tests False Staggered Detection Fix (2026-04-06) Corvette with explicit front/rear IS staggered","invocations":1,"location":null,"numPassingAsserts":2,"retryReasons":[],"startAt":1789842076951,"status":"passed","title":"Corvette with explicit front/rear IS staggered"},{"ancestorTitles":["Staggered Fitment Tests","False Staggered Detection Fix (2026-04-06)"],"duration":0,"failing":false,"failureDetails":[],"failureMessages":[],"fullName":"Staggered Fitment Tests False Staggered Detection Fix (2026-04-06) Corvette mislabeled as \"both\" IS still staggered (via width)","invocations":1,"location":null,"numPassingAsserts":2,"retryReasons":[],"startAt":1789842076952,"status":"passed","title":"Corvette mislabeled as \"both\" IS still staggered (via width)"},{"ancestorTitles":["Staggered Fitment Tests","False Staggered Detection Fix (2026-04-06)"],"duration":0,"failing":false,"failureDetails":[],"failureMessages":[],"fullName":"Staggered Fitment Tests False Staggered Detection Fix (2026-04-06) Mustang GT PP with explicit front/rear IS staggered","invocations":1,"location":null,"numPassingAsserts":2,"retryReasons":[],"startAt":1789842076953,"status":"passed","title":"Mustang GT PP with explicit front/rear IS staggered"},{"ancestorTitles":["Staggered Fitment Tests","False Staggered Detection Fix (2026-04-06)"],"duration":0,"failing":false,"failureDetails":[],"failureMessages":[],"fullName":"Staggered Fitment Tests False Staggered Detection Fix (2026-04-06) Performance car with 1\"+ width diff (axle=both) IS staggered","invocations":1,"location":null,"numPassingAsserts":2,"retryReasons":[],"startAt":1789842076954,"status":"passed","title":"Performance car with 1\"+ width diff (axle=both) IS staggered"}],"endTime":1789842076975,"message":"  ● Staggered Fitment Tests › C8 Corvette Stingray (19\" front / 20\" rear) › builds diameter options including ALL inventory sizes\n\n    expect(received).toEqual(expected) // deep equality\n\n    - Expected  - 0\n    + Received  + 1\n\n    @@ -2,6 +2,7 @@\n        19,\n        20,\n        21,\n        22,\n        24,\n    +   26,\n      ]\n\n    \u001b[0m \u001b[90m 59 |\u001b[39m       \u001b[90m// Should include all 5 sizes from inventory\u001b[39m\n     \u001b[90m 60 |\u001b[39m       \u001b[36mconst\u001b[39m diameters \u001b[33m=\u001b[39m options\u001b[33m.\u001b[39mmap(o \u001b[33m=>\u001b[39m o\u001b[33m.\u001b[39mdiameter)\u001b[33m.\u001b[39msort((a\u001b[33m,\u001b[39m b) \u001b[33m=>\u001b[39m a \u001b[33m-\u001b[39m b)\u001b[33m;\u001b[39m\n    \u001b[31m\u001b[1m>\u001b[22m\u001b[39m\u001b[90m 61 |\u001b[39m       expect(diameters)\u001b[33m.\u001b[39mtoEqual([\u001b[35m19\u001b[39m\u001b[33m,\u001b[39m \u001b[35m20\u001b[39m\u001b[33m,\u001b[39m \u001b[35m21\u001b[39m\u001b[33m,\u001b[39m \u001b[35m22\u001b[39m\u001b[33m,\u001b[39m \u001b[35m24\u001b[39m])\u001b[33m;\u001b[39m\n     \u001b[90m    |\u001b[39m                         \u001b[31m\u001b[1m^\u001b[22m\u001b[39m\n     \u001b[90m 62 |\u001b[39m     })\u001b[33m;\u001b[39m\n     \u001b[90m 63 |\u001b[39m\n     \u001b[90m 64 |\u001b[39m     it(\u001b[32m'CRITICAL: does NOT cap at +3\" upsize limit'\u001b[39m\u001b[33m,\u001b[39m () \u001b[33m=>\u001b[39m {\u001b[0m\n\n      at Object.<anonymous> (src/lib/fitment-db/staggeredFitment.test.ts:61:25)\n\n  ● Staggered Fitment Tests › Non-staggered vehicle (F-150) › still includes all inventory sizes\n\n    expect(received).toEqual(expected) // deep equality\n\n    - Expected  - 0\n    + Received  + 3\n\n      Array [\n        17,\n        18,\n    +   19,\n        20,\n        22,\n    +   24,\n    +   26,\n      ]\n\n    \u001b[0m \u001b[90m 143 |\u001b[39m\n     \u001b[90m 144 |\u001b[39m       \u001b[36mconst\u001b[39m diameters \u001b[33m=\u001b[39m options\u001b[33m.\u001b[39mmap(o \u001b[33m=>\u001b[39m o\u001b[33m.\u001b[39mdiameter)\u001b[33m.\u001b[39msort((a\u001b[33m,\u001b[39m b) \u001b[33m=>\u001b[39m a \u001b[33m-\u001b[39m b)\u001b[33m;\u001b[39m\n    \u001b[31m\u001b[1m>\u001b[22m\u001b[39m\u001b[90m 145 |\u001b[39m       expect(diameters)\u001b[33m.\u001b[39mtoEqual([\u001b[35m17\u001b[39m\u001b[33m,\u001b[39m \u001b[35m18\u001b[39m\u001b[33m,\u001b[39m \u001b[35m20\u001b[39m\u001b[33m,\u001b[39m \u001b[35m22\u001b[39m])\u001b[33m;\u001b[39m\n     \u001b[90m     |\u001b[39m                         \u001b[31m\u001b[1m^\u001b[22m\u001b[39m\n     \u001b[90m 146 |\u001b[39m     })\u001b[33m;\u001b[39m\n     \u001b[90m 147 |\u001b[39m   })\u001b[33m;\u001b[39m\n     \u001b[90m 148 |\u001b[39m\u001b[0m\n\n      at Object.<anonymous> (src/lib/fitment-db/staggeredFitment.test.ts:145:25)\n\n  ● Staggered Fitment Tests › Empty inventory facets › returns OEM sizes when no inventory facets\n\n    expect(received).toEqual(expected) // deep equality\n\n    - Expected  - 0\n    + Received  + 3\n\n      Array [\n        19,\n        20,\n    +   22,\n    +   24,\n    +   26,\n      ]\n\n    \u001b[0m \u001b[90m 161 |\u001b[39m\n     \u001b[90m 162 |\u001b[39m       \u001b[36mconst\u001b[39m diameters \u001b[33m=\u001b[39m options\u001b[33m.\u001b[39mmap(o \u001b[33m=>\u001b[39m o\u001b[33m.\u001b[39mdiameter)\u001b[33m.\u001b[39msort((a\u001b[33m,\u001b[39m b) \u001b[33m=>\u001b[39m a \u001b[33m-\u001b[39m b)\u001b[33m;\u001b[39m\n    \u001b[31m\u001b[1m>\u001b[22m\u001b[39m\u001b[90m 163 |\u001b[39m       expect(diameters)\u001b[33m.\u001b[39mtoEqual([\u001b[35m19\u001b[39m\u001b[33m,\u001b[39m \u001b[35m20\u001b[39m])\u001b[33m;\u001b[39m\n     \u001b[90m     |\u001b[39m                         \u001b[31m\u001b[1m^\u001b[22m\u001b[39m\n     \u001b[90m 164 |\u001b[39m     })\u001b[33m;\u001b[39m\n     \u001b[90m 165 |\u001b[39m   })\u001b[33m;\u001b[39m\n     \u001b[90m 166 |\u001b[39m\u001b[0m\n\n      at Object.<anonymous> (src/lib/fitment-db/staggeredFitment.test.ts:163:25)\n","name":"F:\\clawd\\wt-release\\src\\lib\\fitment-db\\staggeredFitment.test.ts","startTime":1789842076876,"status":"failed","summary":""},{"assertionResults":[{"ancestorTitles":["Canonical Resolver - Wheel-Size Trim Mapping Integration","1. Exact modificationId match (highest priority)"],"duration":6,"failing":false,"failureDetails":[{}],"failureMessages":["TypeError: (0 , modelAliases_1.extractBmwModelAndTrim) is not a function\n    at resolveVehicleFitment (F:\\clawd\\wt-release\\src\\lib\\fitment\\canonicalResolver.ts:345:47)\n    at Object.<anonymous> (F:\\clawd\\wt-release\\src\\lib\\fitment\\__tests__\\canonicalResolver.test.ts:130:49)\n    at Promise.finally.completed (F:\\clawd\\wt-release\\node_modules\\jest-circus\\build\\jestAdapterInit.js:1557:28)\n    at new Promise (<anonymous>)\n    at callAsyncCircusFn (F:\\clawd\\wt-release\\node_modules\\jest-circus\\build\\jestAdapterInit.js:1497:10)\n    at _callCircusTest (F:\\clawd\\wt-release\\node_modules\\jest-circus\\build\\jestAdapterInit.js:1007:40)\n    at processTicksAndRejections (node:internal/process/task_queues:104:5)\n    at _runTest (F:\\clawd\\wt-release\\node_modules\\jest-circus\\build\\jestAdapterInit.js:947:3)\n    at F:\\clawd\\wt-release\\node_modules\\jest-circus\\build\\jestAdapterInit.js:849:7\n    at _runTestsForDescribeBlock (F:\\clawd\\wt-release\\node_modules\\jest-circus\\build\\jestAdapterInit.js:862:11)\n    at _runTestsForDescribeBlock (F:\\clawd\\wt-release\\node_modules\\jest-circus\\build\\jestAdapterInit.js:857:11)\n    at _runTestsForDescribeBlock (F:\\clawd\\wt-release\\node_modules\\jest-circus\\build\\jestAdapterInit.js:857:11)\n    at run (F:\\clawd\\wt-release\\node_modules\\jest-circus\\build\\jestAdapterInit.js:761:3)\n    at runAndTransformResultsToJestFormat (F:\\clawd\\wt-release\\node_modules\\jest-circus\\build\\jestAdapterInit.js:1918:21)\n    at jestAdapter (F:\\clawd\\wt-release\\node_modules\\jest-circus\\build\\runner.js:101:19)\n    at runTestInternal (F:\\clawd\\wt-release\\node_modules\\jest-runner\\build\\testWorker.js:275:16)\n    at runTest (F:\\clawd\\wt-release\\node_modules\\jest-runner\\build\\testWorker.js:343:7)\n    at Object.worker (F:\\clawd\\wt-release\\node_modules\\jest-runner\\build\\testWorker.js:497:12)"],"fullName":"Canonical Resolver - Wheel-Size Trim Mapping Integration 1. Exact modificationId match (highest priority) Exact modificationId beats everything, including approved trim mapping","invocations":1,"location":null,"numPassingAsserts":0,"retryReasons":[],"startAt":1789842076821,"status":"failed","title":"Exact modificationId beats everything, including approved trim mapping"},{"ancestorTitles":["Canonical Resolver - Wheel-Size Trim Mapping Integration","1. Exact modificationId match (highest priority)"],"duration":2,"failing":false,"failureDetails":[{}],"failureMessages":["TypeError: (0 , modelAliases_1.extractBmwModelAndTrim) is not a function\n    at resolveVehicleFitment (F:\\clawd\\wt-release\\src\\lib\\fitment\\canonicalResolver.ts:345:47)\n    at Object.<anonymous> (F:\\clawd\\wt-release\\src\\lib\\fitment\\__tests__\\canonicalResolver.test.ts:158:49)\n    at Promise.finally.completed (F:\\clawd\\wt-release\\node_modules\\jest-circus\\build\\jestAdapterInit.js:1557:28)\n    at new Promise (<anonymous>)\n    at callAsyncCircusFn (F:\\clawd\\wt-release\\node_modules\\jest-circus\\build\\jestAdapterInit.js:1497:10)\n    at _callCircusTest (F:\\clawd\\wt-release\\node_modules\\jest-circus\\build\\jestAdapterInit.js:1007:40)\n    at processTicksAndRejections (node:internal/process/task_queues:104:5)\n    at _runTest (F:\\clawd\\wt-release\\node_modules\\jest-circus\\build\\jestAdapterInit.js:947:3)\n    at F:\\clawd\\wt-release\\node_modules\\jest-circus\\build\\jestAdapterInit.js:849:7\n    at _runTestsForDescribeBlock (F:\\clawd\\wt-release\\node_modules\\jest-circus\\build\\jestAdapterInit.js:862:11)\n    at _runTestsForDescribeBlock (F:\\clawd\\wt-release\\node_modules\\jest-circus\\build\\jestAdapterInit.js:857:11)\n    at _runTestsForDescribeBlock (F:\\clawd\\wt-release\\node_modules\\jest-circus\\build\\jestAdapterInit.js:857:11)\n    at run (F:\\clawd\\wt-release\\node_modules\\jest-circus\\build\\jestAdapterInit.js:761:3)\n    at runAndTransformResultsToJestFormat (F:\\clawd\\wt-release\\node_modules\\jest-circus\\build\\jestAdapterInit.js:1918:21)\n    at jestAdapter (F:\\clawd\\wt-release\\node_modules\\jest-circus\\build\\runner.js:101:19)\n    at runTestInternal (F:\\clawd\\wt-release\\node_modules\\jest-runner\\build\\testWorker.js:275:16)\n    at runTest (F:\\clawd\\wt-release\\node_modules\\jest-runner\\build\\testWorker.js:343:7)\n    at Object.worker (F:\\clawd\\wt-release\\node_modules\\jest-runner\\build\\testWorker.js:497:12)"],"fullName":"Canonical Resolver - Wheel-Size Trim Mapping Integration 1. Exact modificationId match (highest priority) Grouped record with exact modificationId resolves to atomic trim","invocations":1,"location":null,"numPassingAsserts":0,"retryReasons":[],"startAt":1789842076896,"status":"failed","title":"Grouped record with exact modificationId resolves to atomic trim"},{"ancestorTitles":["Canonical Resolver - Wheel-Size Trim Mapping Integration","2. Approved trim mapping beats grouped fallback"],"duration":3,"failing":false,"failureDetails":[{}],"failureMessages":["TypeError: (0 , modelAliases_1.extractBmwModelAndTrim) is not a function\n    at resolveVehicleFitment (F:\\clawd\\wt-release\\src\\lib\\fitment\\canonicalResolver.ts:345:47)\n    at Object.<anonymous> (F:\\clawd\\wt-release\\src\\lib\\fitment\\__tests__\\canonicalResolver.test.ts:208:49)\n    at Promise.finally.completed (F:\\clawd\\wt-release\\node_modules\\jest-circus\\build\\jestAdapterInit.js:1557:28)\n    at new Promise (<anonymous>)\n    at callAsyncCircusFn (F:\\clawd\\wt-release\\node_modules\\jest-circus\\build\\jestAdapterInit.js:1497:10)\n    at _callCircusTest (F:\\clawd\\wt-release\\node_modules\\jest-circus\\build\\jestAdapterInit.js:1007:40)\n    at processTicksAndRejections (node:internal/process/task_queues:104:5)\n    at _runTest (F:\\clawd\\wt-release\\node_modules\\jest-circus\\build\\jestAdapterInit.js:947:3)\n    at F:\\clawd\\wt-release\\node_modules\\jest-circus\\build\\jestAdapterInit.js:849:7\n    at _runTestsForDescribeBlock (F:\\clawd\\wt-release\\node_modules\\jest-circus\\build\\jestAdapterInit.js:862:11)\n    at _runTestsForDescribeBlock (F:\\clawd\\wt-release\\node_modules\\jest-circus\\build\\jestAdapterInit.js:857:11)\n    at _runTestsForDescribeBlock (F:\\clawd\\wt-release\\node_modules\\jest-circus\\build\\jestAdapterInit.js:857:11)\n    at run (F:\\clawd\\wt-release\\node_modules\\jest-circus\\build\\jestAdapterInit.js:761:3)\n    at runAndTransformResultsToJestFormat (F:\\clawd\\wt-release\\node_modules\\jest-circus\\build\\jestAdapterInit.js:1918:21)\n    at jestAdapter (F:\\clawd\\wt-release\\node_modules\\jest-circus\\build\\runner.js:101:19)\n    at runTestInternal (F:\\clawd\\wt-release\\node_modules\\jest-runner\\build\\testWorker.js:275:16)\n    at runTest (F:\\clawd\\wt-release\\node_modules\\jest-runner\\build\\testWorker.js:343:7)\n    at Object.worker (F:\\clawd\\wt-release\\node_modules\\jest-runner\\build\\testWorker.js:497:12)"],"fullName":"Canonical Resolver - Wheel-Size Trim Mapping Integration 2. Approved trim mapping beats grouped fallback Approved high-confidence mapping is used","invocations":1,"location":null,"numPassingAsserts":0,"retryReasons":[],"startAt":1789842076898,"status":"failed","title":"Approved high-confidence mapping is used"},{"ancestorTitles":["Canonical Resolver - Wheel-Size Trim Mapping Integration","2. Approved trim mapping beats grouped fallback"],"duration":3,"failing":false,"failureDetails":[{}],"failureMessages":["TypeError: (0 , modelAliases_1.extractBmwModelAndTrim) is not a function\n    at resolveVehicleFitment (F:\\clawd\\wt-release\\src\\lib\\fitment\\canonicalResolver.ts:345:47)\n    at Object.<anonymous> (F:\\clawd\\wt-release\\src\\lib\\fitment\\__tests__\\canonicalResolver.test.ts:253:49)\n    at Promise.finally.completed (F:\\clawd\\wt-release\\node_modules\\jest-circus\\build\\jestAdapterInit.js:1557:28)\n    at new Promise (<anonymous>)\n    at callAsyncCircusFn (F:\\clawd\\wt-release\\node_modules\\jest-circus\\build\\jestAdapterInit.js:1497:10)\n    at _callCircusTest (F:\\clawd\\wt-release\\node_modules\\jest-circus\\build\\jestAdapterInit.js:1007:40)\n    at processTicksAndRejections (node:internal/process/task_queues:104:5)\n    at _runTest (F:\\clawd\\wt-release\\node_modules\\jest-circus\\build\\jestAdapterInit.js:947:3)\n    at F:\\clawd\\wt-release\\node_modules\\jest-circus\\build\\jestAdapterInit.js:849:7\n    at _runTestsForDescribeBlock (F:\\clawd\\wt-release\\node_modules\\jest-circus\\build\\jestAdapterInit.js:862:11)\n    at _runTestsForDescribeBlock (F:\\clawd\\wt-release\\node_modules\\jest-circus\\build\\jestAdapterInit.js:857:11)\n    at _runTestsForDescribeBlock (F:\\clawd\\wt-release\\node_modules\\jest-circus\\build\\jestAdapterInit.js:857:11)\n    at run (F:\\clawd\\wt-release\\node_modules\\jest-circus\\build\\jestAdapterInit.js:761:3)\n    at runAndTransformResultsToJestFormat (F:\\clawd\\wt-release\\node_modules\\jest-circus\\build\\jestAdapterInit.js:1918:21)\n    at jestAdapter (F:\\clawd\\wt-release\\node_modules\\jest-circus\\build\\runner.js:101:19)\n    at runTestInternal (F:\\clawd\\wt-release\\node_modules\\jest-runner\\build\\testWorker.js:275:16)\n    at runTest (F:\\clawd\\wt-release\\node_modules\\jest-runner\\build\\testWorker.js:343:7)\n    at Object.worker (F:\\clawd\\wt-release\\node_modules\\jest-runner\\build\\testWorker.js:497:12)"],"fullName":"Canonical Resolver - Wheel-Size Trim Mapping Integration 2. Approved trim mapping beats grouped fallback Approved medium-confidence mapping is used","invocations":1,"location":null,"numPassingAsserts":0,"retryReasons":[],"startAt":1789842076902,"status":"failed","title":"Approved medium-confidence mapping is used"},{"ancestorTitles":["Canonical Resolver - Wheel-Size Trim Mapping Integration","2. Approved trim mapping beats grouped fallback"],"duration":2,"failing":false,"failureDetails":[{}],"failureMessages":["TypeError: (0 , modelAliases_1.extractBmwModelAndTrim) is not a function\n    at resolveVehicleFitment (F:\\clawd\\wt-release\\src\\lib\\fitment\\canonicalResolver.ts:345:47)\n    at Object.<anonymous> (F:\\clawd\\wt-release\\src\\lib\\fitment\\__tests__\\canonicalResolver.test.ts:288:49)\n    at Promise.finally.completed (F:\\clawd\\wt-release\\node_modules\\jest-circus\\build\\jestAdapterInit.js:1557:28)\n    at new Promise (<anonymous>)\n    at callAsyncCircusFn (F:\\clawd\\wt-release\\node_modules\\jest-circus\\build\\jestAdapterInit.js:1497:10)\n    at _callCircusTest (F:\\clawd\\wt-release\\node_modules\\jest-circus\\build\\jestAdapterInit.js:1007:40)\n    at processTicksAndRejections (node:internal/process/task_queues:104:5)\n    at _runTest (F:\\clawd\\wt-release\\node_modules\\jest-circus\\build\\jestAdapterInit.js:947:3)\n    at F:\\clawd\\wt-release\\node_modules\\jest-circus\\build\\jestAdapterInit.js:849:7\n    at _runTestsForDescribeBlock (F:\\clawd\\wt-release\\node_modules\\jest-circus\\build\\jestAdapterInit.js:862:11)\n    at _runTestsForDescribeBlock (F:\\clawd\\wt-release\\node_modules\\jest-circus\\build\\jestAdapterInit.js:857:11)\n    at _runTestsForDescribeBlock (F:\\clawd\\wt-release\\node_modules\\jest-circus\\build\\jestAdapterInit.js:857:11)\n    at run (F:\\clawd\\wt-release\\node_modules\\jest-circus\\build\\jestAdapterInit.js:761:3)\n    at runAndTransformResultsToJestFormat (F:\\clawd\\wt-release\\node_modules\\jest-circus\\build\\jestAdapterInit.js:1918:21)\n    at jestAdapter (F:\\clawd\\wt-release\\node_modules\\jest-circus\\build\\runner.js:101:19)\n    at runTestInternal (F:\\clawd\\wt-release\\node_modules\\jest-runner\\build\\testWorker.js:275:16)\n    at runTest (F:\\clawd\\wt-release\\node_modules\\jest-runner\\build\\testWorker.js:343:7)\n    at Object.worker (F:\\clawd\\wt-release\\node_modules\\jest-runner\\build\\testWorker.js:497:12)"],"fullName":"Canonical Resolver - Wheel-Size Trim Mapping Integration 2. Approved trim mapping beats grouped fallback Debug metadata includes trim mapping info","invocations":1,"location":null,"numPassingAsserts":0,"retryReasons":[],"startAt":1789842076907,"status":"failed","title":"Debug metadata includes trim mapping info"},{"ancestorTitles":["Canonical Resolver - Wheel-Size Trim Mapping Integration","3. No mapping keeps old behavior"],"duration":2,"failing":false,"failureDetails":[{}],"failureMessages":["TypeError: (0 , modelAliases_1.extractBmwModelAndTrim) is not a function\n    at resolveVehicleFitment (F:\\clawd\\wt-release\\src\\lib\\fitment\\canonicalResolver.ts:345:47)\n    at Object.<anonymous> (F:\\clawd\\wt-release\\src\\lib\\fitment\\__tests__\\canonicalResolver.test.ts:330:49)\n    at Promise.finally.completed (F:\\clawd\\wt-release\\node_modules\\jest-circus\\build\\jestAdapterInit.js:1557:28)\n    at new Promise (<anonymous>)\n    at callAsyncCircusFn (F:\\clawd\\wt-release\\node_modules\\jest-circus\\build\\jestAdapterInit.js:1497:10)\n    at _callCircusTest (F:\\clawd\\wt-release\\node_modules\\jest-circus\\build\\jestAdapterInit.js:1007:40)\n    at processTicksAndRejections (node:internal/process/task_queues:104:5)\n    at _runTest (F:\\clawd\\wt-release\\node_modules\\jest-circus\\build\\jestAdapterInit.js:947:3)\n    at F:\\clawd\\wt-release\\node_modules\\jest-circus\\build\\jestAdapterInit.js:849:7\n    at _runTestsForDescribeBlock (F:\\clawd\\wt-release\\node_modules\\jest-circus\\build\\jestAdapterInit.js:862:11)\n    at _runTestsForDescribeBlock (F:\\clawd\\wt-release\\node_modules\\jest-circus\\build\\jestAdapterInit.js:857:11)\n    at _runTestsForDescribeBlock (F:\\clawd\\wt-release\\node_modules\\jest-circus\\build\\jestAdapterInit.js:857:11)\n    at run (F:\\clawd\\wt-release\\node_modules\\jest-circus\\build\\jestAdapterInit.js:761:3)\n    at runAndTransformResultsToJestFormat (F:\\clawd\\wt-release\\node_modules\\jest-circus\\build\\jestAdapterInit.js:1918:21)\n    at jestAdapter (F:\\clawd\\wt-release\\node_modules\\jest-circus\\build\\runner.js:101:19)\n    at runTestInternal (F:\\clawd\\wt-release\\node_modules\\jest-runner\\build\\testWorker.js:275:16)\n    at runTest (F:\\clawd\\wt-release\\node_modules\\jest-runner\\build\\testWorker.js:343:7)\n    at Object.worker (F:\\clawd\\wt-release\\node_modules\\jest-runner\\build\\testWorker.js:497:12)"],"fullName":"Canonical Resolver - Wheel-Size Trim Mapping Integration 3. No mapping keeps old behavior Falls through to exact canonical trim match when no mapping exists","invocations":1,"location":null,"numPassingAsserts":0,"retryReasons":[],"startAt":1789842076909,"status":"failed","title":"Falls through to exact canonical trim match when no mapping exists"},{"ancestorTitles":["Canonical Resolver - Wheel-Size Trim Mapping Integration","3. No mapping keeps old behavior"],"duration":2,"failing":false,"failureDetails":[{}],"failureMessages":["TypeError: (0 , modelAliases_1.extractBmwModelAndTrim) is not a function\n    at resolveVehicleFitment (F:\\clawd\\wt-release\\src\\lib\\fitment\\canonicalResolver.ts:345:47)\n    at Object.<anonymous> (F:\\clawd\\wt-release\\src\\lib\\fitment\\__tests__\\canonicalResolver.test.ts:358:49)\n    at Promise.finally.completed (F:\\clawd\\wt-release\\node_modules\\jest-circus\\build\\jestAdapterInit.js:1557:28)\n    at new Promise (<anonymous>)\n    at callAsyncCircusFn (F:\\clawd\\wt-release\\node_modules\\jest-circus\\build\\jestAdapterInit.js:1497:10)\n    at _callCircusTest (F:\\clawd\\wt-release\\node_modules\\jest-circus\\build\\jestAdapterInit.js:1007:40)\n    at processTicksAndRejections (node:internal/process/task_queues:104:5)\n    at _runTest (F:\\clawd\\wt-release\\node_modules\\jest-circus\\build\\jestAdapterInit.js:947:3)\n    at F:\\clawd\\wt-release\\node_modules\\jest-circus\\build\\jestAdapterInit.js:849:7\n    at _runTestsForDescribeBlock (F:\\clawd\\wt-release\\node_modules\\jest-circus\\build\\jestAdapterInit.js:862:11)\n    at _runTestsForDescribeBlock (F:\\clawd\\wt-release\\node_modules\\jest-circus\\build\\jestAdapterInit.js:857:11)\n    at _runTestsForDescribeBlock (F:\\clawd\\wt-release\\node_modules\\jest-circus\\build\\jestAdapterInit.js:857:11)\n    at run (F:\\clawd\\wt-release\\node_modules\\jest-circus\\build\\jestAdapterInit.js:761:3)\n    at runAndTransformResultsToJestFormat (F:\\clawd\\wt-release\\node_modules\\jest-circus\\build\\jestAdapterInit.js:1918:21)\n    at jestAdapter (F:\\clawd\\wt-release\\node_modules\\jest-circus\\build\\runner.js:101:19)\n    at runTestInternal (F:\\clawd\\wt-release\\node_modules\\jest-runner\\build\\testWorker.js:275:16)\n    at runTest (F:\\clawd\\wt-release\\node_modules\\jest-runner\\build\\testWorker.js:343:7)\n    at Object.worker (F:\\clawd\\wt-release\\node_modules\\jest-runner\\build\\testWorker.js:497:12)"],"fullName":"Canonical Resolver - Wheel-Size Trim Mapping Integration 3. No mapping keeps old behavior trimMapping.found is false when no mapping exists","invocations":1,"location":null,"numPassingAsserts":0,"retryReasons":[],"startAt":1789842076911,"status":"failed","title":"trimMapping.found is false when no mapping exists"},{"ancestorTitles":["Canonical Resolver - Wheel-Size Trim Mapping Integration","4. Rejected/pending mappings are ignored"],"duration":1,"failing":false,"failureDetails":[{}],"failureMessages":["TypeError: (0 , modelAliases_1.extractBmwModelAndTrim) is not a function\n    at resolveVehicleFitment (F:\\clawd\\wt-release\\src\\lib\\fitment\\canonicalResolver.ts:345:47)\n    at Object.<anonymous> (F:\\clawd\\wt-release\\src\\lib\\fitment\\__tests__\\canonicalResolver.test.ts:406:49)\n    at Promise.finally.completed (F:\\clawd\\wt-release\\node_modules\\jest-circus\\build\\jestAdapterInit.js:1557:28)\n    at new Promise (<anonymous>)\n    at callAsyncCircusFn (F:\\clawd\\wt-release\\node_modules\\jest-circus\\build\\jestAdapterInit.js:1497:10)\n    at _callCircusTest (F:\\clawd\\wt-release\\node_modules\\jest-circus\\build\\jestAdapterInit.js:1007:40)\n    at processTicksAndRejections (node:internal/process/task_queues:104:5)\n    at _runTest (F:\\clawd\\wt-release\\node_modules\\jest-circus\\build\\jestAdapterInit.js:947:3)\n    at F:\\clawd\\wt-release\\node_modules\\jest-circus\\build\\jestAdapterInit.js:849:7\n    at _runTestsForDescribeBlock (F:\\clawd\\wt-release\\node_modules\\jest-circus\\build\\jestAdapterInit.js:862:11)\n    at _runTestsForDescribeBlock (F:\\clawd\\wt-release\\node_modules\\jest-circus\\build\\jestAdapterInit.js:857:11)\n    at _runTestsForDescribeBlock (F:\\clawd\\wt-release\\node_modules\\jest-circus\\build\\jestAdapterInit.js:857:11)\n    at run (F:\\clawd\\wt-release\\node_modules\\jest-circus\\build\\jestAdapterInit.js:761:3)\n    at runAndTransformResultsToJestFormat (F:\\clawd\\wt-release\\node_modules\\jest-circus\\build\\jestAdapterInit.js:1918:21)\n    at jestAdapter (F:\\clawd\\wt-release\\node_modules\\jest-circus\\build\\runner.js:101:19)\n    at runTestInternal (F:\\clawd\\wt-release\\node_modules\\jest-runner\\build\\testWorker.js:275:16)\n    at runTest (F:\\clawd\\wt-release\\node_modules\\jest-runner\\build\\testWorker.js:343:7)\n    at Object.worker (F:\\clawd\\wt-release\\node_modules\\jest-runner\\build\\testWorker.js:497:12)"],"fullName":"Canonical Resolver - Wheel-Size Trim Mapping Integration 4. Rejected/pending mappings are ignored Pending mapping is ignored - falls through to other resolution","invocations":1,"location":null,"numPassingAsserts":0,"retryReasons":[],"startAt":1789842076914,"status":"failed","title":"Pending mapping is ignored - falls through to other resolution"},{"ancestorTitles":["Canonical Resolver - Wheel-Size Trim Mapping Integration","4. Rejected/pending mappings are ignored"],"duration":1,"failing":false,"failureDetails":[{}],"failureMessages":["TypeError: (0 , modelAliases_1.extractBmwModelAndTrim) is not a function\n    at resolveVehicleFitment (F:\\clawd\\wt-release\\src\\lib\\fitment\\canonicalResolver.ts:345:47)\n    at Object.<anonymous> (F:\\clawd\\wt-release\\src\\lib\\fitment\\__tests__\\canonicalResolver.test.ts:449:49)\n    at Promise.finally.completed (F:\\clawd\\wt-release\\node_modules\\jest-circus\\build\\jestAdapterInit.js:1557:28)\n    at new Promise (<anonymous>)\n    at callAsyncCircusFn (F:\\clawd\\wt-release\\node_modules\\jest-circus\\build\\jestAdapterInit.js:1497:10)\n    at _callCircusTest (F:\\clawd\\wt-release\\node_modules\\jest-circus\\build\\jestAdapterInit.js:1007:40)\n    at processTicksAndRejections (node:internal/process/task_queues:104:5)\n    at _runTest (F:\\clawd\\wt-release\\node_modules\\jest-circus\\build\\jestAdapterInit.js:947:3)\n    at F:\\clawd\\wt-release\\node_modules\\jest-circus\\build\\jestAdapterInit.js:849:7\n    at _runTestsForDescribeBlock (F:\\clawd\\wt-release\\node_modules\\jest-circus\\build\\jestAdapterInit.js:862:11)\n    at _runTestsForDescribeBlock (F:\\clawd\\wt-release\\node_modules\\jest-circus\\build\\jestAdapterInit.js:857:11)\n    at _runTestsForDescribeBlock (F:\\clawd\\wt-release\\node_modules\\jest-circus\\build\\jestAdapterInit.js:857:11)\n    at run (F:\\clawd\\wt-release\\node_modules\\jest-circus\\build\\jestAdapterInit.js:761:3)\n    at runAndTransformResultsToJestFormat (F:\\clawd\\wt-release\\node_modules\\jest-circus\\build\\jestAdapterInit.js:1918:21)\n    at jestAdapter (F:\\clawd\\wt-release\\node_modules\\jest-circus\\build\\runner.js:101:19)\n    at runTestInternal (F:\\clawd\\wt-release\\node_modules\\jest-runner\\build\\testWorker.js:275:16)\n    at runTest (F:\\clawd\\wt-release\\node_modules\\jest-runner\\build\\testWorker.js:343:7)\n    at Object.worker (F:\\clawd\\wt-release\\node_modules\\jest-runner\\build\\testWorker.js:497:12)"],"fullName":"Canonical Resolver - Wheel-Size Trim Mapping Integration 4. Rejected/pending mappings are ignored Rejected mapping is ignored","invocations":1,"location":null,"numPassingAsserts":0,"retryReasons":[],"startAt":1789842076915,"status":"failed","title":"Rejected mapping is ignored"},{"ancestorTitles":["Canonical Resolver - Wheel-Size Trim Mapping Integration","4. Rejected/pending mappings are ignored"],"duration":1,"failing":false,"failureDetails":[{}],"failureMessages":["TypeError: (0 , modelAliases_1.extractBmwModelAndTrim) is not a function\n    at resolveVehicleFitment (F:\\clawd\\wt-release\\src\\lib\\fitment\\canonicalResolver.ts:345:47)\n    at Object.<anonymous> (F:\\clawd\\wt-release\\src\\lib\\fitment\\__tests__\\canonicalResolver.test.ts:490:49)\n    at Promise.finally.completed (F:\\clawd\\wt-release\\node_modules\\jest-circus\\build\\jestAdapterInit.js:1557:28)\n    at new Promise (<anonymous>)\n    at callAsyncCircusFn (F:\\clawd\\wt-release\\node_modules\\jest-circus\\build\\jestAdapterInit.js:1497:10)\n    at _callCircusTest (F:\\clawd\\wt-release\\node_modules\\jest-circus\\build\\jestAdapterInit.js:1007:40)\n    at processTicksAndRejections (node:internal/process/task_queues:104:5)\n    at _runTest (F:\\clawd\\wt-release\\node_modules\\jest-circus\\build\\jestAdapterInit.js:947:3)\n    at F:\\clawd\\wt-release\\node_modules\\jest-circus\\build\\jestAdapterInit.js:849:7\n    at _runTestsForDescribeBlock (F:\\clawd\\wt-release\\node_modules\\jest-circus\\build\\jestAdapterInit.js:862:11)\n    at _runTestsForDescribeBlock (F:\\clawd\\wt-release\\node_modules\\jest-circus\\build\\jestAdapterInit.js:857:11)\n    at _runTestsForDescribeBlock (F:\\clawd\\wt-release\\node_modules\\jest-circus\\build\\jestAdapterInit.js:857:11)\n    at run (F:\\clawd\\wt-release\\node_modules\\jest-circus\\build\\jestAdapterInit.js:761:3)\n    at runAndTransformResultsToJestFormat (F:\\clawd\\wt-release\\node_modules\\jest-circus\\build\\jestAdapterInit.js:1918:21)\n    at jestAdapter (F:\\clawd\\wt-release\\node_modules\\jest-circus\\build\\runner.js:101:19)\n    at runTestInternal (F:\\clawd\\wt-release\\node_modules\\jest-runner\\build\\testWorker.js:275:16)\n    at runTest (F:\\clawd\\wt-release\\node_modules\\jest-runner\\build\\testWorker.js:343:7)\n    at Object.worker (F:\\clawd\\wt-release\\node_modules\\jest-runner\\build\\testWorker.js:497:12)"],"fullName":"Canonical Resolver - Wheel-Size Trim Mapping Integration 4. Rejected/pending mappings are ignored Low confidence mapping is ignored even if approved","invocations":1,"location":null,"numPassingAsserts":0,"retryReasons":[],"startAt":1789842076918,"status":"failed","title":"Low confidence mapping is ignored even if approved"},{"ancestorTitles":["Canonical Resolver - Wheel-Size Trim Mapping Integration","5. showSizeChooser=false suppresses unnecessary chooser"],"duration":2,"failing":false,"failureDetails":[{}],"failureMessages":["TypeError: (0 , modelAliases_1.extractBmwModelAndTrim) is not a function\n    at resolveVehicleFitment (F:\\clawd\\wt-release\\src\\lib\\fitment\\canonicalResolver.ts:345:47)\n    at Object.<anonymous> (F:\\clawd\\wt-release\\src\\lib\\fitment\\__tests__\\canonicalResolver.test.ts:534:49)\n    at Promise.finally.completed (F:\\clawd\\wt-release\\node_modules\\jest-circus\\build\\jestAdapterInit.js:1557:28)\n    at new Promise (<anonymous>)\n    at callAsyncCircusFn (F:\\clawd\\wt-release\\node_modules\\jest-circus\\build\\jestAdapterInit.js:1497:10)\n    at _callCircusTest (F:\\clawd\\wt-release\\node_modules\\jest-circus\\build\\jestAdapterInit.js:1007:40)\n    at processTicksAndRejections (node:internal/process/task_queues:104:5)\n    at _runTest (F:\\clawd\\wt-release\\node_modules\\jest-circus\\build\\jestAdapterInit.js:947:3)\n    at F:\\clawd\\wt-release\\node_modules\\jest-circus\\build\\jestAdapterInit.js:849:7\n    at _runTestsForDescribeBlock (F:\\clawd\\wt-release\\node_modules\\jest-circus\\build\\jestAdapterInit.js:862:11)\n    at _runTestsForDescribeBlock (F:\\clawd\\wt-release\\node_modules\\jest-circus\\build\\jestAdapterInit.js:857:11)\n    at _runTestsForDescribeBlock (F:\\clawd\\wt-release\\node_modules\\jest-circus\\build\\jestAdapterInit.js:857:11)\n    at run (F:\\clawd\\wt-release\\node_modules\\jest-circus\\build\\jestAdapterInit.js:761:3)\n    at runAndTransformResultsToJestFormat (F:\\clawd\\wt-release\\node_modules\\jest-circus\\build\\jestAdapterInit.js:1918:21)\n    at jestAdapter (F:\\clawd\\wt-release\\node_modules\\jest-circus\\build\\runner.js:101:19)\n    at runTestInternal (F:\\clawd\\wt-release\\node_modules\\jest-runner\\build\\testWorker.js:275:16)\n    at runTest (F:\\clawd\\wt-release\\node_modules\\jest-runner\\build\\testWorker.js:343:7)\n    at Object.worker (F:\\clawd\\wt-release\\node_modules\\jest-runner\\build\\testWorker.js:497:12)"],"fullName":"Canonical Resolver - Wheel-Size Trim Mapping Integration 5. showSizeChooser=false suppresses unnecessary chooser Single config trim has showSizeChooser=false","invocations":1,"location":null,"numPassingAsserts":0,"retryReasons":[],"startAt":1789842076921,"status":"failed","title":"Single config trim has showSizeChooser=false"},{"ancestorTitles":["Canonical Resolver - Wheel-Size Trim Mapping Integration","5. showSizeChooser=false suppresses unnecessary chooser"],"duration":1,"failing":false,"failureDetails":[{}],"failureMessages":["TypeError: (0 , modelAliases_1.extractBmwModelAndTrim) is not a function\n    at resolveVehicleFitment (F:\\clawd\\wt-release\\src\\lib\\fitment\\canonicalResolver.ts:345:47)\n    at Object.<anonymous> (F:\\clawd\\wt-release\\src\\lib\\fitment\\__tests__\\canonicalResolver.test.ts:577:49)\n    at Promise.finally.completed (F:\\clawd\\wt-release\\node_modules\\jest-circus\\build\\jestAdapterInit.js:1557:28)\n    at new Promise (<anonymous>)\n    at callAsyncCircusFn (F:\\clawd\\wt-release\\node_modules\\jest-circus\\build\\jestAdapterInit.js:1497:10)\n    at _callCircusTest (F:\\clawd\\wt-release\\node_modules\\jest-circus\\build\\jestAdapterInit.js:1007:40)\n    at processTicksAndRejections (node:internal/process/task_queues:104:5)\n    at _runTest (F:\\clawd\\wt-release\\node_modules\\jest-circus\\build\\jestAdapterInit.js:947:3)\n    at F:\\clawd\\wt-release\\node_modules\\jest-circus\\build\\jestAdapterInit.js:849:7\n    at _runTestsForDescribeBlock (F:\\clawd\\wt-release\\node_modules\\jest-circus\\build\\jestAdapterInit.js:862:11)\n    at _runTestsForDescribeBlock (F:\\clawd\\wt-release\\node_modules\\jest-circus\\build\\jestAdapterInit.js:857:11)\n    at _runTestsForDescribeBlock (F:\\clawd\\wt-release\\node_modules\\jest-circus\\build\\jestAdapterInit.js:857:11)\n    at run (F:\\clawd\\wt-release\\node_modules\\jest-circus\\build\\jestAdapterInit.js:761:3)\n    at runAndTransformResultsToJestFormat (F:\\clawd\\wt-release\\node_modules\\jest-circus\\build\\jestAdapterInit.js:1918:21)\n    at jestAdapter (F:\\clawd\\wt-release\\node_modules\\jest-circus\\build\\runner.js:101:19)\n    at runTestInternal (F:\\clawd\\wt-release\\node_modules\\jest-runner\\build\\testWorker.js:275:16)\n    at runTest (F:\\clawd\\wt-release\\node_modules\\jest-runner\\build\\testWorker.js:343:7)\n    at Object.worker (F:\\clawd\\wt-release\\node_modules\\jest-runner\\build\\testWorker.js:497:12)"],"fullName":"Canonical Resolver - Wheel-Size Trim Mapping Integration 5. showSizeChooser=false suppresses unnecessary chooser autoSelectedConfig contains correct wheel/tire info","invocations":1,"location":null,"numPassingAsserts":0,"retryReasons":[],"startAt":1789842076924,"status":"failed","title":"autoSelectedConfig contains correct wheel/tire info"},{"ancestorTitles":["Canonical Resolver - Wheel-Size Trim Mapping Integration","6. showSizeChooser=true returns only mapped configurations"],"duration":2,"failing":false,"failureDetails":[{}],"failureMessages":["TypeError: (0 , modelAliases_1.extractBmwModelAndTrim) is not a function\n    at resolveVehicleFitment (F:\\clawd\\wt-release\\src\\lib\\fitment\\canonicalResolver.ts:345:47)\n    at Object.<anonymous> (F:\\clawd\\wt-release\\src\\lib\\fitment\\__tests__\\canonicalResolver.test.ts:625:49)\n    at Promise.finally.completed (F:\\clawd\\wt-release\\node_modules\\jest-circus\\build\\jestAdapterInit.js:1557:28)\n    at new Promise (<anonymous>)\n    at callAsyncCircusFn (F:\\clawd\\wt-release\\node_modules\\jest-circus\\build\\jestAdapterInit.js:1497:10)\n    at _callCircusTest (F:\\clawd\\wt-release\\node_modules\\jest-circus\\build\\jestAdapterInit.js:1007:40)\n    at processTicksAndRejections (node:internal/process/task_queues:104:5)\n    at _runTest (F:\\clawd\\wt-release\\node_modules\\jest-circus\\build\\jestAdapterInit.js:947:3)\n    at F:\\clawd\\wt-release\\node_modules\\jest-circus\\build\\jestAdapterInit.js:849:7\n    at _runTestsForDescribeBlock (F:\\clawd\\wt-release\\node_modules\\jest-circus\\build\\jestAdapterInit.js:862:11)\n    at _runTestsForDescribeBlock (F:\\clawd\\wt-release\\node_modules\\jest-circus\\build\\jestAdapterInit.js:857:11)\n    at _runTestsForDescribeBlock (F:\\clawd\\wt-release\\node_modules\\jest-circus\\build\\jestAdapterInit.js:857:11)\n    at run (F:\\clawd\\wt-release\\node_modules\\jest-circus\\build\\jestAdapterInit.js:761:3)\n    at runAndTransformResultsToJestFormat (F:\\clawd\\wt-release\\node_modules\\jest-circus\\build\\jestAdapterInit.js:1918:21)\n    at jestAdapter (F:\\clawd\\wt-release\\node_modules\\jest-circus\\build\\runner.js:101:19)\n    at runTestInternal (F:\\clawd\\wt-release\\node_modules\\jest-runner\\build\\testWorker.js:275:16)\n    at runTest (F:\\clawd\\wt-release\\node_modules\\jest-runner\\build\\testWorker.js:343:7)\n    at Object.worker (F:\\clawd\\wt-release\\node_modules\\jest-runner\\build\\testWorker.js:497:12)"],"fullName":"Canonical Resolver - Wheel-Size Trim Mapping Integration 6. showSizeChooser=true returns only mapped configurations Multiple configs have showSizeChooser=true with all configs listed","invocations":1,"location":null,"numPassingAsserts":0,"retryReasons":[],"startAt":1789842076925,"status":"failed","title":"Multiple configs have showSizeChooser=true with all configs listed"},{"ancestorTitles":["Canonical Resolver - Wheel-Size Trim Mapping Integration","6. showSizeChooser=true returns only mapped configurations"],"duration":1,"failing":false,"failureDetails":[{}],"failureMessages":["TypeError: (0 , modelAliases_1.extractBmwModelAndTrim) is not a function\n    at resolveVehicleFitment (F:\\clawd\\wt-release\\src\\lib\\fitment\\canonicalResolver.ts:345:47)\n    at Object.<anonymous> (F:\\clawd\\wt-release\\src\\lib\\fitment\\__tests__\\canonicalResolver.test.ts:672:49)\n    at Promise.finally.completed (F:\\clawd\\wt-release\\node_modules\\jest-circus\\build\\jestAdapterInit.js:1557:28)\n    at new Promise (<anonymous>)\n    at callAsyncCircusFn (F:\\clawd\\wt-release\\node_modules\\jest-circus\\build\\jestAdapterInit.js:1497:10)\n    at _callCircusTest (F:\\clawd\\wt-release\\node_modules\\jest-circus\\build\\jestAdapterInit.js:1007:40)\n    at processTicksAndRejections (node:internal/process/task_queues:104:5)\n    at _runTest (F:\\clawd\\wt-release\\node_modules\\jest-circus\\build\\jestAdapterInit.js:947:3)\n    at F:\\clawd\\wt-release\\node_modules\\jest-circus\\build\\jestAdapterInit.js:849:7\n    at _runTestsForDescribeBlock (F:\\clawd\\wt-release\\node_modules\\jest-circus\\build\\jestAdapterInit.js:862:11)\n    at _runTestsForDescribeBlock (F:\\clawd\\wt-release\\node_modules\\jest-circus\\build\\jestAdapterInit.js:857:11)\n    at _runTestsForDescribeBlock (F:\\clawd\\wt-release\\node_modules\\jest-circus\\build\\jestAdapterInit.js:857:11)\n    at run (F:\\clawd\\wt-release\\node_modules\\jest-circus\\build\\jestAdapterInit.js:761:3)\n    at runAndTransformResultsToJestFormat (F:\\clawd\\wt-release\\node_modules\\jest-circus\\build\\jestAdapterInit.js:1918:21)\n    at jestAdapter (F:\\clawd\\wt-release\\node_modules\\jest-circus\\build\\runner.js:101:19)\n    at runTestInternal (F:\\clawd\\wt-release\\node_modules\\jest-runner\\build\\testWorker.js:275:16)\n    at runTest (F:\\clawd\\wt-release\\node_modules\\jest-runner\\build\\testWorker.js:343:7)\n    at Object.worker (F:\\clawd\\wt-release\\node_modules\\jest-runner\\build\\testWorker.js:497:12)"],"fullName":"Canonical Resolver - Wheel-Size Trim Mapping Integration 6. showSizeChooser=true returns only mapped configurations Chooser shows only approved configurations, not all possible sizes","invocations":1,"location":null,"numPassingAsserts":0,"retryReasons":[],"startAt":1789842076927,"status":"failed","title":"Chooser shows only approved configurations, not all possible sizes"},{"ancestorTitles":["Canonical Resolver - Wheel-Size Trim Mapping Integration","6. showSizeChooser=true returns only mapped configurations"],"duration":1,"failing":false,"failureDetails":[{}],"failureMessages":["TypeError: (0 , modelAliases_1.extractBmwModelAndTrim) is not a function\n    at resolveVehicleFitment (F:\\clawd\\wt-release\\src\\lib\\fitment\\canonicalResolver.ts:345:47)\n    at Object.<anonymous> (F:\\clawd\\wt-release\\src\\lib\\fitment\\__tests__\\canonicalResolver.test.ts:714:49)\n    at Promise.finally.completed (F:\\clawd\\wt-release\\node_modules\\jest-circus\\build\\jestAdapterInit.js:1557:28)\n    at new Promise (<anonymous>)\n    at callAsyncCircusFn (F:\\clawd\\wt-release\\node_modules\\jest-circus\\build\\jestAdapterInit.js:1497:10)\n    at _callCircusTest (F:\\clawd\\wt-release\\node_modules\\jest-circus\\build\\jestAdapterInit.js:1007:40)\n    at processTicksAndRejections (node:internal/process/task_queues:104:5)\n    at _runTest (F:\\clawd\\wt-release\\node_modules\\jest-circus\\build\\jestAdapterInit.js:947:3)\n    at F:\\clawd\\wt-release\\node_modules\\jest-circus\\build\\jestAdapterInit.js:849:7\n    at _runTestsForDescribeBlock (F:\\clawd\\wt-release\\node_modules\\jest-circus\\build\\jestAdapterInit.js:862:11)\n    at _runTestsForDescribeBlock (F:\\clawd\\wt-release\\node_modules\\jest-circus\\build\\jestAdapterInit.js:857:11)\n    at _runTestsForDescribeBlock (F:\\clawd\\wt-release\\node_modules\\jest-circus\\build\\jestAdapterInit.js:857:11)\n    at run (F:\\clawd\\wt-release\\node_modules\\jest-circus\\build\\jestAdapterInit.js:761:3)\n    at runAndTransformResultsToJestFormat (F:\\clawd\\wt-release\\node_modules\\jest-circus\\build\\jestAdapterInit.js:1918:21)\n    at jestAdapter (F:\\clawd\\wt-release\\node_modules\\jest-circus\\build\\runner.js:101:19)\n    at runTestInternal (F:\\clawd\\wt-release\\node_modules\\jest-runner\\build\\testWorker.js:275:16)\n    at runTest (F:\\clawd\\wt-release\\node_modules\\jest-runner\\build\\testWorker.js:343:7)\n    at Object.worker (F:\\clawd\\wt-release\\node_modules\\jest-runner\\build\\testWorker.js:497:12)"],"fullName":"Canonical Resolver - Wheel-Size Trim Mapping Integration 6. showSizeChooser=true returns only mapped configurations autoSelectConfig is the default configuration","invocations":1,"location":null,"numPassingAsserts":0,"retryReasons":[],"startAt":1789842076929,"status":"failed","title":"autoSelectConfig is the default configuration"},{"ancestorTitles":["Canonical Resolver - Wheel-Size Trim Mapping Integration","Edge cases"],"duration":1,"failing":false,"failureDetails":[{}],"failureMessages":["TypeError: (0 , modelAliases_1.extractBmwModelAndTrim) is not a function\n    at resolveVehicleFitment (F:\\clawd\\wt-release\\src\\lib\\fitment\\canonicalResolver.ts:345:47)\n    at Object.<anonymous> (F:\\clawd\\wt-release\\src\\lib\\fitment\\__tests__\\canonicalResolver.test.ts:743:49)\n    at Promise.finally.completed (F:\\clawd\\wt-release\\node_modules\\jest-circus\\build\\jestAdapterInit.js:1557:28)\n    at new Promise (<anonymous>)\n    at callAsyncCircusFn (F:\\clawd\\wt-release\\node_modules\\jest-circus\\build\\jestAdapterInit.js:1497:10)\n    at _callCircusTest (F:\\clawd\\wt-release\\node_modules\\jest-circus\\build\\jestAdapterInit.js:1007:40)\n    at processTicksAndRejections (node:internal/process/task_queues:104:5)\n    at _runTest (F:\\clawd\\wt-release\\node_modules\\jest-circus\\build\\jestAdapterInit.js:947:3)\n    at F:\\clawd\\wt-release\\node_modules\\jest-circus\\build\\jestAdapterInit.js:849:7\n    at _runTestsForDescribeBlock (F:\\clawd\\wt-release\\node_modules\\jest-circus\\build\\jestAdapterInit.js:862:11)\n    at _runTestsForDescribeBlock (F:\\clawd\\wt-release\\node_modules\\jest-circus\\build\\jestAdapterInit.js:857:11)\n    at _runTestsForDescribeBlock (F:\\clawd\\wt-release\\node_modules\\jest-circus\\build\\jestAdapterInit.js:857:11)\n    at run (F:\\clawd\\wt-release\\node_modules\\jest-circus\\build\\jestAdapterInit.js:761:3)\n    at runAndTransformResultsToJestFormat (F:\\clawd\\wt-release\\node_modules\\jest-circus\\build\\jestAdapterInit.js:1918:21)\n    at jestAdapter (F:\\clawd\\wt-release\\node_modules\\jest-circus\\build\\runner.js:101:19)\n    at runTestInternal (F:\\clawd\\wt-release\\node_modules\\jest-runner\\build\\testWorker.js:275:16)\n    at runTest (F:\\clawd\\wt-release\\node_modules\\jest-run
[...]
b[90m// Override model with the series name\u001b[39m\u001b[0m\n\n      at resolveVehicleFitment (src/lib/fitment/canonicalResolver.ts:345:47)\n      at Object.<anonymous> (src/lib/fitment/__tests__/canonicalResolver.test.ts:253:49)\n\n  ● Canonical Resolver - Wheel-Size Trim Mapping Integration › 2. Approved trim mapping beats grouped fallback › Debug metadata includes trim mapping info\n\n    TypeError: (0 , modelAliases_1.extractBmwModelAndTrim) is not a function\n\n    \u001b[0m \u001b[90m 343 |\u001b[39m   \u001b[90m// can find the correct data.\u001b[39m\n     \u001b[90m 344 |\u001b[39m   \u001b[90m// ─────────────────────────────────────────────────────────────────────────\u001b[39m\n    \u001b[31m\u001b[1m>\u001b[22m\u001b[39m\u001b[90m 345 |\u001b[39m   \u001b[36mconst\u001b[39m bmwExtraction \u001b[33m=\u001b[39m extractBmwModelAndTrim(make\u001b[33m,\u001b[39m model)\u001b[33m;\u001b[39m\n     \u001b[90m     |\u001b[39m                                               \u001b[31m\u001b[1m^\u001b[22m\u001b[39m\n     \u001b[90m 346 |\u001b[39m   \u001b[36mif\u001b[39m (bmwExtraction\u001b[33m.\u001b[39misBmwModelNumber \u001b[33m&&\u001b[39m bmwExtraction\u001b[33m.\u001b[39mmodelName) {\n     \u001b[90m 347 |\u001b[39m     console\u001b[33m.\u001b[39mlog(\u001b[32m`[canonicalResolver] BMW model number detected: \"${model}\" → model=\"${bmwExtraction.modelName}\", trim=\"${bmwExtraction.trimName}\"`\u001b[39m)\u001b[33m;\u001b[39m\n     \u001b[90m 348 |\u001b[39m     \u001b[90m// Override model with the series name\u001b[39m\u001b[0m\n\n      at resolveVehicleFitment (src/lib/fitment/canonicalResolver.ts:345:47)\n      at Object.<anonymous> (src/lib/fitment/__tests__/canonicalResolver.test.ts:288:49)\n\n  ● Canonical Resolver - Wheel-Size Trim Mapping Integration › 3. No mapping keeps old behavior › Falls through to exact canonical trim match when no mapping exists\n\n    TypeError: (0 , modelAliases_1.extractBmwModelAndTrim) is not a function\n\n    \u001b[0m \u001b[90m 343 |\u001b[39m   \u001b[90m// can find the correct data.\u001b[39m\n     \u001b[90m 344 |\u001b[39m   \u001b[90m// ─────────────────────────────────────────────────────────────────────────\u001b[39m\n    \u001b[31m\u001b[1m>\u001b[22m\u001b[39m\u001b[90m 345 |\u001b[39m   \u001b[36mconst\u001b[39m bmwExtraction \u001b[33m=\u001b[39m extractBmwModelAndTrim(make\u001b[33m,\u001b[39m model)\u001b[33m;\u001b[39m\n     \u001b[90m     |\u001b[39m                                               \u001b[31m\u001b[1m^\u001b[22m\u001b[39m\n     \u001b[90m 346 |\u001b[39m   \u001b[36mif\u001b[39m (bmwExtraction\u001b[33m.\u001b[39misBmwModelNumber \u001b[33m&&\u001b[39m bmwExtraction\u001b[33m.\u001b[39mmodelName) {\n     \u001b[90m 347 |\u001b[39m     console\u001b[33m.\u001b[39mlog(\u001b[32m`[canonicalResolver] BMW model number detected: \"${model}\" → model=\"${bmwExtraction.modelName}\", trim=\"${bmwExtraction.trimName}\"`\u001b[39m)\u001b[33m;\u001b[39m\n     \u001b[90m 348 |\u001b[39m     \u001b[90m// Override model with the series name\u001b[39m\u001b[0m\n\n      at resolveVehicleFitment (src/lib/fitment/canonicalResolver.ts:345:47)\n      at Object.<anonymous> (src/lib/fitment/__tests__/canonicalResolver.test.ts:330:49)\n\n  ● Canonical Resolver - Wheel-Size Trim Mapping Integration › 3. No mapping keeps old behavior › trimMapping.found is false when no mapping exists\n\n    TypeError: (0 , modelAliases_1.extractBmwModelAndTrim) is not a function\n\n    \u001b[0m \u001b[90m 343 |\u001b[39m   \u001b[90m// can find the correct data.\u001b[39m\n     \u001b[90m 344 |\u001b[39m   \u001b[90m// ─────────────────────────────────────────────────────────────────────────\u001b[39m\n    \u001b[31m\u001b[1m>\u001b[22m\u001b[39m\u001b[90m 345 |\u001b[39m   \u001b[36mconst\u001b[39m bmwExtraction \u001b[33m=\u001b[39m extractBmwModelAndTrim(make\u001b[33m,\u001b[39m model)\u001b[33m;\u001b[39m\n     \u001b[90m     |\u001b[39m                                               \u001b[31m\u001b[1m^\u001b[22m\u001b[39m\n     \u001b[90m 346 |\u001b[39m   \u001b[36mif\u001b[39m (bmwExtraction\u001b[33m.\u001b[39misBmwModelNumber \u001b[33m&&\u001b[39m bmwExtraction\u001b[33m.\u001b[39mmodelName) {\n     \u001b[90m 347 |\u001b[39m     console\u001b[33m.\u001b[39mlog(\u001b[32m`[canonicalResolver] BMW model number detected: \"${model}\" → model=\"${bmwExtraction.modelName}\", trim=\"${bmwExtraction.trimName}\"`\u001b[39m)\u001b[33m;\u001b[39m\n     \u001b[90m 348 |\u001b[39m     \u001b[90m// Override model with the series name\u001b[39m\u001b[0m\n\n      at resolveVehicleFitment (src/lib/fitment/canonicalResolver.ts:345:47)\n      at Object.<anonymous> (src/lib/fitment/__tests__/canonicalResolver.test.ts:358:49)\n\n  ● Canonical Resolver - Wheel-Size Trim Mapping Integration › 4. Rejected/pending mappings are ignored › Pending mapping is ignored - falls through to other resolution\n\n    TypeError: (0 , modelAliases_1.extractBmwModelAndTrim) is not a function\n\n    \u001b[0m \u001b[90m 343 |\u001b[39m   \u001b[90m// can find the correct data.\u001b[39m\n     \u001b[90m 344 |\u001b[39m   \u001b[90m// ─────────────────────────────────────────────────────────────────────────\u001b[39m\n    \u001b[31m\u001b[1m>\u001b[22m\u001b[39m\u001b[90m 345 |\u001b[39m   \u001b[36mconst\u001b[39m bmwExtraction \u001b[33m=\u001b[39m extractBmwModelAndTrim(make\u001b[33m,\u001b[39m model)\u001b[33m;\u001b[39m\n     \u001b[90m     |\u001b[39m                                               \u001b[31m\u001b[1m^\u001b[22m\u001b[39m\n     \u001b[90m 346 |\u001b[39m   \u001b[36mif\u001b[39m (bmwExtraction\u001b[33m.\u001b[39misBmwModelNumber \u001b[33m&&\u001b[39m bmwExtraction\u001b[33m.\u001b[39mmodelName) {\n     \u001b[90m 347 |\u001b[39m     console\u001b[33m.\u001b[39mlog(\u001b[32m`[canonicalResolver] BMW model number detected: \"${model}\" → model=\"${bmwExtraction.modelName}\", trim=\"${bmwExtraction.trimName}\"`\u001b[39m)\u001b[33m;\u001b[39m\n     \u001b[90m 348 |\u001b[39m     \u001b[90m// Override model with the series name\u001b[39m\u001b[0m\n\n      at resolveVehicleFitment (src/lib/fitment/canonicalResolver.ts:345:47)\n      at Object.<anonymous> (src/lib/fitment/__tests__/canonicalResolver.test.ts:406:49)\n\n  ● Canonical Resolver - Wheel-Size Trim Mapping Integration › 4. Rejected/pending mappings are ignored › Rejected mapping is ignored\n\n    TypeError: (0 , modelAliases_1.extractBmwModelAndTrim) is not a function\n\n    \u001b[0m \u001b[90m 343 |\u001b[39m   \u001b[90m// can find the correct data.\u001b[39m\n     \u001b[90m 344 |\u001b[39m   \u001b[90m// ─────────────────────────────────────────────────────────────────────────\u001b[39m\n    \u001b[31m\u001b[1m>\u001b[22m\u001b[39m\u001b[90m 345 |\u001b[39m   \u001b[36mconst\u001b[39m bmwExtraction \u001b[33m=\u001b[39m extractBmwModelAndTrim(make\u001b[33m,\u001b[39m model)\u001b[33m;\u001b[39m\n     \u001b[90m     |\u001b[39m                                               \u001b[31m\u001b[1m^\u001b[22m\u001b[39m\n     \u001b[90m 346 |\u001b[39m   \u001b[36mif\u001b[39m (bmwExtraction\u001b[33m.\u001b[39misBmwModelNumber \u001b[33m&&\u001b[39m bmwExtraction\u001b[33m.\u001b[39mmodelName) {\n     \u001b[90m 347 |\u001b[39m     console\u001b[33m.\u001b[39mlog(\u001b[32m`[canonicalResolver] BMW model number detected: \"${model}\" → model=\"${bmwExtraction.modelName}\", trim=\"${bmwExtraction.trimName}\"`\u001b[39m)\u001b[33m;\u001b[39m\n     \u001b[90m 348 |\u001b[39m     \u001b[90m// Override model with the series name\u001b[39m\u001b[0m\n\n      at resolveVehicleFitment (src/lib/fitment/canonicalResolver.ts:345:47)\n      at Object.<anonymous> (src/lib/fitment/__tests__/canonicalResolver.test.ts:449:49)\n\n  ● Canonical Resolver - Wheel-Size Trim Mapping Integration › 4. Rejected/pending mappings are ignored › Low confidence mapping is ignored even if approved\n\n    TypeError: (0 , modelAliases_1.extractBmwModelAndTrim) is not a function\n\n    \u001b[0m \u001b[90m 343 |\u001b[39m   \u001b[90m// can find the correct data.\u001b[39m\n     \u001b[90m 344 |\u001b[39m   \u001b[90m// ─────────────────────────────────────────────────────────────────────────\u001b[39m\n    \u001b[31m\u001b[1m>\u001b[22m\u001b[39m\u001b[90m 345 |\u001b[39m   \u001b[36mconst\u001b[39m bmwExtraction \u001b[33m=\u001b[39m extractBmwModelAndTrim(make\u001b[33m,\u001b[39m model)\u001b[33m;\u001b[39m\n     \u001b[90m     |\u001b[39m                                               \u001b[31m\u001b[1m^\u001b[22m\u001b[39m\n     \u001b[90m 346 |\u001b[39m   \u001b[36mif\u001b[39m (bmwExtraction\u001b[33m.\u001b[39misBmwModelNumber \u001b[33m&&\u001b[39m bmwExtraction\u001b[33m.\u001b[39mmodelName) {\n     \u001b[90m 347 |\u001b[39m     console\u001b[33m.\u001b[39mlog(\u001b[32m`[canonicalResolver] BMW model number detected: \"${model}\" → model=\"${bmwExtraction.modelName}\", trim=\"${bmwExtraction.trimName}\"`\u001b[39m)\u001b[33m;\u001b[39m\n     \u001b[90m 348 |\u001b[39m     \u001b[90m// Override model with the series name\u001b[39m\u001b[0m\n\n      at resolveVehicleFitment (src/lib/fitment/canonicalResolver.ts:345:47)\n      at Object.<anonymous> (src/lib/fitment/__tests__/canonicalResolver.test.ts:490:49)\n\n  ● Canonical Resolver - Wheel-Size Trim Mapping Integration › 5. showSizeChooser=false suppresses unnecessary chooser › Single config trim has showSizeChooser=false\n\n    TypeError: (0 , modelAliases_1.extractBmwModelAndTrim) is not a function\n\n    \u001b[0m \u001b[90m 343 |\u001b[39m   \u001b[90m// can find the correct data.\u001b[39m\n     \u001b[90m 344 |\u001b[39m   \u001b[90m// ─────────────────────────────────────────────────────────────────────────\u001b[39m\n    \u001b[31m\u001b[1m>\u001b[22m\u001b[39m\u001b[90m 345 |\u001b[39m   \u001b[36mconst\u001b[39m bmwExtraction \u001b[33m=\u001b[39m extractBmwModelAndTrim(make\u001b[33m,\u001b[39m model)\u001b[33m;\u001b[39m\n     \u001b[90m     |\u001b[39m                                               \u001b[31m\u001b[1m^\u001b[22m\u001b[39m\n     \u001b[90m 346 |\u001b[39m   \u001b[36mif\u001b[39m (bmwExtraction\u001b[33m.\u001b[39misBmwModelNumber \u001b[33m&&\u001b[39m bmwExtraction\u001b[33m.\u001b[39mmodelName) {\n     \u001b[90m 347 |\u001b[39m     console\u001b[33m.\u001b[39mlog(\u001b[32m`[canonicalResolver] BMW model number detected: \"${model}\" → model=\"${bmwExtraction.modelName}\", trim=\"${bmwExtraction.trimName}\"`\u001b[39m)\u001b[33m;\u001b[39m\n     \u001b[90m 348 |\u001b[39m     \u001b[90m// Override model with the series name\u001b[39m\u001b[0m\n\n      at resolveVehicleFitment (src/lib/fitment/canonicalResolver.ts:345:47)\n      at Object.<anonymous> (src/lib/fitment/__tests__/canonicalResolver.test.ts:534:49)\n\n  ● Canonical Resolver - Wheel-Size Trim Mapping Integration › 5. showSizeChooser=false suppresses unnecessary chooser › autoSelectedConfig contains correct wheel/tire info\n\n    TypeError: (0 , modelAliases_1.extractBmwModelAndTrim) is not a function\n\n    \u001b[0m \u001b[90m 343 |\u001b[39m   \u001b[90m// can find the correct data.\u001b[39m\n     \u001b[90m 344 |\u001b[39m   \u001b[90m// ─────────────────────────────────────────────────────────────────────────\u001b[39m\n    \u001b[31m\u001b[1m>\u001b[22m\u001b[39m\u001b[90m 345 |\u001b[39m   \u001b[36mconst\u001b[39m bmwExtraction \u001b[33m=\u001b[39m extractBmwModelAndTrim(make\u001b[33m,\u001b[39m model)\u001b[33m;\u001b[39m\n     \u001b[90m     |\u001b[39m                                               \u001b[31m\u001b[1m^\u001b[22m\u001b[39m\n     \u001b[90m 346 |\u001b[39m   \u001b[36mif\u001b[39m (bmwExtraction\u001b[33m.\u001b[39misBmwModelNumber \u001b[33m&&\u001b[39m bmwExtraction\u001b[33m.\u001b[39mmodelName) {\n     \u001b[90m 347 |\u001b[39m     console\u001b[33m.\u001b[39mlog(\u001b[32m`[canonicalResolver] BMW model number detected: \"${model}\" → model=\"${bmwExtraction.modelName}\", trim=\"${bmwExtraction.trimName}\"`\u001b[39m)\u001b[33m;\u001b[39m\n     \u001b[90m 348 |\u001b[39m     \u001b[90m// Override model with the series name\u001b[39m\u001b[0m\n\n      at resolveVehicleFitment (src/lib/fitment/canonicalResolver.ts:345:47)\n      at Object.<anonymous> (src/lib/fitment/__tests__/canonicalResolver.test.ts:577:49)\n\n  ● Canonical Resolver - Wheel-Size Trim Mapping Integration › 6. showSizeChooser=true returns only mapped configurations › Multiple configs have showSizeChooser=true with all configs listed\n\n    TypeError: (0 , modelAliases_1.extractBmwModelAndTrim) is not a function\n\n    \u001b[0m \u001b[90m 343 |\u001b[39m   \u001b[90m// can find the correct data.\u001b[39m\n     \u001b[90m 344 |\u001b[39m   \u001b[90m// ─────────────────────────────────────────────────────────────────────────\u001b[39m\n    \u001b[31m\u001b[1m>\u001b[22m\u001b[39m\u001b[90m 345 |\u001b[39m   \u001b[36mconst\u001b[39m bmwExtraction \u001b[33m=\u001b[39m extractBmwModelAndTrim(make\u001b[33m,\u001b[39m model)\u001b[33m;\u001b[39m\n     \u001b[90m     |\u001b[39m                                               \u001b[31m\u001b[1m^\u001b[22m\u001b[39m\n     \u001b[90m 346 |\u001b[39m   \u001b[36mif\u001b[39m (bmwExtraction\u001b[33m.\u001b[39misBmwModelNumber \u001b[33m&&\u001b[39m bmwExtraction\u001b[33m.\u001b[39mmodelName) {\n     \u001b[90m 347 |\u001b[39m     console\u001b[33m.\u001b[39mlog(\u001b[32m`[canonicalResolver] BMW model number detected: \"${model}\" → model=\"${bmwExtraction.modelName}\", trim=\"${bmwExtraction.trimName}\"`\u001b[39m)\u001b[33m;\u001b[39m\n     \u001b[90m 348 |\u001b[39m     \u001b[90m// Override model with the series name\u001b[39m\u001b[0m\n\n      at resolveVehicleFitment (src/lib/fitment/canonicalResolver.ts:345:47)\n      at Object.<anonymous> (src/lib/fitment/__tests__/canonicalResolver.test.ts:625:49)\n\n  ● Canonical Resolver - Wheel-Size Trim Mapping Integration › 6. showSizeChooser=true returns only mapped configurations › Chooser shows only approved configurations, not all possible sizes\n\n    TypeError: (0 , modelAliases_1.extractBmwModelAndTrim) is not a function\n\n    \u001b[0m \u001b[90m 343 |\u001b[39m   \u001b[90m// can find the correct data.\u001b[39m\n     \u001b[90m 344 |\u001b[39m   \u001b[90m// ─────────────────────────────────────────────────────────────────────────\u001b[39m\n    \u001b[31m\u001b[1m>\u001b[22m\u001b[39m\u001b[90m 345 |\u001b[39m   \u001b[36mconst\u001b[39m bmwExtraction \u001b[33m=\u001b[39m extractBmwModelAndTrim(make\u001b[33m,\u001b[39m model)\u001b[33m;\u001b[39m\n     \u001b[90m     |\u001b[39m                                               \u001b[31m\u001b[1m^\u001b[22m\u001b[39m\n     \u001b[90m 346 |\u001b[39m   \u001b[36mif\u001b[39m (bmwExtraction\u001b[33m.\u001b[39misBmwModelNumber \u001b[33m&&\u001b[39m bmwExtraction\u001b[33m.\u001b[39mmodelName) {\n     \u001b[90m 347 |\u001b[39m     console\u001b[33m.\u001b[39mlog(\u001b[32m`[canonicalResolver] BMW model number detected: \"${model}\" → model=\"${bmwExtraction.modelName}\", trim=\"${bmwExtraction.trimName}\"`\u001b[39m)\u001b[33m;\u001b[39m\n     \u001b[90m 348 |\u001b[39m     \u001b[90m// Override model with the series name\u001b[39m\u001b[0m\n\n      at resolveVehicleFitment (src/lib/fitment/canonicalResolver.ts:345:47)\n      at Object.<anonymous> (src/lib/fitment/__tests__/canonicalResolver.test.ts:672:49)\n\n  ● Canonical Resolver - Wheel-Size Trim Mapping Integration › 6. showSizeChooser=true returns only mapped configurations › autoSelectConfig is the default configuration\n\n    TypeError: (0 , modelAliases_1.extractBmwModelAndTrim) is not a function\n\n    \u001b[0m \u001b[90m 343 |\u001b[39m   \u001b[90m// can find the correct data.\u001b[39m\n     \u001b[90m 344 |\u001b[39m   \u001b[90m// ─────────────────────────────────────────────────────────────────────────\u001b[39m\n    \u001b[31m\u001b[1m>\u001b[22m\u001b[39m\u001b[90m 345 |\u001b[39m   \u001b[36mconst\u001b[39m bmwExtraction \u001b[33m=\u001b[39m extractBmwModelAndTrim(make\u001b[33m,\u001b[39m model)\u001b[33m;\u001b[39m\n     \u001b[90m     |\u001b[39m                                               \u001b[31m\u001b[1m^\u001b[22m\u001b[39m\n     \u001b[90m 346 |\u001b[39m   \u001b[36mif\u001b[39m (bmwExtraction\u001b[33m.\u001b[39misBmwModelNumber \u001b[33m&&\u001b[39m bmwExtraction\u001b[33m.\u001b[39mmodelName) {\n     \u001b[90m 347 |\u001b[39m     console\u001b[33m.\u001b[39mlog(\u001b[32m`[canonicalResolver] BMW model number detected: \"${model}\" → model=\"${bmwExtraction.modelName}\", trim=\"${bmwExtraction.trimName}\"`\u001b[39m)\u001b[33m;\u001b[39m\n     \u001b[90m 348 |\u001b[39m     \u001b[90m// Override model with the series name\u001b[39m\u001b[0m\n\n      at resolveVehicleFitment (src/lib/fitment/canonicalResolver.ts:345:47)\n      at Object.<anonymous> (src/lib/fitment/__tests__/canonicalResolver.test.ts:714:49)\n\n  ● Canonical Resolver - Wheel-Size Trim Mapping Integration › Edge cases › No trim specified does not invoke trim mapping lookup\n\n    TypeError: (0 , modelAliases_1.extractBmwModelAndTrim) is not a function\n\n    \u001b[0m \u001b[90m 343 |\u001b[39m   \u001b[90m// can find the correct data.\u001b[39m\n     \u001b[90m 344 |\u001b[39m   \u001b[90m// ─────────────────────────────────────────────────────────────────────────\u001b[39m\n    \u001b[31m\u001b[1m>\u001b[22m\u001b[39m\u001b[90m 345 |\u001b[39m   \u001b[36mconst\u001b[39m bmwExtraction \u001b[33m=\u001b[39m extractBmwModelAndTrim(make\u001b[33m,\u001b[39m model)\u001b[33m;\u001b[39m\n     \u001b[90m     |\u001b[39m                                               \u001b[31m\u001b[1m^\u001b[22m\u001b[39m\n     \u001b[90m 346 |\u001b[39m   \u001b[36mif\u001b[39m (bmwExtraction\u001b[33m.\u001b[39misBmwModelNumber \u001b[33m&&\u001b[39m bmwExtraction\u001b[33m.\u001b[39mmodelName) {\n     \u001b[90m 347 |\u001b[39m     console\u001b[33m.\u001b[39mlog(\u001b[32m`[canonicalResolver] BMW model number detected: \"${model}\" → model=\"${bmwExtraction.modelName}\", trim=\"${bmwExtraction.trimName}\"`\u001b[39m)\u001b[33m;\u001b[39m\n     \u001b[90m 348 |\u001b[39m     \u001b[90m// Override model with the series name\u001b[39m\u001b[0m\n\n      at resolveVehicleFitment (src/lib/fitment/canonicalResolver.ts:345:47)\n      at Object.<anonymous> (src/lib/fitment/__tests__/canonicalResolver.test.ts:743:49)\n\n  ● Canonical Resolver - Wheel-Size Trim Mapping Integration › Edge cases › Mapping with needs_manual status is treated like pending\n\n    TypeError: (0 , modelAliases_1.extractBmwModelAndTrim) is not a function\n\n    \u001b[0m \u001b[90m 343 |\u001b[39m   \u001b[90m// can find the correct data.\u001b[39m\n     \u001b[90m 344 |\u001b[39m   \u001b[90m// ─────────────────────────────────────────────────────────────────────────\u001b[39m\n    \u001b[31m\u001b[1m>\u001b[22m\u001b[39m\u001b[90m 345 |\u001b[39m   \u001b[36mconst\u001b[39m bmwExtraction \u001b[33m=\u001b[39m extractBmwModelAndTrim(make\u001b[33m,\u001b[39m model)\u001b[33m;\u001b[39m\n     \u001b[90m     |\u001b[39m                                               \u001b[31m\u001b[1m^\u001b[22m\u001b[39m\n     \u001b[90m 346 |\u001b[39m   \u001b[36mif\u001b[39m (bmwExtraction\u001b[33m.\u001b[39misBmwModelNumber \u001b[33m&&\u001b[39m bmwExtraction\u001b[33m.\u001b[39mmodelName) {\n     \u001b[90m 347 |\u001b[39m     console\u001b[33m.\u001b[39mlog(\u001b[32m`[canonicalResolver] BMW model number detected: \"${model}\" → model=\"${bmwExtraction.modelName}\", trim=\"${bmwExtraction.trimName}\"`\u001b[39m)\u001b[33m;\u001b[39m\n     \u001b[90m 348 |\u001b[39m     \u001b[90m// Override model with the series name\u001b[39m\u001b[0m\n\n      at resolveVehicleFitment (src/lib/fitment/canonicalResolver.ts:345:47)\n      at Object.<anonymous> (src/lib/fitment/__tests__/canonicalResolver.test.ts:784:49)\n","name":"F:\\clawd\\wt-release\\src\\lib\\fitment\\__tests__\\canonicalResolver.test.ts","startTime":1789842075712,"status":"failed","summary":""}],"wasInterrupted":false}
