{"numFailedTestSuites":1,"numFailedTests":17,"numPassedTestSuites":17,"numPassedTests":357,"numPendingTestSuites":1,"numPendingTests":23,"numRuntimeErrorTestSuites":0,"numTodoTests":0,"numTotalTestSuites":19,"numTotalTests":397,"openHandles":[],"snapshot":{"added":0,"didUpdate":false,"failure":false,"filesAdded":0,"filesRemoved":0,"filesRemovedList":[],"filesUnmatched":0,"filesUpdated":0,"matched":0,"total":0,"unchecked":0,"uncheckedKeysByFile":[],"unmatched":0,"updated":0},"startTime":1789842140680,"success":false,"testResults":[{"assertionResults":[{"ancestorTitles":["Canonical Resolver - Wheel-Size Trim Mapping Integration","1. Exact modificationId match (highest priority)"],"duration":8,"failing":false,"failureDetails":[{}],"failureMessages":["TypeError: (0 , modelAliases_1.extractBmwModelAndTrim) is not a function\n    at resolveVehicleFitment (F:\\clawd\\wt-release\\src\\lib\\fitment\\canonicalResolver.ts:345:47)\n    at Object.<anonymous> (F:\\clawd\\wt-release\\src\\lib\\fitment\\__tests__\\canonicalResolver.test.ts:130:49)\n    at Promise.finally.completed (F:\\clawd\\wt-release\\node_modules\\jest-circus\\build\\jestAdapterInit.js:1557:28)\n    at new Promise (<anonymous>)\n    at callAsyncCircusFn (F:\\clawd\\wt-release\\node_modules\\jest-circus\\build\\jestAdapterInit.js:1497:10)\n    at _callCircusTest (F:\\clawd\\wt-release\\node_modules\\jest-circus\\build\\jestAdapterInit.js:1007:40)\n    at processTicksAndRejections (node:internal/process/task_queues:104:5)\n    at _runTest (F:\\clawd\\wt-release\\node_modules\\jest-circus\\build\\jestAdapterInit.js:947:3)\n    at F:\\clawd\\wt-release\\node_modules\\jest-circus\\build\\jestAdapterInit.js:849:7\n    at _runTestsForDescribeBlock (F:\\clawd\\wt-release\\node_modules\\jest-circus\\build\\jestAdapterInit.js:862:11)\n    at _runTestsForDescribeBlock (F:\\clawd\\wt-release\\node_modules\\jest-circus\\build\\jestAdapterInit.js:857:11)\n    at _runTestsForDescribeBlock (F:\\clawd\\wt-release\\node_modules\\jest-circus\\build\\jestAdapterInit.js:857:11)\n    at run (F:\\clawd\\wt-release\\node_modules\\jest-circus\\build\\jestAdapterInit.js:761:3)\n    at runAndTransformResultsToJestFormat (F:\\clawd\\wt-release\\node_modules\\jest-circus\\build\\jestAdapterInit.js:1918:21)\n    at jestAdapter (F:\\clawd\\wt-release\\node_modules\\jest-circus\\build\\runner.js:101:19)\n    at runTestInternal (F:\\clawd\\wt-release\\node_modules\\jest-runner\\build\\testWorker.js:275:16)\n    at runTest (F:\\clawd\\wt-release\\node_modules\\jest-runner\\build\\testWorker.js:343:7)\n    at Object.worker (F:\\clawd\\wt-release\\node_modules\\jest-runner\\build\\testWorker.js:497:12)"],"fullName":"Canonical Resolver - Wheel-Size Trim Mapping Integration 1. Exact modificationId match (highest priority) Exact modificationId beats everything, including approved trim mapping","invocations":1,"location":null,"numPassingAsserts":0,"retryReasons":[],"startAt":1789842142064,"status":"failed","title":"Exact modificationId beats everything, including approved trim mapping"},{"ancestorTitles":["Canonical Resolver - Wheel-Size Trim Mapping Integration","1. Exact modificationId match (highest priority)"],"duration":1,"failing":false,"failureDetails":[{}],"failureMessages":["TypeError: (0 , modelAliases_1.extractBmwModelAndTrim) is not a function\n    at resolveVehicleFitment (F:\\clawd\\wt-release\\src\\lib\\fitment\\canonicalResolver.ts:345:47)\n    at Object.<anonymous> (F:\\clawd\\wt-release\\src\\lib\\fitment\\__tests__\\canonicalResolver.test.ts:158:49)\n    at Promise.finally.completed (F:\\clawd\\wt-release\\node_modules\\jest-circus\\build\\jestAdapterInit.js:1557:28)\n    at new Promise (<anonymous>)\n    at callAsyncCircusFn (F:\\clawd\\wt-release\\node_modules\\jest-circus\\build\\jestAdapterInit.js:1497:10)\n    at _callCircusTest (F:\\clawd\\wt-release\\node_modules\\jest-circus\\build\\jestAdapterInit.js:1007:40)\n    at processTicksAndRejections (node:internal/process/task_queues:104:5)\n    at _runTest (F:\\clawd\\wt-release\\node_modules\\jest-circus\\build\\jestAdapterInit.js:947:3)\n    at F:\\clawd\\wt-release\\node_modules\\jest-circus\\build\\jestAdapterInit.js:849:7\n    at _runTestsForDescribeBlock (F:\\clawd\\wt-release\\node_modules\\jest-circus\\build\\jestAdapterInit.js:862:11)\n    at _runTestsForDescribeBlock (F:\\clawd\\wt-release\\node_modules\\jest-circus\\build\\jestAdapterInit.js:857:11)\n    at _runTestsForDescribeBlock (F:\\clawd\\wt-release\\node_modules\\jest-circus\\build\\jestAdapterInit.js:857:11)\n    at run (F:\\clawd\\wt-release\\node_modules\\jest-circus\\build\\jestAdapterInit.js:761:3)\n    at runAndTransformResultsToJestFormat (F:\\clawd\\wt-release\\node_modules\\jest-circus\\build\\jestAdapterInit.js:1918:21)\n    at jestAdapter (F:\\clawd\\wt-release\\node_modules\\jest-circus\\build\\runner.js:101:19)\n    at runTestInternal (F:\\clawd\\wt-release\\node_modules\\jest-runner\\build\\testWorker.js:275:16)\n    at runTest (F:\\clawd\\wt-release\\node_modules\\jest-runner\\build\\testWorker.js:343:7)\n    at Object.worker (F:\\clawd\\wt-release\\node_modules\\jest-runner\\build\\testWorker.js:497:12)"],"fullName":"Canonical Resolver - Wheel-Size Trim Mapping Integration 1. Exact modificationId match (highest priority) Grouped record with exact modificationId resolves to atomic trim","invocations":1,"location":null,"numPassingAsserts":0,"retryReasons":[],"startAt":1789842142108,"status":"failed","title":"Grouped record with exact modificationId resolves to atomic trim"},{"ancestorTitles":["Canonical Resolver - Wheel-Size Trim Mapping Integration","2. Approved trim mapping beats grouped fallback"],"duration":1,"failing":false,"failureDetails":[{}],"failureMessages":["TypeError: (0 , modelAliases_1.extractBmwModelAndTrim) is not a function\n    at resolveVehicleFitment (F:\\clawd\\wt-release\\src\\lib\\fitment\\canonicalResolver.ts:345:47)\n    at Object.<anonymous> (F:\\clawd\\wt-release\\src\\lib\\fitment\\__tests__\\canonicalResolver.test.ts:208:49)\n    at Promise.finally.completed (F:\\clawd\\wt-release\\node_modules\\jest-circus\\build\\jestAdapterInit.js:1557:28)\n    at new Promise (<anonymous>)\n    at callAsyncCircusFn (F:\\clawd\\wt-release\\node_modules\\jest-circus\\build\\jestAdapterInit.js:1497:10)\n    at _callCircusTest (F:\\clawd\\wt-release\\node_modules\\jest-circus\\build\\jestAdapterInit.js:1007:40)\n    at processTicksAndRejections (node:internal/process/task_queues:104:5)\n    at _runTest (F:\\clawd\\wt-release\\node_modules\\jest-circus\\build\\jestAdapterInit.js:947:3)\n    at F:\\clawd\\wt-release\\node_modules\\jest-circus\\build\\jestAdapterInit.js:849:7\n    at _runTestsForDescribeBlock (F:\\clawd\\wt-release\\node_modules\\jest-circus\\build\\jestAdapterInit.js:862:11)\n    at _runTestsForDescribeBlock (F:\\clawd\\wt-release\\node_modules\\jest-circus\\build\\jestAdapterInit.js:857:11)\n    at _runTestsForDescribeBlock (F:\\clawd\\wt-release\\node_modules\\jest-circus\\build\\jestAdapterInit.js:857:11)\n    at run (F:\\clawd\\wt-release\\node_modules\\jest-circus\\build\\jestAdapterInit.js:761:3)\n    at runAndTransformResultsToJestFormat (F:\\clawd\\wt-release\\node_modules\\jest-circus\\build\\jestAdapterInit.js:1918:21)\n    at jestAdapter (F:\\clawd\\wt-release\\node_modules\\jest-circus\\build\\runner.js:101:19)\n    at runTestInternal (F:\\clawd\\wt-release\\node_modules\\jest-runner\\build\\testWorker.js:275:16)\n    at runTest (F:\\clawd\\wt-release\\node_modules\\jest-runner\\build\\testWorker.js:343:7)\n    at Object.worker (F:\\clawd\\wt-release\\node_modules\\jest-runner\\build\\testWorker.js:497:12)"],"fullName":"Canonical Resolver - Wheel-Size Trim Mapping Integration 2. Approved trim mapping beats grouped fallback Approved high-confidence mapping is used","invocations":1,"location":null,"numPassingAsserts":0,"retryReasons":[],"startAt":1789842142110,"status":"failed","title":"Approved high-confidence mapping is used"},{"ancestorTitles":["Canonical Resolver - Wheel-Size Trim Mapping Integration","2. Approved trim mapping beats grouped fallback"],"duration":1,"failing":false,"failureDetails":[{}],"failureMessages":["TypeError: (0 , modelAliases_1.extractBmwModelAndTrim) is not a function\n    at resolveVehicleFitment (F:\\clawd\\wt-release\\src\\lib\\fitment\\canonicalResolver.ts:345:47)\n    at Object.<anonymous> (F:\\clawd\\wt-release\\src\\lib\\fitment\\__tests__\\canonicalResolver.test.ts:253:49)\n    at Promise.finally.completed (F:\\clawd\\wt-release\\node_modules\\jest-circus\\build\\jestAdapterInit.js:1557:28)\n    at new Promise (<anonymous>)\n    at callAsyncCircusFn (F:\\clawd\\wt-release\\node_modules\\jest-circus\\build\\jestAdapterInit.js:1497:10)\n    at _callCircusTest (F:\\clawd\\wt-release\\node_modules\\jest-circus\\build\\jestAdapterInit.js:1007:40)\n    at processTicksAndRejections (node:internal/process/task_queues:104:5)\n    at _runTest (F:\\clawd\\wt-release\\node_modules\\jest-circus\\build\\jestAdapterInit.js:947:3)\n    at F:\\clawd\\wt-release\\node_modules\\jest-circus\\build\\jestAdapterInit.js:849:7\n    at _runTestsForDescribeBlock (F:\\clawd\\wt-release\\node_modules\\jest-circus\\build\\jestAdapterInit.js:862:11)\n    at _runTestsForDescribeBlock (F:\\clawd\\wt-release\\node_modules\\jest-circus\\build\\jestAdapterInit.js:857:11)\n    at _runTestsForDescribeBlock (F:\\clawd\\wt-release\\node_modules\\jest-circus\\build\\jestAdapterInit.js:857:11)\n    at run (F:\\clawd\\wt-release\\node_modules\\jest-circus\\build\\jestAdapterInit.js:761:3)\n    at runAndTransformResultsToJestFormat (F:\\clawd\\wt-release\\node_modules\\jest-circus\\build\\jestAdapterInit.js:1918:21)\n    at jestAdapter (F:\\clawd\\wt-release\\node_modules\\jest-circus\\build\\runner.js:101:19)\n    at runTestInternal (F:\\clawd\\wt-release\\node_modules\\jest-runner\\build\\testWorker.js:275:16)\n    at runTest (F:\\clawd\\wt-release\\node_modules\\jest-runner\\build\\testWorker.js:343:7)\n    at Object.worker (F:\\clawd\\wt-release\\node_modules\\jest-runner\\build\\testWorker.js:497:12)"],"fullName":"Canonical Resolver - Wheel-Size Trim Mapping Integration 2. Approved trim mapping beats grouped fallback Approved medium-confidence mapping is used","invocations":1,"location":null,"numPassingAsserts":0,"retryReasons":[],"startAt":1789842142112,"status":"failed","title":"Approved medium-confidence mapping is used"},{"ancestorTitles":["Canonical Resolver - Wheel-Size Trim Mapping Integration","2. Approved trim mapping beats grouped fallback"],"duration":1,"failing":false,"failureDetails":[{}],"failureMessages":["TypeError: (0 , modelAliases_1.extractBmwModelAndTrim) is not a function\n    at resolveVehicleFitment (F:\\clawd\\wt-release\\src\\lib\\fitment\\canonicalResolver.ts:345:47)\n    at Object.<anonymous> (F:\\clawd\\wt-release\\src\\lib\\fitment\\__tests__\\canonicalResolver.test.ts:288:49)\n    at Promise.finally.completed (F:\\clawd\\wt-release\\node_modules\\jest-circus\\build\\jestAdapterInit.js:1557:28)\n    at new Promise (<anonymous>)\n    at callAsyncCircusFn (F:\\clawd\\wt-release\\node_modules\\jest-circus\\build\\jestAdapterInit.js:1497:10)\n    at _callCircusTest (F:\\clawd\\wt-release\\node_modules\\jest-circus\\build\\jestAdapterInit.js:1007:40)\n    at processTicksAndRejections (node:internal/process/task_queues:104:5)\n    at _runTest (F:\\clawd\\wt-release\\node_modules\\jest-circus\\build\\jestAdapterInit.js:947:3)\n    at F:\\clawd\\wt-release\\node_modules\\jest-circus\\build\\jestAdapterInit.js:849:7\n    at _runTestsForDescribeBlock (F:\\clawd\\wt-release\\node_modules\\jest-circus\\build\\jestAdapterInit.js:862:11)\n    at _runTestsForDescribeBlock (F:\\clawd\\wt-release\\node_modules\\jest-circus\\build\\jestAdapterInit.js:857:11)\n    at _runTestsForDescribeBlock (F:\\clawd\\wt-release\\node_modules\\jest-circus\\build\\jestAdapterInit.js:857:11)\n    at run (F:\\clawd\\wt-release\\node_modules\\jest-circus\\build\\jestAdapterInit.js:761:3)\n    at runAndTransformResultsToJestFormat (F:\\clawd\\wt-release\\node_modules\\jest-circus\\build\\jestAdapterInit.js:1918:21)\n    at jestAdapter (F:\\clawd\\wt-release\\node_modules\\jest-circus\\build\\runner.js:101:19)\n    at runTestInternal (F:\\clawd\\wt-release\\node_modules\\jest-runner\\build\\testWorker.js:275:16)\n    at runTest (F:\\clawd\\wt-release\\node_modules\\jest-runner\\build\\testWorker.js:343:7)\n    at Object.worker (F:\\clawd\\wt-release\\node_modules\\jest-runner\\build\\testWorker.js:497:12)"],"fullName":"Canonical Resolver - Wheel-Size Trim Mapping Integration 2. Approved trim mapping beats grouped fallback Debug metadata includes trim mapping info","invocations":1,"location":null,"numPassingAsserts":0,"retryReasons":[],"startAt":1789842142113,"status":"failed","title":"Debug metadata includes trim mapping info"},{"ancestorTitles":["Canonical Resolver - Wheel-Size Trim Mapping Integration","3. No mapping keeps old behavior"],"duration":1,"failing":false,"failureDetails":[{}],"failureMessages":["TypeError: (0 , modelAliases_1.extractBmwModelAndTrim) is not a function\n    at resolveVehicleFitment (F:\\clawd\\wt-release\\src\\lib\\fitment\\canonicalResolver.ts:345:47)\n    at Object.<anonymous> (F:\\clawd\\wt-release\\src\\lib\\fitment\\__tests__\\canonicalResolver.test.ts:330:49)\n    at Promise.finally.completed (F:\\clawd\\wt-release\\node_modules\\jest-circus\\build\\jestAdapterInit.js:1557:28)\n    at new Promise (<anonymous>)\n    at callAsyncCircusFn (F:\\clawd\\wt-release\\node_modules\\jest-circus\\build\\jestAdapterInit.js:1497:10)\n    at _callCircusTest (F:\\clawd\\wt-release\\node_modules\\jest-circus\\build\\jestAdapterInit.js:1007:40)\n    at processTicksAndRejections (node:internal/process/task_queues:104:5)\n    at _runTest (F:\\clawd\\wt-release\\node_modules\\jest-circus\\build\\jestAdapterInit.js:947:3)\n    at F:\\clawd\\wt-release\\node_modules\\jest-circus\\build\\jestAdapterInit.js:849:7\n    at _runTestsForDescribeBlock (F:\\clawd\\wt-release\\node_modules\\jest-circus\\build\\jestAdapterInit.js:862:11)\n    at _runTestsForDescribeBlock (F:\\clawd\\wt-release\\node_modules\\jest-circus\\build\\jestAdapterInit.js:857:11)\n    at _runTestsForDescribeBlock (F:\\clawd\\wt-release\\node_modules\\jest-circus\\build\\jestAdapterInit.js:857:11)\n    at run (F:\\clawd\\wt-release\\node_modules\\jest-circus\\build\\jestAdapterInit.js:761:3)\n    at runAndTransformResultsToJestFormat (F:\\clawd\\wt-release\\node_modules\\jest-circus\\build\\jestAdapterInit.js:1918:21)\n    at jestAdapter (F:\\clawd\\wt-release\\node_modules\\jest-circus\\build\\runner.js:101:19)\n    at runTestInternal (F:\\clawd\\wt-release\\node_modules\\jest-runner\\build\\testWorker.js:275:16)\n    at runTest (F:\\clawd\\wt-release\\node_modules\\jest-runner\\build\\testWorker.js:343:7)\n    at Object.worker (F:\\clawd\\wt-release\\node_modules\\jest-runner\\build\\testWorker.js:497:12)"],"fullName":"Canonical Resolver - Wheel-Size Trim Mapping Integration 3. No mapping keeps old behavior Falls through to exact canonical trim match when no mapping exists","invocations":1,"location":null,"numPassingAsserts":0,"retryReasons":[],"startAt":1789842142115,"status":"failed","title":"Falls through to exact canonical trim match when no mapping exists"},{"ancestorTitles":["Canonical Resolver - Wheel-Size Trim Mapping Integration","3. No mapping keeps old behavior"],"duration":2,"failing":false,"failureDetails":[{}],"failureMessages":["TypeError: (0 , modelAliases_1.extractBmwModelAndTrim) is not a function\n    at resolveVehicleFitment (F:\\clawd\\wt-release\\src\\lib\\fitment\\canonicalResolver.ts:345:47)\n    at Object.<anonymous> (F:\\clawd\\wt-release\\src\\lib\\fitment\\__tests__\\canonicalResolver.test.ts:358:49)\n    at Promise.finally.completed (F:\\clawd\\wt-release\\node_modules\\jest-circus\\build\\jestAdapterInit.js:1557:28)\n    at new Promise (<anonymous>)\n    at callAsyncCircusFn (F:\\clawd\\wt-release\\node_modules\\jest-circus\\build\\jestAdapterInit.js:1497:10)\n    at _callCircusTest (F:\\clawd\\wt-release\\node_modules\\jest-circus\\build\\jestAdapterInit.js:1007:40)\n    at processTicksAndRejections (node:internal/process/task_queues:104:5)\n    at _runTest (F:\\clawd\\wt-release\\node_modules\\jest-circus\\build\\jestAdapterInit.js:947:3)\n    at F:\\clawd\\wt-release\\node_modules\\jest-circus\\build\\jestAdapterInit.js:849:7\n    at _runTestsForDescribeBlock (F:\\clawd\\wt-release\\node_modules\\jest-circus\\build\\jestAdapterInit.js:862:11)\n    at _runTestsForDescribeBlock (F:\\clawd\\wt-release\\node_modules\\jest-circus\\build\\jestAdapterInit.js:857:11)\n    at _runTestsForDescribeBlock (F:\\clawd\\wt-release\\node_modules\\jest-circus\\build\\jestAdapterInit.js:857:11)\n    at run (F:\\clawd\\wt-release\\node_modules\\jest-circus\\build\\jestAdapterInit.js:761:3)\n    at runAndTransformResultsToJestFormat (F:\\clawd\\wt-release\\node_modules\\jest-circus\\build\\jestAdapterInit.js:1918:21)\n    at jestAdapter (F:\\clawd\\wt-release\\node_modules\\jest-circus\\build\\runner.js:101:19)\n    at runTestInternal (F:\\clawd\\wt-release\\node_modules\\jest-runner\\build\\testWorker.js:275:16)\n    at runTest (F:\\clawd\\wt-release\\node_modules\\jest-runner\\build\\testWorker.js:343:7)\n    at Object.worker (F:\\clawd\\wt-release\\node_modules\\jest-runner\\build\\testWorker.js:497:12)"],"fullName":"Canonical Resolver - Wheel-Size Trim Mapping Integration 3. No mapping keeps old behavior trimMapping.found is false when no mapping exists","invocations":1,"location":null,"numPassingAsserts":0,"retryReasons":[],"startAt":1789842142116,"status":"failed","title":"trimMapping.found is false when no mapping exists"},{"ancestorTitles":["Canonical Resolver - Wheel-Size Trim Mapping Integration","4. Rejected/pending mappings are ignored"],"duration":2,"failing":false,"failureDetails":[{}],"failureMessages":["TypeError: (0 , modelAliases_1.extractBmwModelAndTrim) is not a function\n    at resolveVehicleFitment (F:\\clawd\\wt-release\\src\\lib\\fitment\\canonicalResolver.ts:345:47)\n    at Object.<anonymous> (F:\\clawd\\wt-release\\src\\lib\\fitment\\__tests__\\canonicalResolver.test.ts:406:49)\n    at Promise.finally.completed (F:\\clawd\\wt-release\\node_modules\\jest-circus\\build\\jestAdapterInit.js:1557:28)\n    at new Promise (<anonymous>)\n    at callAsyncCircusFn (F:\\clawd\\wt-release\\node_modules\\jest-circus\\build\\jestAdapterInit.js:1497:10)\n    at _callCircusTest (F:\\clawd\\wt-release\\node_modules\\jest-circus\\build\\jestAdapterInit.js:1007:40)\n    at processTicksAndRejections (node:internal/process/task_queues:104:5)\n    at _runTest (F:\\clawd\\wt-release\\node_modules\\jest-circus\\build\\jestAdapterInit.js:947:3)\n    at F:\\clawd\\wt-release\\node_modules\\jest-circus\\build\\jestAdapterInit.js:849:7\n    at _runTestsForDescribeBlock (F:\\clawd\\wt-release\\node_modules\\jest-circus\\build\\jestAdapterInit.js:862:11)\n    at _runTestsForDescribeBlock (F:\\clawd\\wt-release\\node_modules\\jest-circus\\build\\jestAdapterInit.js:857:11)\n    at _runTestsForDescribeBlock (F:\\clawd\\wt-release\\node_modules\\jest-circus\\build\\jestAdapterInit.js:857:11)\n    at run (F:\\clawd\\wt-release\\node_modules\\jest-circus\\build\\jestAdapterInit.js:761:3)\n    at runAndTransformResultsToJestFormat (F:\\clawd\\wt-release\\node_modules\\jest-circus\\build\\jestAdapterInit.js:1918:21)\n    at jestAdapter (F:\\clawd\\wt-release\\node_modules\\jest-circus\\build\\runner.js:101:19)\n    at runTestInternal (F:\\clawd\\wt-release\\node_modules\\jest-runner\\build\\testWorker.js:275:16)\n    at runTest (F:\\clawd\\wt-release\\node_modules\\jest-runner\\build\\testWorker.js:343:7)\n    at Object.worker (F:\\clawd\\wt-release\\node_modules\\jest-runner\\build\\testWorker.js:497:12)"],"fullName":"Canonical Resolver - Wheel-Size Trim Mapping Integration 4. Rejected/pending mappings are ignored Pending mapping is ignored - falls through to other resolution","invocations":1,"location":null,"numPassingAsserts":0,"retryReasons":[],"startAt":1789842142118,"status":"failed","title":"Pending mapping is ignored - falls through to other resolution"},{"ancestorTitles":["Canonical Resolver - Wheel-Size Trim Mapping Integration","4. Rejected/pending mappings are ignored"],"duration":1,"failing":false,"failureDetails":[{}],"failureMessages":["TypeError: (0 , modelAliases_1.extractBmwModelAndTrim) is not a function\n    at resolveVehicleFitment (F:\\clawd\\wt-release\\src\\lib\\fitment\\canonicalResolver.ts:345:47)\n    at Object.<anonymous> (F:\\clawd\\wt-release\\src\\lib\\fitment\\__tests__\\canonicalResolver.test.ts:449:49)\n    at Promise.finally.completed (F:\\clawd\\wt-release\\node_modules\\jest-circus\\build\\jestAdapterInit.js:1557:28)\n    at new Promise (<anonymous>)\n    at callAsyncCircusFn (F:\\clawd\\wt-release\\node_modules\\jest-circus\\build\\jestAdapterInit.js:1497:10)\n    at _callCircusTest (F:\\clawd\\wt-release\\node_modules\\jest-circus\\build\\jestAdapterInit.js:1007:40)\n    at processTicksAndRejections (node:internal/process/task_queues:104:5)\n    at _runTest (F:\\clawd\\wt-release\\node_modules\\jest-circus\\build\\jestAdapterInit.js:947:3)\n    at F:\\clawd\\wt-release\\node_modules\\jest-circus\\build\\jestAdapterInit.js:849:7\n    at _runTestsForDescribeBlock (F:\\clawd\\wt-release\\node_modules\\jest-circus\\build\\jestAdapterInit.js:862:11)\n    at _runTestsForDescribeBlock (F:\\clawd\\wt-release\\node_modules\\jest-circus\\build\\jestAdapterInit.js:857:11)\n    at _runTestsForDescribeBlock (F:\\clawd\\wt-release\\node_modules\\jest-circus\\build\\jestAdapterInit.js:857:11)\n    at run (F:\\clawd\\wt-release\\node_modules\\jest-circus\\build\\jestAdapterInit.js:761:3)\n    at runAndTransformResultsToJestFormat (F:\\clawd\\wt-release\\node_modules\\jest-circus\\build\\jestAdapterInit.js:1918:21)\n    at jestAdapter (F:\\clawd\\wt-release\\node_modules\\jest-circus\\build\\runner.js:101:19)\n    at runTestInternal (F:\\clawd\\wt-release\\node_modules\\jest-runner\\build\\testWorker.js:275:16)\n    at runTest (F:\\clawd\\wt-release\\node_modules\\jest-runner\\build\\testWorker.js:343:7)\n    at Object.worker (F:\\clawd\\wt-release\\node_modules\\jest-runner\\build\\testWorker.js:497:12)"],"fullName":"Canonical Resolver - Wheel-Size Trim Mapping Integration 4. Rejected/pending mappings are ignored Rejected mapping is ignored","invocations":1,"location":null,"numPassingAsserts":0,"retryReasons":[],"startAt":1789842142120,"status":"failed","title":"Rejected mapping is ignored"},{"ancestorTitles":["Canonical Resolver - Wheel-Size Trim Mapping Integration","4. Rejected/pending mappings are ignored"],"duration":1,"failing":false,"failureDetails":[{}],"failureMessages":["TypeError: (0 , modelAliases_1.extractBmwModelAndTrim) is not a function\n    at resolveVehicleFitment (F:\\clawd\\wt-release\\src\\lib\\fitment\\canonicalResolver.ts:345:47)\n    at Object.<anonymous> (F:\\clawd\\wt-release\\src\\lib\\fitment\\__tests__\\canonicalResolver.test.ts:490:49)\n    at Promise.finally.completed (F:\\clawd\\wt-release\\node_modules\\jest-circus\\build\\jestAdapterInit.js:1557:28)\n    at new Promise (<anonymous>)\n    at callAsyncCircusFn (F:\\clawd\\wt-release\\node_modules\\jest-circus\\build\\jestAdapterInit.js:1497:10)\n    at _callCircusTest (F:\\clawd\\wt-release\\node_modules\\jest-circus\\build\\jestAdapterInit.js:1007:40)\n    at processTicksAndRejections (node:internal/process/task_queues:104:5)\n    at _runTest (F:\\clawd\\wt-release\\node_modules\\jest-circus\\build\\jestAdapterInit.js:947:3)\n    at F:\\clawd\\wt-release\\node_modules\\jest-circus\\build\\jestAdapterInit.js:849:7\n    at _runTestsForDescribeBlock (F:\\clawd\\wt-release\\node_modules\\jest-circus\\build\\jestAdapterInit.js:862:11)\n    at _runTestsForDescribeBlock (F:\\clawd\\wt-release\\node_modules\\jest-circus\\build\\jestAdapterInit.js:857:11)\n    at _runTestsForDescribeBlock (F:\\clawd\\wt-release\\node_modules\\jest-circus\\build\\jestAdapterInit.js:857:11)\n    at run (F:\\clawd\\wt-release\\node_modules\\jest-circus\\build\\jestAdapterInit.js:761:3)\n    at runAndTransformResultsToJestFormat (F:\\clawd\\wt-release\\node_modules\\jest-circus\\build\\jestAdapterInit.js:1918:21)\n    at jestAdapter (F:\\clawd\\wt-release\\node_modules\\jest-circus\\build\\runner.js:101:19)\n    at runTestInternal (F:\\clawd\\wt-release\\node_modules\\jest-runner\\build\\testWorker.js:275:16)\n    at runTest (F:\\clawd\\wt-release\\node_modules\\jest-runner\\build\\testWorker.js:343:7)\n    at Object.worker (F:\\clawd\\wt-release\\node_modules\\jest-runner\\build\\testWorker.js:497:12)"],"fullName":"Canonical Resolver - Wheel-Size Trim Mapping Integration 4. Rejected/pending mappings are ignored Low confidence mapping is ignored even if approved","invocations":1,"location":null,"numPassingAsserts":0,"retryReasons":[],"startAt":1789842142122,"status":"failed","title":"Low confidence mapping is ignored even if approved"},{"ancestorTitles":["Canonical Resolver - Wheel-Size Trim Mapping Integration","5. showSizeChooser=false suppresses unnecessary chooser"],"duration":1,"failing":false,"failureDetails":[{}],"failureMessages":["TypeError: (0 , modelAliases_1.extractBmwModelAndTrim) is not a function\n    at resolveVehicleFitment (F:\\clawd\\wt-release\\src\\lib\\fitment\\canonicalResolver.ts:345:47)\n    at Object.<anonymous> (F:\\clawd\\wt-release\\src\\lib\\fitment\\__tests__\\canonicalResolver.test.ts:534:49)\n    at Promise.finally.completed (F:\\clawd\\wt-release\\node_modules\\jest-circus\\build\\jestAdapterInit.js:1557:28)\n    at new Promise (<anonymous>)\n    at callAsyncCircusFn (F:\\clawd\\wt-release\\node_modules\\jest-circus\\build\\jestAdapterInit.js:1497:10)\n    at _callCircusTest (F:\\clawd\\wt-release\\node_modules\\jest-circus\\build\\jestAdapterInit.js:1007:40)\n    at processTicksAndRejections (node:internal/process/task_queues:104:5)\n    at _runTest (F:\\clawd\\wt-release\\node_modules\\jest-circus\\build\\jestAdapterInit.js:947:3)\n    at F:\\clawd\\wt-release\\node_modules\\jest-circus\\build\\jestAdapterInit.js:849:7\n    at _runTestsForDescribeBlock (F:\\clawd\\wt-release\\node_modules\\jest-circus\\build\\jestAdapterInit.js:862:11)\n    at _runTestsForDescribeBlock (F:\\clawd\\wt-release\\node_modules\\jest-circus\\build\\jestAdapterInit.js:857:11)\n    at _runTestsForDescribeBlock (F:\\clawd\\wt-release\\node_modules\\jest-circus\\build\\jestAdapterInit.js:857:11)\n    at run (F:\\clawd\\wt-release\\node_modules\\jest-circus\\build\\jestAdapterInit.js:761:3)\n    at runAndTransformResultsToJestFormat (F:\\clawd\\wt-release\\node_modules\\jest-circus\\build\\jestAdapterInit.js:1918:21)\n    at jestAdapter (F:\\clawd\\wt-release\\node_modules\\jest-circus\\build\\runner.js:101:19)\n    at runTestInternal (F:\\clawd\\wt-release\\node_modules\\jest-runner\\build\\testWorker.js:275:16)\n    at runTest (F:\\clawd\\wt-release\\node_modules\\jest-runner\\build\\testWorker.js:343:7)\n    at Object.worker (F:\\clawd\\wt-release\\node_modules\\jest-runner\\build\\testWorker.js:497:12)"],"fullName":"Canonical Resolver - Wheel-Size Trim Mapping Integration 5. showSizeChooser=false suppresses unnecessary chooser Single config trim has showSizeChooser=false","invocations":1,"location":null,"numPassingAsserts":0,"retryReasons":[],"startAt":1789842142123,"status":"failed","title":"Single config trim has showSizeChooser=false"},{"ancestorTitles":["Canonical Resolver - Wheel-Size Trim Mapping Integration","5. showSizeChooser=false suppresses unnecessary chooser"],"duration":1,"failing":false,"failureDetails":[{}],"failureMessages":["TypeError: (0 , modelAliases_1.extractBmwModelAndTrim) is not a function\n    at resolveVehicleFitment (F:\\clawd\\wt-release\\src\\lib\\fitment\\canonicalResolver.ts:345:47)\n    at Object.<anonymous> (F:\\clawd\\wt-release\\src\\lib\\fitment\\__tests__\\canonicalResolver.test.ts:577:49)\n    at Promise.finally.completed (F:\\clawd\\wt-release\\node_modules\\jest-circus\\build\\jestAdapterInit.js:1557:28)\n    at new Promise (<anonymous>)\n    at callAsyncCircusFn (F:\\clawd\\wt-release\\node_modules\\jest-circus\\build\\jestAdapterInit.js:1497:10)\n    at _callCircusTest (F:\\clawd\\wt-release\\node_modules\\jest-circus\\build\\jestAdapterInit.js:1007:40)\n    at processTicksAndRejections (node:internal/process/task_queues:104:5)\n    at _runTest (F:\\clawd\\wt-release\\node_modules\\jest-circus\\build\\jestAdapterInit.js:947:3)\n    at F:\\clawd\\wt-release\\node_modules\\jest-circus\\build\\jestAdapterInit.js:849:7\n    at _runTestsForDescribeBlock (F:\\clawd\\wt-release\\node_modules\\jest-circus\\build\\jestAdapterInit.js:862:11)\n    at _runTestsForDescribeBlock (F:\\clawd\\wt-release\\node_modules\\jest-circus\\build\\jestAdapterInit.js:857:11)\n    at _runTestsForDescribeBlock (F:\\clawd\\wt-release\\node_modules\\jest-circus\\build\\jestAdapterInit.js:857:11)\n    at run (F:\\clawd\\wt-release\\node_modules\\jest-circus\\build\\jestAdapterInit.js:761:3)\n    at runAndTransformResultsToJestFormat (F:\\clawd\\wt-release\\node_modules\\jest-circus\\build\\jestAdapterInit.js:1918:21)\n    at jestAdapter (F:\\clawd\\wt-release\\node_modules\\jest-circus\\build\\runner.js:101:19)\n    at runTestInternal (F:\\clawd\\wt-release\\node_modules\\jest-runner\\build\\testWorker.js:275:16)\n    at runTest (F:\\clawd\\wt-release\\node_modules\\jest-runner\\build\\testWorker.js:343:7)\n    at Object.worker (F:\\clawd\\wt-release\\node_modules\\jest-runner\\build\\testWorker.js:497:12)"],"fullName":"Canonical Resolver - Wheel-Size Trim Mapping Integration 5. showSizeChooser=false suppresses unnecessary chooser autoSelectedConfig contains correct wheel/tire info","invocations":1,"location":null,"numPassingAsserts":0,"retryReasons":[],"startAt":1789842142125,"status":"failed","title":"autoSelectedConfig contains correct wheel/tire info"},{"ancestorTitles":["Canonical Resolver - Wheel-Size Trim Mapping Integration","6. showSizeChooser=true returns only mapped configurations"],"duration":1,"failing":false,"failureDetails":[{}],"failureMessages":["TypeError: (0 , modelAliases_1.extractBmwModelAndTrim) is not a function\n    at resolveVehicleFitment (F:\\clawd\\wt-release\\src\\lib\\fitment\\canonicalResolver.ts:345:47)\n    at Object.<anonymous> (F:\\clawd\\wt-release\\src\\lib\\fitment\\__tests__\\canonicalResolver.test.ts:625:49)\n    at Promise.finally.completed (F:\\clawd\\wt-release\\node_modules\\jest-circus\\build\\jestAdapterInit.js:1557:28)\n    at new Promise (<anonymous>)\n    at callAsyncCircusFn (F:\\clawd\\wt-release\\node_modules\\jest-circus\\build\\jestAdapterInit.js:1497:10)\n    at _callCircusTest (F:\\clawd\\wt-release\\node_modules\\jest-circus\\build\\jestAdapterInit.js:1007:40)\n    at processTicksAndRejections (node:internal/process/task_queues:104:5)\n    at _runTest (F:\\clawd\\wt-release\\node_modules\\jest-circus\\build\\jestAdapterInit.js:947:3)\n    at F:\\clawd\\wt-release\\node_modules\\jest-circus\\build\\jestAdapterInit.js:849:7\n    at _runTestsForDescribeBlock (F:\\clawd\\wt-release\\node_modules\\jest-circus\\build\\jestAdapterInit.js:862:11)\n    at _runTestsForDescribeBlock (F:\\clawd\\wt-release\\node_modules\\jest-circus\\build\\jestAdapterInit.js:857:11)\n    at _runTestsForDescribeBlock (F:\\clawd\\wt-release\\node_modules\\jest-circus\\build\\jestAdapterInit.js:857:11)\n    at run (F:\\clawd\\wt-release\\node_modules\\jest-circus\\build\\jestAdapterInit.js:761:3)\n    at runAndTransformResultsToJestFormat (F:\\clawd\\wt-release\\node_modules\\jest-circus\\build\\jestAdapterInit.js:1918:21)\n    at jestAdapter (F:\\clawd\\wt-release\\node_modules\\jest-circus\\build\\runner.js:101:19)\n    at runTestInternal (F:\\clawd\\wt-release\\node_modules\\jest-runner\\build\\testWorker.js:275:16)\n    at runTest (F:\\clawd\\wt-release\\node_modules\\jest-runner\\build\\testWorker.js:343:7)\n    at Object.worker (F:\\clawd\\wt-release\\node_modules\\jest-runner\\build\\testWorker.js:497:12)"],"fullName":"Canonical Resolver - Wheel-Size Trim Mapping Integration 6. showSizeChooser=true returns only mapped configurations Multiple configs have showSizeChooser=true with all configs listed","invocations":1,"location":null,"numPassingAsserts":0,"retryReasons":[],"startAt":1789842142126,"status":"failed","title":"Multiple configs have showSizeChooser=true with all configs listed"},{"ancestorTitles":["Canonical Resolver - Wheel-Size Trim Mapping Integration","6. showSizeChooser=true returns only mapped configurations"],"duration":1,"failing":false,"failureDetails":[{}],"failureMessages":["TypeError: (0 , modelAliases_1.extractBmwModelAndTrim) is not a function\n    at resolveVehicleFitment (F:\\clawd\\wt-release\\src\\lib\\fitment\\canonicalResolver.ts:345:47)\n    at Object.<anonymous> (F:\\clawd\\wt-release\\src\\lib\\fitment\\__tests__\\canonicalResolver.test.ts:672:49)\n    at Promise.finally.completed (F:\\clawd\\wt-release\\node_modules\\jest-circus\\build\\jestAdapterInit.js:1557:28)\n    at new Promise (<anonymous>)\n    at callAsyncCircusFn (F:\\clawd\\wt-release\\node_modules\\jest-circus\\build\\jestAdapterInit.js:1497:10)\n    at _callCircusTest (F:\\clawd\\wt-release\\node_modules\\jest-circus\\build\\jestAdapterInit.js:1007:40)\n    at processTicksAndRejections (node:internal/process/task_queues:104:5)\n    at _runTest (F:\\clawd\\wt-release\\node_modules\\jest-circus\\build\\jestAdapterInit.js:947:3)\n    at F:\\clawd\\wt-release\\node_modules\\jest-circus\\build\\jestAdapterInit.js:849:7\n    at _runTestsForDescribeBlock (F:\\clawd\\wt-release\\node_modules\\jest-circus\\build\\jestAdapterInit.js:862:11)\n    at _runTestsForDescribeBlock (F:\\clawd\\wt-release\\node_modules\\jest-circus\\build\\jestAdapterInit.js:857:11)\n    at _runTestsForDescribeBlock (F:\\clawd\\wt-release\\node_modules\\jest-circus\\build\\jestAdapterInit.js:857:11)\n    at run (F:\\clawd\\wt-release\\node_modules\\jest-circus\\build\\jestAdapterInit.js:761:3)\n    at runAndTransformResultsToJestFormat (F:\\clawd\\wt-release\\node_modules\\jest-circus\\build\\jestAdapterInit.js:1918:21)\n    at jestAdapter (F:\\clawd\\wt-release\\node_modules\\jest-circus\\build\\runner.js:101:19)\n    at runTestInternal (F:\\clawd\\wt-release\\node_modules\\jest-runner\\build\\testWorker.js:275:16)\n    at runTest (F:\\clawd\\wt-release\\node_modules\\jest-runner\\build\\testWorker.js:343:7)\n    at Object.worker (F:\\clawd\\wt-release\\node_modules\\jest-runner\\build\\testWorker.js:497:12)"],"fullName":"Canonical Resolver - Wheel-Size Trim Mapping Integration 6. showSizeChooser=true returns only mapped configurations Chooser shows only approved configurations, not all possible sizes","invocations":1,"location":null,"numPassingAsserts":0,"retryReasons":[],"startAt":1789842142127,"status":"failed","title":"Chooser shows only approved configurations, not all possible sizes"},{"ancestorTitles":["Canonical Resolver - Wheel-Size Trim Mapping Integration","6. showSizeChooser=true returns only mapped configurations"],"duration":1,"failing":false,"failureDetails":[{}],"failureMessages":["TypeError: (0 , modelAliases_1.extractBmwModelAndTrim) is not a function\n    at resolveVehicleFitment (F:\\clawd\\wt-release\\src\\lib\\fitment\\canonicalResolver.ts:345:47)\n    at Object.<anonymous> (F:\\clawd\\wt-release\\src\\lib\\fitment\\__tests__\\canonicalResolver.test.ts:714:49)\n    at Promise.finally.completed (F:\\clawd\\wt-release\\node_modules\\jest-circus\\build\\jestAdapterInit.js:1557:28)\n    at new Promise (<anonymous>)\n    at callAsyncCircusFn (F:\\clawd\\wt-release\\node_modules\\jest-circus\\build\\jestAdapterInit.js:1497:10)\n    at _callCircusTest (F:\\clawd\\wt-release\\node_modules\\jest-circus\\build\\jestAdapterInit.js:1007:40)\n    at processTicksAndRejections (node:internal/process/task_queues:104:5)\n    at _runTest (F:\\clawd\\wt-release\\node_modules\\jest-circus\\build\\jestAdapterInit.js:947:3)\n    at F:\\clawd\\wt-release\\node_modules\\jest-circus\\build\\jestAdapterInit.js:849:7\n    at _runTestsForDescribeBlock (F:\\clawd\\wt-release\\node_modules\\jest-circus\\build\\jestAdapterInit.js:862:11)\n    at _runTestsForDescribeBlock (F:\\clawd\\wt-release\\node_modules\\jest-circus\\build\\jestAdapterInit.js:857:11)\n    at _runTestsForDescribeBlock (F:\\clawd\\wt-release\\node_modules\\jest-circus\\build\\jestAdapterInit.js:857:11)\n    at run (F:\\clawd\\wt-release\\node_modules\\jest-circus\\build\\jestAdapterInit.js:761:3)\n    at runAndTransformResultsToJestFormat (F:\\clawd\\wt-release\\node_modules\\jest-circus\\build\\jestAdapterInit.js:1918:21)\n    at jestAdapter (F:\\clawd\\wt-release\\node_modules\\jest-circus\\build\\runner.js:101:19)\n    at runTestInternal (F:\\clawd\\wt-release\\node_modules\\jest-runner\\build\\testWorker.js:275:16)\n    at runTest (F:\\clawd\\wt-release\\node_modules\\jest-runner\\build\\testWorker.js:343:7)\n    at Object.worker (F:\\clawd\\wt-release\\node_modules\\jest-runner\\build\\testWorker.js:497:12)"],"fullName":"Canonical Resolver - Wheel-Size Trim Mapping Integration 6. showSizeChooser=true returns only mapped configurations autoSelectConfig is the default configuration","invocations":1,"location":null,"numPassingAsserts":0,"retryReasons":[],"startAt":1789842142129,"status":"failed","title":"autoSelectConfig is the default configuration"},{"ancestorTitles":["Canonical Resolver - Wheel-Size Trim Mapping Integration","Edge cases"],"duration":1,"failing":false,"failureDetails":[{}],"failureMessages":["TypeError: (0 , modelAliases_1.extractBmwModelAndTrim) is not a function\n    at resolveVehicleFitment (F:\\clawd\\wt-release\\src\\lib\\fitment\\canonicalResolver.ts:345:47)\n    at Object.<anonymous> (F:\\clawd\\wt-release\\src\\lib\\fitment\\__tests__\\canonicalResolver.test.ts:743:49)\n    at Promise.finally.completed (F:\\clawd\\wt-release\\node_modules\\jest-circus\\build\\jestAdapterInit.js:1557:28)\n    at new Promise (<anonymous>)\n    at callAsyncCircusFn (F:\\clawd\\wt-release\\node_modules\\jest-circus\\build\\jestAdapterInit.js:1497:10)\n    at _callCircusTest (F:\\clawd\\wt-release\\node_modules\\jest-circus\\build\\jestAdapterInit.js:1007:40)\n    at processTicksAndRejections (node:internal/process/task_queues:104:5)\n    at _runTest (F:\\clawd\\wt-release\\node_modules\\jest-circus\\build\\jestAdapterInit.js:947:3)\n    at F:\\clawd\\wt-release\\node_modules\\jest-circus\\build\\jestAdapterInit.js:849:7\n    at _runTestsForDescribeBlock (F:\\clawd\\wt-release\\node_modules\\jest-circus\\build\\jestAdapterInit.js:862:11)\n    at _runTestsForDescribeBlock (F:\\clawd\\wt-release\\node_modules\\jest-circus\\build\\jestAdapterInit.js:857:11)\n    at _runTestsForDescribeBlock (F:\\clawd\\wt-release\\node_modules\\jest-circus\\build\\jestAdapterInit.js:857:11)\n    at run (F:\\clawd\\wt-release\\node_modules\\jest-circus\\build\\jestAdapterInit.js:761:3)\n    at runAndTransformResultsToJestFormat (F:\\clawd\\wt-release\\node_modules\\jest-circus\\build\\jestAdapterInit.js:1918:21)\n    at jestAdapter (F:\\clawd\\wt-release\\node_modules\\jest-circus\\build\\runner.js:101:19)\n    at runTestInternal (F:\\clawd\\wt-release\\node_modules\\jest-runner\\build\\testWorker.js:275:16)\n    at runTest (F:\\clawd\\wt-release\\node_modules\\jest-runner\\build\\testWorker.js:343:7)\n    at Object.worker (F:\\clawd\\wt-release\\node_modules\\jest-runner\\build\\testWorker.js:497:12)"],"fullName":"Canonical Resolver - Wheel-Size Trim Mapping Integration Edge cases No trim specified does not invoke trim mapping lookup","invocations":1,"location":null,"numPassingAsserts":0,"retryReasons":[],"startAt":1789842142130,"status":"failed","title":"No trim specified does not invoke trim mapping lookup"},{"ancestorTitles":["Canonical Resolver - Wheel-Size Trim Mapping Integration","Edge cases"],"duration":1,"failing":false,"failureDetails":[{}],"failureMessages":["TypeError: (0 , modelAliases_1.extractBmwModelAndTrim) is not a function\n    at resolveVehicleFitment (F:\\clawd\\wt-release\\src\\lib\\fitment\\canonicalResolver.ts:345:47)\n    at Object.<anonymous> (F:\\clawd\\wt-release\\src\\lib\\fitment\\__tests__\\canonicalResolver.test.ts:784:49)\n    at Promise.finally.completed (F:\\clawd\\wt-release\\node_modules\\jest-circus\\build\\jestAdapterInit.js:1557:28)\n    at new Promise (<anonymous>)\n    at callAsyncCircusFn (F:\\clawd\\wt-release\\node_modules\\jest-circus\\build\\jestAdapterInit.js:1497:10)\n    at _callCircusTest (F:\\clawd\\wt-release\\node_modules\\jest-circus\\build\\jestAdapterInit.js:1007:40)\n    at processTicksAndRejections (node:internal/process/task_queues:104:5)\n    at _runTest (F:\\clawd\\wt-release\\node_modules\\jest-circus\\build\\jestAdapterInit.js:947:3)\n    at F:\\clawd\\wt-release\\node_modules\\jest-circus\\build\\jestAdapterInit.js:849:7\n    at _runTestsForDescribeBlock (F:\\clawd\\wt-release\\node_modules\\jest-circus\\build\\jestAdapterInit.js:862:11)\n    at _runTestsForDescribeBlock (F:\\clawd\\wt-release\\node_modules\\jest-circus\\build\\jestAdapterInit.js:857:11)\n    at _runTestsForDescribeBlock (F:\\clawd\\wt-release\\node_modules\\jest-circus\\build\\jestAdapterInit.js:857:11)\n    at run (F:\\clawd\\wt-release\\node_modules\\jest-circus\\build\\jestAdapterInit.js:761:3)\n    at runAndTransformResultsToJestFormat (F:\\clawd\\wt-release\\node_modules\\jest-circus\\build\\jestAdapterInit.js:1918:21)\n    at jestAdapter (F:\\clawd\\wt-release\\node_modules\\jest-circus\\build\\runner.js:101:19)\n    at runTestInternal (F:\\clawd\\wt-release\\node_modules\\jest-runner\\build\\testWorker.js:275:16)\n    at runTest (F:\\clawd\\wt-release\\node_modules\\jest-runner\\build\\testWorker.js:343:7)\n    at Object.worker (F:\\clawd\\wt-release\\node_modules\\jest-runner\\build\\testWorker.js:497:12)"],"fullName":"Canonical Resolver - Wheel-Size Trim Mapping Integration Edge cases Mapping with needs_manual status is treated like pending","invocations":1,"location":null,"numPassingAsserts":0,"retryReasons":[],"startAt":1789842142132,"status":"failed","title":"Mapping with needs_manual status is treated like pending"}],"endTime":1789842142274,"message":"  ● Canonical Resolver - Wheel-Size Trim Mapping Integration › 1. Exact modificationId match (highest priority) › Exact modificationId beats everything, including approved trim mapping\n\n    TypeError: (0 , modelAliases_1.extractBmwModelAndTrim) is not a function\n\n    \u001b[0m \u001b[90m 343 |\u001b[39m   \u001b[90m// can find the correct data.\u001b[39m\n     \u001b[90m 344 |\u001b[39m   \u001b[90m// ─────────────────────────────────────────────────────────────────────────\u001b[39m\n    \u001b[31m\u001b[1m>\u001b[22m\u001b[39m\u001b[90m 345 |\u001b[39m   \u001b[36mconst\u001b[39m bmwExtraction \u001b[33m=\u001b[39m extractBmwModelAndTrim(make\u001b[33m,\u001b[39m model)\u001b[33m;\u001b[39m\n     \u001b[90m     |\u001b[39m                                               \u001b[31m\u001b[1m^\u001b[22m\u001b[39m\n     \u001b[90m 346 |\u001b[39m   \u001b[36mif\u001b[39m (bmwExtraction\u001b[33m.\u001b[39misBmwModelNumber \u001b[33m&&\u001b[39m bmwExtraction\u001b[33m.\u001b[39mmodelName) {\n     \u001b[90m 347 |\u001b[39m     console\u001b[33m.\u001b[39mlog(\u001b[32m`[canonicalResolver] BMW model number detected: \"${model}\" → model=\"${bmwExtraction.modelName}\", trim=\"${bmwExtraction.trimName}\"`\u001b[39m)\u001b[33m;\u001b[39m\n     \u001b[90m 348 |\u001b[39m     \u001b[90m// Override model with the series name\u001b[39m\u001b[0m\n\n      at resolveVehicleFitment (src/lib/fitment/canonicalResolver.ts:345:47)\n      at Object.<anonymous> (src/lib/fitment/__tests__/canonicalResolver.test.ts:130:49)\n\n  ● Canonical Resolver - Wheel-Size Trim Mapping Integration › 1. Exact modificationId match (highest priority) › Grouped record with exact modificationId resolves to atomic trim\n\n    TypeError: (0 , modelAliases_1.extractBmwModelAndTrim) is not a function\n\n    \u001b[0m \u001b[90m 343 |\u001b[39m   \u001b[90m// can find the correct data.\u001b[39m\n     \u001b[90m 344 |\u001b[39m   \u001b[90m// ─────────────────────────────────────────────────────────────────────────\u001b[39m\n    \u001b[31m\u001b[1m>\u001b[22m\u001b[39m\u001b[90m 345 |\u001b[39m   \u001b[36mconst\u001b[39m bmwExtraction \u001b[33m=\u001b[39m extractBmwModelAndTrim(make\u001b[33m,\u001b[39m model)\u001b[33m;\u001b[39m\n     \u001b[90m     |\u001b[39m                                               \u001b[31m\u001b[1m^\u001b[22m\u001b[39m\n     \u001b[90m 346 |\u001b[39m   \u001b[36mif\u001b[39m (bmwExtraction\u001b[33m.\u001b[39misBmwModelNumber \u001b[33m&&\u001b[39m bmwExtraction\u001b[33m.\u001b[39mmodelName) {\n     \u001b[90m 347 |\u001b[39m     console\u001b[33m.\u001b[39mlog(\u001b[32m`[canonicalResolver] BMW model number detected: \"${model}\" → model=\"${bmwExtraction.modelName}\", trim=\"${bmwExtraction.trimName}\"`\u001b[39m)\u001b[33m;\u001b[39m\n     \u001b[90m 348 |\u001b[39m     \u001b[90m// Override model with the series name\u001b[39m\u001b[0m\n\n      at resolveVehicleFitment (src/lib/fitment/canonicalResolver.ts:345:47)\n      at Object.<anonymous> (src/lib/fitment/__tests__/canonicalResolver.test.ts:158:49)\n\n  ● Canonical Resolver - Wheel-Size Trim Mapping Integration › 2. Approved trim mapping beats grouped fallback › Approved high-confidence mapping is used\n\n    TypeError: (0 , modelAliases_1.extractBmwModelAndTrim) is not a function\n\n    \u001b[0m \u001b[90m 343 |\u001b[39m   \u001b[90m// can find the correct data.\u001b[39m\n     \u001b[90m 344 |\u001b[39m   \u001b[90m// ─────────────────────────────────────────────────────────────────────────\u001b[39m\n    \u001b[31m\u001b[1m>\u001b[22m\u001b[39m\u001b[90m 345 |\u001b[39m   \u001b[36mconst\u001b[39m bmwExtraction \u001b[33m=\u001b[39m extractBmwModelAndTrim(make\u001b[33m,\u001b[39m model)\u001b[33m;\u001b[39m\n     \u001b[90m     |\u001b[39m                                               \u001b[31m\u001b[1m^\u001b[22m\u001b[39m\n     \u001b[90m 346 |\u001b[39m   \u001b[36mif\u001b[39m (bmwExtraction\u001b[33m.\u001b[39misBmwModelNumber \u001b[33m&&\u001b[39m bmwExtraction\u001b[33m.\u001b[39mmodelName) {\n     \u001b[90m 347 |\u001b[39m     console\u001b[33m.\u001b[39mlog(\u001b[32m`[canonicalResolver] BMW model number detected: \"${model}\" → model=\"${bmwExtraction.modelName}\", trim=\"${bmwExtraction.trimName}\"`\u001b[39m)\u001b[33m;\u001b[39m\n     \u001b[90m 348 |\u001b[39m     \u001b[90m// Override model with the series name\u001b[39m\u001b[0m\n\n      at resolveVehicleFitment (src/lib/fitment/canonicalResolver.ts:345:47)\n      at Object.<anonymous> (src/lib/fitment/__tests__/canonicalResolver.test.ts:208:49)\n\n  ● Canonical Resolver - Wheel-Size Trim Mapping Integration › 2. Approved trim mapping beats grouped fallback › Approved medium-confidence mapping is used\n\n    TypeError: (0 , modelAliases_1.extractBmwModelAndTrim) is not a function\n\n    \u001b[0m \u001b[90m 343 |\u001b[39m   \u001b[90m// can find the correct data.\u001b[39m\n     \u001b[90m 344 |\u001b[39m   \u001b[90m// ─────────────────────────────────────────────────────────────────────────\u001b[39m\n    \u001b[31m\u001b[1m>\u001b[22m\u001b[39m\u001b[90m 345 |\u001b[39m   \u001b[36mconst\u001b[39m bmwExtraction \u001b[33m=\u001b[39m extractBmwModelAndTrim(make\u001b[33m,\u001b[39m model)\u001b[33m;\u001b[39m\n     \u001b[90m     |\u001b[39m                                               \u001b[31m\u001b[1m^\u001b[22m\u001b[39m\n     \u001b[90m 346 |\u001b[39m   \u001b[36mif\u001b[39m (bmwExtraction\u001b[33m.\u001b[39misBmwModelNumber \u001b[33m&&\u001b[39m bmwExtraction\u001b[33m.\u001b[39mmodelName) {\n     \u001b[90m 347 |\u001b[39m     console\u001b[33m.\u001b[39mlog(\u001b[32m`[canonicalResolver] BMW model number detected: \"${model}\" → model=\"${bmwExtraction.modelName}\", trim=\"${bmwExtraction.trimName}\"`\u001b[39m)\u001b[33m;\u001b[39m\n     \u001b[90m 348 |\u001b[39m     \u001b[90m// Override model with the series name\u001b[39m\u001b[0m\n\n      at resolveVehicleFitment (src/lib/fitment/canonicalResolver.ts:345:47)\n      at Object.<anonymous> (src/lib/fitment/__tests__/canonicalResolver.test.ts:253:49)\n\n  ● Canonical Resolver - Wheel-Size Trim Mapping Integration › 2. Approved trim mapping beats grouped fallback › Debug metadata includes trim mapping info\n\n    TypeError: (0 , modelAliases_1.extractBmwModelAndTrim) is not a function\n\n    \u001b[0m \u001b[90m 343 |\u001b[39m   \u001b[90m// can find the correct data.\u001b[39m\n     \u001b[90m 344 |\u001b[39m   \u001b[90m// ─────────────────────────────────────────────────────────────────────────\u001b[39m\n    \u001b[31m\u001b[1m>\u001b[22m\u001b[39m\u001b[90m 345 |\u001b[39m   \u001b[36mconst\u001b[39m bmwExtraction \u001b[33m=\u001b[39m extractBmwModelAndTrim(make\u001b[33m,\u001b[39m model)\u001b[33m;\u001b[39m\n     \u001b[90m     |\u001b[39m                                               \u001b[31m\u001b[1m^\u001b[22m\u001b[39m\n     \u001b[90m 346 |\u001b[39m   \u001b[36mif\u001b[39m (bmwExtraction\u001b[33m.\u001b[39misBmwModelNumber \u001b[33m&&\u001b[39m bmwExtraction\u001b[33m.\u001b[39mmodelName) {\n     \u001b[90m 347 |\u001b[39m     console\u001b[33m.\u001b[39mlog(\u001b[32m`[canonicalResolver] BMW model number detected: \"${model}\" → model=\"${bmwExtraction.modelName}\", trim=\"${bmwExtraction.trimName}\"`\u001b[39m)\u001b[33m;\u001b[39m\n     \u001b[90m 348 |\u001b[39m     \u001b[90m// Override model with the series name\u001b[39m\u001b[0m\n\n      at resolveVehicleFitment (src/lib/fitment/canonicalResolver.ts:345:47)\n      at Object.<anonymous> (src/lib/fitment/__tests__/canonicalResolver.test.ts:288:49)\n\n  ● Canonical Resolver - Wheel-Size Trim Mapping Integration › 3. No mapping keeps old behavior › Falls through to exact canonical trim match when no mapping exists\n\n    TypeError: (0 , modelAliases_1.extractBmwModelAndTrim) is not a function\n\n    \u001b[0m \u001b[90m 343 |\u001b[39m   \u001b[90m// can find the correct data.\u001b[39m\n     \u001b[90m 344 |\u001b[39m   \u001b[90m// ─────────────────────────────────────────────────────────────────────────\u001b[39m\n    \u001b[31m\u001b[1m>\u001b[22m\u001b[39m\u001b[90m 345 |\u001b[39m   \u001b[36mconst\u001b[39m bmwExtraction \u001b[33m=\u001b[39m extractBmwModelAndTrim(make\u001b[33m,\u001b[39m model)\u001b[33m;\u001b[39m\n     \u001b[90m     |\u001b[39m                                               \u001b[31m\u001b[1m^\u001b[22m\u001b[39m\n     \u001b[90m 346 |\u001b[39m   \u001b[36mif\u001b[39m (bmwExtraction\u001b[33m.\u001b[39misBmwModelNumber \u001b[33m&&\u001b[39m bmwExtraction\u001b[33m.\u001b[39mmodelName) {\n     \u001b[90m 347 |\u001b[39m     console\u001b[33m.\u001b[39mlog(\u001b[32m`[canonicalResolver] BMW model number detected: \"${model}\" → model=\"${bmwExtraction.modelName}\", trim=\"${bmwExtraction.trimName}\"`\u001b[39m)\u001b[33m;\u001b[39m\n     \u001b[90m 348 |\u001b[39m     \u001b[90m// Override model with the series name\u001b[39m\u001b[0m\n\n      at resolveVehicleFitment (src/lib/fitment/canonicalResolver.ts:345:47)\n      at Object.<anonymous> (src/lib/fitment/__tests__/canonicalResolver.test.ts:330:49)\n\n  ● Canonical Resolver - Wheel-Size Trim Mapping Integration › 3. No mapping keeps old behavior › trimMapping.found is false when no mapping exists\n\n    TypeError: (0 , modelAliases_1.extractBmwModelAndTrim) is not a function\n\n    \u001b[0m \u001b[90m 343 |\u001b[39m   \u001b[90m// can find the correct data.\u001b[39m\n     \u001b[90m 344 |\u001b[39m   \u001b[90m// ─────────────────────────────────────────────────────────────────────────\u001b[39m\n    \u001b[31m\u001b[1m>\u001b[22m\u001b[39m\u001b[90m 345 |\u001b[39m   \u001b[36mconst\u001b[39m bmwExtraction \u001b[33m=\u001b[39m extractBmwModelAndTrim(make\u001b[33m,\u001b[39m model)\u001b[33m;\u001b[39m\n     \u001b[90m     |\u001b[39m                                               \u001b[31m\u001b[1m^\u001b[22m\u001b[39m\n     \u001b[90m 346 |\u001b[39m   \u001b[36mif\u001b[39m (bmwExtraction\u001b[33m.\u001b[39misBmwModelNumber \u001b[33m&&\u001b[39m bmwExtraction\u001b[33m.\u001b[39mmodelName) {\n     \u001b[90m 347 |\u001b[39m     console\u001b[33m.\u001b[39mlog(\u001b[32m`[canonicalResolver] BMW model number detected: \"${model}\" → model=\"${bmwExtraction.modelName}\", trim=\"${bmwExtraction.trimName}\"`\u001b[39m)\u001b[33m;\u001b[39m\n     \u001b[90m 348 |\u001b[39m     \u001b[90m// Override model with the series name\u001b[39m\u001b[0m\n\n      at resolveVehicleFitment (src/lib/fitment/canonicalResolver.ts:345:47)\n      at Object.<anonymous> (src/lib/fitment/__tests__/canonicalResolver.test.ts:358:49)\n\n  ● Canonical Resolver - Wheel-Size Trim Mapping Integration › 4. Rejected/pending mappings are ignored › Pending mapping is ignored - falls through to other resolution\n\n    TypeError: (0 , modelAliases_1.extractBmwModelAndTrim) is not a function\n\n    \u001b[0m \u001b[90m 343 |\u001b[39m   \u001b[90m// can find the correct data.\u001b[39m\n     \u001b[90m 344 |\u001b[39m   \u001b[90m// ─────────────────────────────────────────────────────────────────────────\u001b[39m\n    \u001b[31m\u001b[1m>\u001b[22m\u001b[39m\u001b[90m 345 |\u001b[39m   \u001b[36mconst\u001b[39m bmwExtraction \u001b[33m=\u001b[39m extractBmwModelAndTrim(make\u001b[33m,\u001b[39m model)\u001b[33m;\u001b[39m\n     \u001b[90m     |\u001b[39m                                               \u001b[31m\u001b[1m^\u001b[22m\u001b[39m\n     \u001b[90m 346 |\u001b[39m   \u001b[36mif\u001b[39m (bmwExtraction\u001b[33m.\u001b[39misBmwModelNumber \u001b[33m&&\u001b[39m bmwExtraction\u001b[33m.\u001b[39mmodelName) {\n     \u001b[90m 347 |\u001b[39m     console\u001b[33m.\u001b[39mlog(\u001b[32m`[canonicalResolver] BMW model number detected: \"${model}\" → model=\"${bmwExtraction.modelName}\", trim=\"${bmwExtraction.trimName}\"`\u001b[39m)\u001b[33m;\u001b[39m\n     \u001b[90m 348 |\u001b[39m     \u001b[90m// Override model with the series name\u001b[39m\u001b[0m\n\n      at resolveVehicleFitment (src/lib/fitment/canonicalResolver.ts:345:47)\n      at Object.<anonymous> (src/lib/fitment/__tests__/canonicalResolver.test.ts:406:49)\n\n  ● Canonical Resolver - Wheel-Size Trim Mapping Integration › 4. Rejected/pending mappings are ignored › Rejected mapping is ignored\n\n    TypeError: (0 , modelAliases_1.extractBmwModelAndTrim) is not a function\n\n    \u001b[0m \u001b[90m 343 |\u001b[39m   \u001b[90m// can find the correct data.\u001b[39m\n     \u001b[90m 344 |\u001b[39m   \u001b[90m// ─────────────────────────────────────────────────────────────────────────\u001b[39m\n    \u001b[31m\u001b[1m>\u001b[22m\u001b[39m\u001b[90m 345 |\u001b[39m   \u001b[36mconst\u001b[39m bmwExtraction \u001b[33m=\u001b[39m extractBmwModelAndTrim(make\u001b[33m,\u001b[39m model)\u001b[33m;\u001b[39m\n     \u001b[90m     |\u001b[39m                                               \u001b[31m\u001b[1m^\u001b[22m\u001b[39m\n     \u001b[90m 346 |\u001b[39m   \u001b[36mif\u001b[39m (bmwExtraction\u001b[33m.\u001b[39misBmwModelNumber \u001b[33m&&\u001b[39m bmwExtraction\u001b[33m.\u001b[39mmodelName) {\n     \u001b[90m 347 |\u001b[39m     console\u001b[33m.\u001b[39mlog(\u001b[32m`[canonicalResolver] BMW model number detected: \"${model}\" → model=\"${bmwExtraction.modelName}\", trim=\"${bmwExtraction.trimName}\"`\u001b[39m)\u001b[33m;\u001b[39m\n     \u001b[90m 348 |\u001b[39m     \u001b[90m// Override model with the series name\u001b[39m\u001b[0m\n\n      at resolveVehicleFitment (src/lib/fitment/canonicalResolver.ts:345:47)\n      at Object.<anonymous> (src/lib/fitment/__tests__/canonicalResolver.test.ts:449:49)\n\n  ● Canonical Resolver - Wheel-Size Trim Mapping Integration › 4. Rejected/pending mappings are ignored › Low confidence mapping is ignored even if approved\n\n    TypeError: (0 , modelAliases_1.extractBmwModelAndTrim) is not a function\n\n    \u001b[0m \u001b[90m 343 |\u001b[39m   \u001b[90m// can find the correct data.\u001b[39m\n     \u001b[90m 344 |\u001b[39m   \u001b[90m// ─────────────────────────────────────────────────────────────────────────\u001b[39m\n    \u001b[31m\u001b[1m>\u001b[22m\u001b[39m\u001b[90m 345 |\u001b[39m   \u001b[36mconst\u001b[39m bmwExtraction \u001b[33m=\u001b[39m extractBmwModelAndTrim(make\u001b[33m,\u001b[39m model)\u001b[33m;\u001b[39m\n     \u001b[90m     |\u001b[39m                                               \u001b[31m\u001b[1m^\u001b[22m\u001b[39m\n     \u001b[90m 346 |\u001b[39m   \u001b[36mif\u001b[39m (bmwExtraction\u001b[33m.\u001b[39misBmwModelNumber \u001b[33m&&\u001b[39m bmwExtraction\u001b[33m.\u001b[39mmodelName) {\n     \u001b[90m 347 |\u001b[39m     console\u001b[33m.\u001b[39mlog(\u001b[32m`[canonicalResolver] BMW model number detected: \"${model}\" → model=\"${bmwExtraction.modelName}\", trim=\"${bmwExtraction.trimName}\"`\u001b[39m)\u001b[33m;\u001b[39m\n     \u001b[90m 348 |\u001b[39m     \u001b[90m// Override model with the series name\u001b[39m\u001b[0m\n\n      at resolveVehicleFitment (src/lib/fitment/canonicalResolver.ts:345:47)\n      at Object.<anonymous> (src/lib/fitment/__tests__/canonicalResolver.test.ts:490:49)\n\n  ● Canonical Resolver - Wheel-Size Trim Mapping Integration › 5. showSizeChooser=false suppresses unnecessary chooser › Single config trim has showSizeChooser=false\n\n    TypeError: (0 , modelAliases_1.extractBmwModelAndTrim) is not a function\n\n    \u001b[0m \u001b[90m 343 |\u001b[39m   \u001b[90m// can find the correct data.\u001b[39m\n     \u001b[90m 344 |\u001b[39m   \u001b[90m// ─────────────────────────────────────────────────────────────────────────\u001b[39m\n    \u001b[31m\u001b[1m>\u001b[22m\u001b[39m\u001b[90m 345 |\u001b[39m   \u001b[36mconst\u001b[39m bmwExtraction \u001b[33m=\u001b[39m extractBmwModelAndTrim(make\u001b[33m,\u001b[39m model)\u001b[33m;\u001b[39m\n     \u001b[90m     |\u001b[39m                                               \u001b[31m\u001b[1m^\u001b[22m\u001b[39m\n     \u001b[90m 346 |\u001b[39m   \u001b[36mif\u001b[39m (bmwExtraction\u001b[33m.\u001b[39misBmwModelNumber \u001b[33m&&\u001b[39m bmwExtraction\u001b[33m.\u001b[39mmodelName) {\n     \u001b[90m 347 |\u001b[39m     console\u001b[33m.\u001b[39mlog(\u001b[32m`[canonicalResolver] BMW model number detected: \"${model}\" → model=\"${bmwExtraction.modelName}\", trim=\"${bmwExtraction.trimName}\"`\u001b[39m)\u001b[33m;\u001b[39m\n     \u001b[90m 348 |\u001b[39m     \u001b[90m// Override model with the series name\u001b[39m\u001b[0m\n\n      at resolveVehicleFitment (src/lib/fitment/canonicalResolver.ts:345:47)\n      at Object.<anonymous> (src/lib/fitment/__tests__/canonicalResolver.test.ts:534:49)\n\n  ● Canonical Resolver - Wheel-Size Trim Mapping Integration › 5. showSizeChooser=false suppresses unnecessary chooser › autoSelectedConfig contains correct wheel/tire info\n\n    TypeError: (0 , modelAliases_1.extractBmwModelAndTrim) is not a function\n\n    \u001b[0m \u001b[90m 343 |\u001b[39m   \u001b[90m// can find the correct data.\u001b[39m\n     \u001b[90m 344 |\u001b[39m   \u001b[90m// ─────────────────────────────────────────────────────────────────────────\u001b[39m\n    \u001b[31m\u001b[1m>\u001b[22m\u001b[39m\u001b[90m 345 |\u001b[39m   \u001b[36mconst\u001b[39m bmwExtraction \u001b[33m=\u001b[39m extractBmwModelAndTrim(make\u001b[33m,\u001b[39m model)\u001b[33m;\u001b[39m\n     \u001b[90m     |\u001b[39m                                               \u001b[31m\u001b[1m^\u001b[22m\u001b[39m\n     \u001b[90m 346 |\u001b[39m   \u001b[36mif\u001b[39m (bmwExtraction\u001b[33m.\u001b[39misBmwModelNumber \u001b[33m&&\u001b[39m bmwExtraction\u001b[33m.\u001b[39mmodelName) {\n     \u001b[90m 347 |\u001b[39m     console\u001b[33m.\u001b[39mlog(\u001b[32m`[canonicalResolver] BMW model number detected: \"${model}\" → model=\"${bmwExtraction.modelName}\", trim=\"${bmwExtraction.trimName}\"`\u001b[39m)\u001b[33m;\u001b[39m\n     \u001b[90m 348 |\u001b[39m     \u001b[90m// Override model with the series name\u001b[39m\u001b[0m\n\n      at resolveVehicleFitment (src/lib/fitment/canonicalResolver.ts:345:47)\n      at Object.<anonymous> (src/lib/fitment/__tests__/canonicalResolver.test.ts:577:49)\n\n  ● Canonical Resolver - Wheel-Size Trim Mapping Integration › 6. showSizeChooser=true returns only mapped configurations › Multiple configs have showSizeChooser=true with all configs listed\n\n    TypeError: (0 , modelAliases_1.extractBmwModelAndTrim) is not a function\n\n    \u001b[0m \u001b[90m 343 |\u001b[39m   \u001b[90m// can find the correct data.\u001b[39m\n     \u001b[90m 344 |\u001b[39m   \u001b[90m// ─────────────────────────────────────────────────────────────────────────\u001b[39m\n    \u001b[31m\u001b[1m>\u001b[22m\u001b[39m\u001b[90m 345 |\u001b[39m   \u001b[36mconst\u001b[39m bmwExtraction \u001b[33m=\u001b[39m extractBmwModelAndTrim(make\u001b[33m,\u001b[39m model)\u001b[33m;\u001b[39m\n     \u001b[90m     |\u001b[39m                                               \u001b[31m\u001b[1m^\u001b[22m\u001b[39m\n     \u001b[90m 346 |\u001b[39m   \u001b[36mif\u001b[39m (bmwExtraction\u001b[33m.\u001b[39misBmwModelNumber \u001b[33m&&\u001b[39m bmwExtraction\u001b[33m.\u001b[39mmodelName) {\n     \u001b[90m 347 |\u001b[39m     console\u001b[33m.\u001b[39mlog(\u001b[32m`[canonicalResolver] BMW model number detected: \"${model}\" → model=\"${bmwExtraction.modelName}\", trim=\"${bmwExtraction.trimName}\"`\u001b[39m)\u001b[33m;\u001b[39m\n     \u001b[90m 348 |\u001b[39m     \u001b[90m// Override model with the series name\u001b[39m\u001b[0m\n\n      at resolveVehicleFitment (src/lib/fitment/canonicalResolver.ts:345:47)\n      at Object.<anonymous> (src/lib/fitment/__tests__/canonicalResolver.test.ts:625:49)\n\n  ● Canonical Resolver - Wheel-Size Trim Mapping Integration › 6. showSizeChooser=true returns only mapped configurations › Chooser shows only approved configurations, not all possible sizes\n\n    TypeError: (0 , modelAliases_1.extractBmwModelAndTrim) is not a function\n\n    \u001b[0m \u001b[90m 343 |\u001b[39m   \u001b[90m// can find the correct data.\u001b[39m\n     \u001b[90m 344 |\u001b[39m   \u001b[90m// ─────────────────────────────────────────────────────────────────────────\u001b[39m\n    \u001b[31m\u001b[1m>\u001b[22m\u001b[39m\u001b[90m 345 |\u001b[39m   \u001b[36mconst\u001b[39m bmwExtraction \u001b[33m=\u001b[39m extractBmwModelAndTrim(make\u001b[33m,\u001b[39m model)\u001b[33m;\u001b[39m\n     \u001b[90m     |\u001b[39m                                               \u001b[31m\u001b[1m^\u001b[22m\u001b[39m\n     \u001b[90m 346 |\u001b[39m   \u001b[36mif\u001b[39m (bmwExtraction\u001b[33m.\u001b[39misBmwModelNumber \u001b[33m&&\u001b[39m bmwExtraction\u001b[33m.\u001b[39mmodelName) {\n     \u001b[90m 347 |\u001b[39m     console\u001b[33m.\u001b[39mlog(\u001b[32m`[canonicalResolver] BMW model number detected: \"${model}\" → model=\"${bmwExtraction.modelName}\", trim=\"${bmwExtraction.trimName}\"`\u001b[39m)\u001b[33m;\u001b[39m\n     \u001b[90m 348 |\u001b[39m     \u001b[90m// Override model with the series name\u001b[39m\u001b[0m\n\n      at resolveVehicleFitment (src/lib/fitment/canonicalResolver.ts:345:47)\n      at Object.<anonymous> (src/lib/fitment/__tests__/canonicalResolver.test.ts:672:49)\n\n  ● Canonical Resolver - Wheel-Size Trim Mapping Integration › 6. showSizeChooser=true returns only mapped configurations › autoSelectConfig is the default configuration\n\n    TypeError: (0 , modelAliases_1.extractBmwModelAndTrim) is not a function\n\n    \u001b[0m \u001b[90m 343 |\u001b[39m   \u001b[90m// can find the correct data.\u001b[39m\n     \u001b[90m 344 |\u001b[39m   \u001b[90m// ─────────────────────────────────────────────────────────────────────────\u001b[39m\n    \u001b[31m\u001b[1m>\u001b[22m\u001b[39m\u001b[90m 345 |\u001b[39m   \u001b[36mconst\u001b[39m bmwExtraction \u001b[33m=\u001b[39m extractBmwModelAndTrim(make\u001b[33m,\u001b[39m model)\u001b[33m;\u001b[39m\n     \u001b[90m     |\u001b[39m                                               \u001b[31m\u001b[1m^\u001b[22m\u001b[39m\n     \u001b[90m 346 |\u001b[39m   \u001b[36mif\u001b[39m (bmwExtraction\u001b[33m.\u001b[39misBmwModelNumber \u001b[33m&&\u001b[39m bmwExtraction\u001b[33m.\u001b[39mmodelName) {\n     \u001b[90m 347 |\u001b[39m     console\u001b[33m.\u001b[39mlog(\u001b[32m`[canonicalResolver] BMW model number detected: \"${model}\" → model=\"${bmwExtraction.modelName}\", trim=\"${bmwExtraction.trimName}\"`\u001b[39m)\u001b[33m;\u001b[39m\n     \u001b[90m 348 |\u001b[39m     \u001b[90m// Override model with the series name\u001b[39m\u001b[0m\n\n      at resolveVehicleFitment (src/lib/fitment/canonicalResolver.ts:345:47)\n      at Object.<anonymous> (src/lib/fitment/__tests__/canonicalResolver.test.ts:714:49)\n\n  ● Canonical Resolver - Wheel-Size Trim Mapping Integration › Edge cases › No trim specified does not invoke trim mapping lookup\n\n    TypeError: (0 , modelAliases_1.extractBmwModelAndTrim) is not a function\n\n    \u001b[0m \u001b[90m 343 |\u001b[39m   \u001b[90m// can find the correct data.\u001b[39m\n     \u001b[90m 344 |\u001b[39m   \u001b[90m// ─────────────────────────────────────────────────────────────────────────\u001b[39m\n    \u001b[31m\u001b[1m>\u001b[22m\u001b[39m\u001b[90m 345 |\u001b[39m   \u001b[36mconst\u001b[39m bmwExtraction \u001b[33m=\u001b[39m extractBmwModelAndTrim(make\u001b[33m,\u001b[39m model)\u001b[33m;\u001b[39m\n     \u001b[90m     |\u001b[39m                                               \u001b[31m\u001b[1m^\u001b[22m\u001b[39m\n     \u001b[90m 346 |\u001b[39m   \u001b[36mif\u001b[39m (bmwExtraction\u001b[33m.\u001b[39misBmwModelNumber \u001b[33m&&\u001b[39m bmwExtraction\u001b[33m.\u001b[39mmodelName) {\n     \u001b[90m 347 |\u001b[39m     console\u001b[33m.\u001b[39mlog(\u001b[32m`[canonicalResolver] BMW model number detected: \"${model}\" → model=\"${bmwExtraction.modelName}\", trim=\"${bmwExtraction.trimName}\"`\u001b[39m)\u001b[33m;\u001b[39m\n     \u001b[90m 348 |\u001b[39m     \u001b[90m// Override model with the series name\u001b[39m\u001b[0m\n\n      at resolveVehicleFitment (src/lib/fitment/canonicalResolver.ts:345:47)\n      at Object.<anonymous> (src/lib/fitment/__tests__/canonicalResolver.test.ts:743:49)\n\n  ● Canonical Resolver - Wheel-Size Trim Mapping Integration › Edge cases › Mapping with needs_manual status is treated like pending\n\n    TypeError: (0 , modelAliases_1.extractBmwModelAndTrim) is not a function\n\n    \u001b[0m \u001b[90m 343 |\u001b[39m   \u001b[90m// can find the correct data.\u001b[39m\n     \u001b[90m 344 |\u001b[39m   \u001b[90m// ─────────────────────────────────────────────────────────────────────────\u001b[39m\n    \u001b[31m\u001b[1m>\u001b[22m\u001b[39m\u001b[90m 345 |\u001b[39m   \u001b[36mconst\u001b[39m bmwExtraction \u001b[33m=\u001b[39m extractBmwModelAndTrim(make\u001b[33m,\u001b[39m model)\u001b[33m;\u001b[39m\n     \u001b[90m     |\u001b[39m                                               \u001b[31m\u001b[1m^\u001b[22m\u001b[39m\n     \u001b[90m 346 |\u001b[39m   \u001b[36mif\u001b[39m (bmwExtraction\u001b[33m.\u001b[39misBmwModelNumber \u001b[33m&&\u001b[39m bmwExtraction\u001b[33m.\u001b[39mmodelName) {\n     \u001b[90m 347 |\u001b[39m     console\u001b[33m.\u001b[39mlog(\u001b[32m`[canonicalResolver] BMW model number detected: \"${model}\" → model=\"${bmwExtraction.modelName}\", trim=\"${bmwExtraction.trimName}\"`\u001b[39m)\u001b[33m;\u001b[39m\n     \u001b[90m 348 |\u001b[39m     \u001b[90m// Override model with the series name\u001b[39m\u001b[0m\n\n      at resolveVehicleFitment (src/lib/fitment/canonicalResolver.ts:345:47)\n      at Object.<anonymous> (src/lib/fitment/__tests__/canonicalResolver.test.ts:784:49)\n","name":"F:\\clawd\\wt-release\\src\\lib\\fitment\\__tests__\\canonicalResolver.test.ts","startTime":1789842141264,"status":"failed","summary":""},{"assertionResults":[{"ancestorTitles":["parseLoadIndex"],"duration":2,"failing":false,"failureDetails":[],"failureMessages":[],"fullName":"parseLoadIndex parses simple numeric badge","invocations":1,"location":null,"numPassingAsserts":3,"retryReasons":[],"startAt":1789842142362,"status":"passed","title":"parses simple numeric badge"},{"ancestorTitles":["parseLoadIndex"],"duration":1,"failing":false,"failureDetails":[],"failureMessages":[],"fullName":"parseLoadIndex parses LT dual rating (uses first/single value)","invocations":1,"location":null,"numPassingAsserts":2,"retryReasons":[],"startAt":1789842142364,"status":"passed","title":"parses LT dual rating (uses first/single value)"},{"ancestorTitles":["parseLoadIndex"],"duration":0,"failing":false,"failureDetails":[],"failureMessages":[],"fullName":"parseLoadIndex parses badge with speed rating suffix","invocations":1,"location":null,"numPassingAsserts":3,"retryReasons":[],"startAt":1789842142365,"status":"passed","title":"parses badge with speed rating suffix"},{"ancestorTitles":["parseLoadIndex"],"duration":0,"failing":false,"failureDetails":[],"failureMessages":[],"fullName":"parseLoadIndex parses numeric input","invocations":1,"location":null,"numPassingAsserts":2,"retryReasons":[],"startAt":1789842142366,"status":"passed","title":"parses numeric input"},{"ancestorTitles":["parseLoadIndex"],"duration":1,"failing":false,"failureDetails":[],"failureMessages":[],"fullName":"parseLoadIndex returns null for invalid inputs","invocations":1,"location":null,"numPassingAsserts":5,"retryReasons":[],"startAt":1789842142366,"status":"passed","title":"returns null for invalid inputs"},{"ancestorTitles":["parseLoadIndex"],"duration":0,"failing":false,"failureDetails":[],"failureMessages":[],"fullName":"parseLoadIndex rejects out-of-range values","invocations":1,"location":null,"numPassingAsserts":4,"retryReasons":[],"startAt":1789842142367,"status":"passed","title":"rejects out-of-range values"},{"ancestorTitles":["resolveRequiredLoadIndex"],"duration":2,"failing":false,"failureDetails":[],"failureMessages":[],"fullName":"resolveRequiredLoadIndex returns null for empty spec","invocations":1,"location":null,"numPassingAsserts":3,"retryReasons":[],"startAt":1789842142367,"status":"passed","title":"returns null for empty spec"},{"ancestorTitles":["resolveRequiredLoadIndex"],"duration":1,"failing":false,"failureDetails":[],"failureMessages":[],"fullName":"resolveRequiredLoadIndex returns single value when no per-axle values","invocations":1,"location":null,"numPassingAsserts":4,"retryReasons":[],"startAt":1789842142369,"status":"passed","title":"returns single value when no per-axle values"},{"ancestorTitles":["resolveRequiredLoadIndex"],"duration":1,"failing":false,"failureDetails":[],"failureMessages":[],"fullName":"resolveRequiredLoadIndex uses per-axle values when present","invocations":1,"location":null,"numPassingAsserts":2,"retryReasons":[],"startAt":1789842142371,"status":"passed","title":"uses per-axle values when present"},{"ancestorTitles":["resolveRequiredLoadIndex"],"duration":0,"failing":false,"failureDetails":[],"failureMessages":[],"fullName":"resolveRequiredLoadIndex uses max of per-axle for 'both'","invocations":1,"location":null,"numPassingAsserts":1,"retryReasons":[],"startAt":1789842142372,"status":"passed","title":"uses max of per-axle for 'both'"},{"ancestorTitles":["resolveRequiredLoadIndex"],"duration":0,"failing":false,"failureDetails":[],"failureMessages":[],"fullName":"resolveRequiredLoadIndex falls back to single when per-axle is null","invocations":1,"location":null,"numPassingAsserts":1,"retryReasons":[],"startAt":1789842142373,"status":"passed","title":"falls back to single when per-axle is null"},{"ancestorTitles":["assessLoadIndex","when required minimum is missing (no verification possible)"],"duration":1,"failing":false,"failureDetails":[],"failureMessages":[],"fullName":"assessLoadIndex when required minimum is missing (no verification possible) returns loadIndexChecked:false, fitBadgeAllowed:false, packageEligible:true","invocations":1,"location":null,"numPassingAsserts":8,"retryReasons":[],"startAt":1789842142373,"status":"passed","title":"returns loadIndexChecked:false, fitBadgeAllowed:false, packageEligible:true"},{"ancestorTitles":["assessLoadIndex","when tire load index is unknown"],"duration":1,"failing":false,"failureDetails":[],"failureMessages":[],"fullName":"assessLoadIndex when tire load index is unknown returns loadIndexChecked:false, fitBadgeAllowed:false, packageEligible:true","invocations":1,"location":null,"numPassingAsserts":8,"retryReasons":[],"startAt":1789842142374,"status":"passed","title":"returns loadIndexChecked:false, fitBadgeAllowed:false, packageEligible:true"},{"ancestorTitles":["assessLoadIndex","when tire meets required minimum"],"duration":1,"failing":false,"failureDetails":[],"failureMessages":[],"fullName":"assessLoadIndex when tire meets required minimum returns loadIndexOk:true, packageEligible:true, but fitBadgeAllowed:false (unverified source cannot certify)","invocations":1,"location":null,"numPassingAsserts":10,"retryReasons":[],"startAt":1789842142375,"status":"passed","title":"returns loadIndexOk:true, packageEligible:true, but fitBadgeAllowed:false (unverified source cannot certify)"},{"ancestorTitles":["assessLoadIndex","when tire meets required minimum"],"duration":0,"failing":false,"failureDetails":[],"failureMessages":[],"fullName":"assessLoadIndex when tire meets required minimum compatible when tire exceeds required, still no badge from unverified source","invocations":1,"location":null,"numPassingAsserts":3,"retryReasons":[],"startAt":1789842142376,"status":"passed","title":"compatible when tire exceeds required, still no badge from unverified source"},{"ancestorTitles":["assessLoadIndex","when tire is below required minimum"],"duration":1,"failing":false,"failureDetails":[],"failureMessages":[],"fullName":"assessLoadIndex when tire is below required minimum returns loadIndexOk:false, fitBadgeAllowed:false, packageEligible:false","invocations":1,"location":null,"numPassingAsserts":9,"retryReasons":[],"startAt":1789842142376,"status":"passed","title":"returns loadIndexOk:false, fitBadgeAllowed:false, packageEligible:false"},{"ancestorTitles":["assessLoadIndex","audit case: 2020 F-150 Raptor 17\" with 110T tires"],"duration":0,"failing":false,"failureDetails":[],"failureMessages":[],"fullName":"assessLoadIndex audit case: 2020 F-150 Raptor 17\" with 110T tires 110T tire fails against 119 requirement","invocations":1,"location":null,"numPassingAsserts":5,"retryReasons":[],"startAt":1789842142377,"status":"passed","title":"110T tire fails against 119 requirement"},{"ancestorTitles":["assessLoadIndex","audit case: 2020 F-150 Raptor 17\" with 110T tires"],"duration":1,"failing":false,"failureDetails":[],"failureMessages":[],"fullName":"assessLoadIndex audit case: 2020 F-150 Raptor 17\" with 110T tires 121/118Q LT tire is compatible with 119 requirement (no badge: unverified source)","invocations":1,"location":null,"numPassingAsserts":4,"retryReasons":[],"startAt":1789842142377,"status":"passed","title":"121/118Q LT tire is compatible with 119 requirement (no badge: unverified source)"},{"ancestorTitles":["annotateLoadIndex"],"duration":2,"failing":false,"failureDetails":[],"failureMessages":[],"fullName":"annotateLoadIndex annotates items in place with load index fields","invocations":1,"location":null,"numPassingAsserts":14,"retryReasons":[],"startAt":1789842142378,"status":"passed","title":"annotates items in place with load index fields"},{"ancestorTitles":["annotateLoadIndex"],"duration":0,"failing":false,"failureDetails":[],"failureMessages":[],"fullName":"annotateLoadIndex handles missing spec (no verification)","invocations":1,"location":null,"numPassingAsserts":5,"retryReasons":[],"startAt":1789842142380,"status":"passed","title":"handles missing spec (no verification)"},{"ancestorTitles":["annotateLoadIndex"],"duration":1,"failing":false,"failureDetails":[],"failureMessages":[],"fullName":"annotateLoadIndex respects axle field for per-axle requirements","invocations":1,"location":null,"numPassingAsserts":4,"retryReasons":[],"startAt":1789842142380,"status":"passed","title":"respects axle field for per-axle requirements"},{"ancestorTitles":["filterPackageEligible"],"duration":1,"failing":false,"failureDetails":[],"failureMessages":[],"fullName":"filterPackageEligible removes items with packageEligible:false","invocations":1,"location":null,"numPassingAsserts":2,"retryReasons":[],"startAt":1789842142381,"status":"passed","title":"removes items with packageEligible:false"},{"ancestorTitles":["filterPackageEligible"],"duration":0,"failing":false,"failureDetails":[],"failureMessages":[],"fullName":"filterPackageEligible keeps items with packageEligible:undefined (not checked)","invocations":1,"location":null,"numPassingAsserts":1,"retryReasons":[],"startAt":1789842142382,"status":"passed","title":"keeps items with packageEligible:undefined (not checked)"},{"ancestorTitles":["countLoadIndexFailures"],"duration":0,"failing":false,"failureDetails":[],"failureMessages":[],"fullName":"countLoadIndexFailures counts passed, failed, and unchecked items","invocations":1,"location":null,"numPassingAsserts":4,"retryReasons":[],"startAt":1789842142383,"status":"passed","title":"counts passed, failed, and unchecked items"},{"ancestorTitles":["R5 load-index gate cases"],"duration":4,"failing":false,"failureDetails":[],"failureMessages":[],"fullName":"R5 load-index gate cases 110 < 119 (Raptor) -> blocked, no badge, excluded from packages","invocations":1,"location":null,"numPassingAsserts":8,"retryReasons":[],"startAt":1789842142383,"status":"passed","title":"110 < 119 (Raptor) -> blocked, no badge, excluded from packages"},{"ancestorTitles":["R5 load-index gate cases"],"duration":1,"failing":false,"failureDetails":[],"failureMessages":[],"fullName":"R5 load-index gate cases 99 < 100 (M4) -> blocked","invocations":1,"location":null,"numPassingAsserts":3,"retryReasons":[],"startAt":1789842142387,"status":"passed","title":"99 < 100 (M4) -> blocked"},{"ancestorTitles":["R5 load-index gate cases"],"duration":0,"failing":false,"failureDetails":[],"failureMessages":[],"fullName":"R5 load-index gate cases equal -> compatible, but NO badge (requirement source unverified)","invocations":1,"location":null,"numPassingAsserts":5,"retryReasons":[],"startAt":1789842142388,"status":"passed","title":"equal -> compatible, but NO badge (requirement source unverified)"},{"ancestorTitles":["R5 load-index gate cases"],"duration":1,"failing":false,"failureDetails":[],"failureMessages":[],"fullName":"R5 load-index gate cases missing requirement -> NO badge, unchecked, still browsable/package-eligible","invocations":1,"location":null,"numPassingAsserts":5,"retryReasons":[],"startAt":1789842142388,"status":"passed","title":"missing requirement -> NO badge, unchecked, still browsable/package-eligible"},{"ancestorTitles":["R5 load-index gate cases"],"duration":1,"failing":false,"failureDetails":[],"failureMessages":[],"fullName":"R5 load-index gate cases trim not certifiable -> badge suppressed even when load index passes","invocations":1,"location":null,"numPassingAsserts":3,"retryReasons":[],"startAt":1789842142389,"status":"passed","title":"trim not certifiable -> badge suppressed even when load index passes"},{"ancestorTitles":["R4 addendum: certification requires a VERIFIED requirement source"],"duration":0,"failing":false,"failureDetails":[],"failureMessages":[],"fullName":"R4 addendum: certification requires a VERIFIED requirement source unverified + equal -> loadIndexOk:true, fitBadgeAllowed:false","invocations":1,"location":null,"numPassingAsserts":4,"retryReasons":[],"startAt":1789842142390,"status":"passed","title":"unverified + equal -> loadIndexO
[...]
ct with identical sides is not a stagger"},{"ancestorTitles":["assessOeStagger - oemStaggered"],"duration":0,"failing":false,"failureDetails":[],"failureMessages":[],"fullName":"assessOeStagger - oemStaggered axle-tagged OE wheel sizes with differing diameters -> true even with a flat tire list","invocations":1,"location":null,"numPassingAsserts":3,"retryReasons":[],"startAt":1789842144422,"status":"passed","title":"axle-tagged OE wheel sizes with differing diameters -> true even with a flat tire list"},{"ancestorTitles":["assessOeStagger - oemStaggered"],"duration":1,"failing":false,"failureDetails":[],"failureMessages":[],"fullName":"assessOeStagger - oemStaggered wheel sizes tagged 'both' across several diameters are options, not a stagger","invocations":1,"location":null,"numPassingAsserts":1,"retryReasons":[],"startAt":1789842144422,"status":"passed","title":"wheel sizes tagged 'both' across several diameters are options, not a stagger"},{"ancestorTitles":["assessOeStagger - loadScopeSingle (H5 interim)"],"duration":1,"failing":false,"failureDetails":[],"failureMessages":[],"fullName":"assessOeStagger - loadScopeSingle (H5 interim) is false for alternative OE sizes on the SAME diameter (different loads possible)","invocations":1,"location":null,"numPassingAsserts":3,"retryReasons":[],"startAt":1789842144423,"status":"passed","title":"is false for alternative OE sizes on the SAME diameter (different loads possible)"},{"ancestorTitles":["assessOeStagger - loadScopeSingle (H5 interim)"],"duration":1,"failing":false,"failureDetails":[],"failureMessages":[],"fullName":"assessOeStagger - loadScopeSingle (H5 interim) is false for an explicit stagger even when both axles share a diameter","invocations":1,"location":null,"numPassingAsserts":1,"retryReasons":[],"startAt":1789842144424,"status":"passed","title":"is false for an explicit stagger even when both axles share a diameter"},{"ancestorTitles":["assessOeStagger - loadScopeSingle (H5 interim)"],"duration":1,"failing":false,"failureDetails":[],"failureMessages":[],"fullName":"assessOeStagger - loadScopeSingle (H5 interim) is true only for exactly one OE size and no axle split","invocations":1,"location":null,"numPassingAsserts":3,"retryReasons":[],"startAt":1789842144425,"status":"passed","title":"is true only for exactly one OE size and no axle split"}],"endTime":1789842144426,"message":"","name":"F:\\clawd\\wt-release\\src\\lib\\fitment\\__tests__\\oeStagger.test.ts","startTime":1789842144347,"status":"passed","summary":""},{"assertionResults":[{"ancestorTitles":["computeCertificationBlock"],"duration":1,"failing":false,"failureDetails":[],"failureMessages":[],"fullName":"computeCertificationBlock exact trim, exact_certified -> no block","invocations":1,"location":null,"numPassingAsserts":1,"retryReasons":[],"startAt":1789842144441,"status":"passed","title":"exact trim, exact_certified -> no block"},{"ancestorTitles":["computeCertificationBlock"],"duration":0,"failing":false,"failureDetails":[],"failureMessages":[],"fullName":"computeCertificationBlock undefined fallback confidence (legacy callers) -> treated as certified","invocations":1,"location":null,"numPassingAsserts":1,"retryReasons":[],"startAt":1789842144442,"status":"passed","title":"undefined fallback confidence (legacy callers) -> treated as certified"},{"ancestorTitles":["computeCertificationBlock"],"duration":0,"failing":false,"failureDetails":[],"failureMessages":[],"fullName":"computeCertificationBlock equivalent_certified -> no block","invocations":1,"location":null,"numPassingAsserts":1,"retryReasons":[],"startAt":1789842144442,"status":"passed","title":"equivalent_certified -> no block"},{"ancestorTitles":["computeCertificationBlock"],"duration":1,"failing":false,"failureDetails":[],"failureMessages":[],"fullName":"computeCertificationBlock fallback wheel_safe_only -> fallback_unverified","invocations":1,"location":null,"numPassingAsserts":1,"retryReasons":[],"startAt":1789842144442,"status":"passed","title":"fallback wheel_safe_only -> fallback_unverified"},{"ancestorTitles":["computeCertificationBlock"],"duration":0,"failing":false,"failureDetails":[],"failureMessages":[],"fullName":"computeCertificationBlock fallback needs_manual_verification -> fallback_unverified","invocations":1,"location":null,"numPassingAsserts":1,"retryReasons":[],"startAt":1789842144443,"status":"passed","title":"fallback needs_manual_verification -> fallback_unverified"},{"ancestorTitles":["computeCertificationBlock"],"duration":0,"failing":false,"failureDetails":[],"failureMessages":[],"fullName":"computeCertificationBlock fallback blocked -> fallback_unverified","invocations":1,"location":null,"numPassingAsserts":1,"retryReasons":[],"startAt":1789842144443,"status":"passed","title":"fallback blocked -> fallback_unverified"},{"ancestorTitles":["computeCertificationBlock"],"duration":0,"failing":false,"failureDetails":[],"failureMessages":[],"fullName":"computeCertificationBlock no-trim gate not certifiable -> trim_required even when fallback says exact","invocations":1,"location":null,"numPassingAsserts":1,"retryReasons":[],"startAt":1789842144444,"status":"passed","title":"no-trim gate not certifiable -> trim_required even when fallback says exact"},{"ancestorTitles":["computeCertificationBlock"],"duration":0,"failing":false,"failureDetails":[],"failureMessages":[],"fullName":"computeCertificationBlock no-trim gate certifiable (trims agree) -> no block","invocations":1,"location":null,"numPassingAsserts":1,"retryReasons":[],"startAt":1789842144444,"status":"passed","title":"no-trim gate certifiable (trims agree) -> no block"},{"ancestorTitles":["computeCertificationBlock"],"duration":0,"failing":false,"failureDetails":[],"failureMessages":[],"fullName":"computeCertificationBlock trim gate wins over fallback reason","invocations":1,"location":null,"numPassingAsserts":1,"retryReasons":[],"startAt":1789842144444,"status":"passed","title":"trim gate wins over fallback reason"},{"ancestorTitles":["computeCertificationBlock"],"duration":1,"failing":false,"failureDetails":[],"failureMessages":[],"fullName":"computeCertificationBlock gate present but certifiable undefined -> fail closed","invocations":1,"location":null,"numPassingAsserts":1,"retryReasons":[],"startAt":1789842144444,"status":"passed","title":"gate present but certifiable undefined -> fail closed"},{"ancestorTitles":["gatedFitmentClass"],"duration":0,"failing":false,"failureDetails":[],"failureMessages":[],"fullName":"gatedFitmentClass no block preserves geometry class","invocations":1,"location":null,"numPassingAsserts":3,"retryReasons":[],"startAt":1789842144445,"status":"passed","title":"no block preserves geometry class"},{"ancestorTitles":["gatedFitmentClass"],"duration":0,"failing":false,"failureDetails":[],"failureMessages":[],"fullName":"gatedFitmentClass blocked downgrades surefit/specfit to extended (never a Guaranteed/Good Fit label)","invocations":1,"location":null,"numPassingAsserts":3,"retryReasons":[],"startAt":1789842144445,"status":"passed","title":"blocked downgrades surefit/specfit to extended (never a Guaranteed/Good Fit label)"},{"ancestorTitles":["gatedFitmentClass"],"duration":1,"failing":false,"failureDetails":[],"failureMessages":[],"fullName":"gatedFitmentClass excluded stays excluded under a block","invocations":1,"location":null,"numPassingAsserts":1,"retryReasons":[],"startAt":1789842144445,"status":"passed","title":"excluded stays excluded under a block"},{"ancestorTitles":["isCertifiedFit"],"duration":0,"failing":false,"failureDetails":[],"failureMessages":[],"fullName":"isCertifiedFit certified only when unblocked AND geometry is surefit/specfit","invocations":1,"location":null,"numPassingAsserts":5,"retryReasons":[],"startAt":1789842144446,"status":"passed","title":"certified only when unblocked AND geometry is surefit/specfit"},{"ancestorTitles":["isFallbackCertified"],"duration":1,"failing":false,"failureDetails":[],"failureMessages":[],"fullName":"isFallbackCertified only exact/equivalent (or absent) count as certified","invocations":1,"location":null,"numPassingAsserts":5,"retryReasons":[],"startAt":1789842144446,"status":"passed","title":"only exact/equivalent (or absent) count as certified"}],"endTime":1789842144447,"message":"","name":"F:\\clawd\\wt-release\\src\\lib\\fitment-db\\__tests__\\fitCertification.test.ts","startTime":1789842144395,"status":"passed","summary":""},{"assertionResults":[{"ancestorTitles":["/wheels card -> selection (buildSelectedWheel)"],"duration":5,"failing":false,"failureDetails":[],"failureMessages":[],"fullName":"/wheels card -> selection (buildSelectedWheel) staggered: 2 front + 2 rear from the card's pair, never 4 x front","invocations":1,"location":null,"numPassingAsserts":9,"retryReasons":[],"startAt":1789842144708,"status":"passed","title":"staggered: 2 front + 2 rear from the card's pair, never 4 x front"},{"ancestorTitles":["/wheels card -> selection (buildSelectedWheel)"],"duration":0,"failing":false,"failureDetails":[],"failureMessages":[],"fullName":"/wheels card -> selection (buildSelectedWheel) refuses a pair whose front SKU is a different variant than the displayed SKU (Q1-3)","invocations":1,"location":null,"numPassingAsserts":1,"retryReasons":[],"startAt":1789842144714,"status":"passed","title":"refuses a pair whose front SKU is a different variant than the displayed SKU (Q1-3)"},{"ancestorTitles":["/wheels card -> selection (buildSelectedWheel)"],"duration":1,"failing":false,"failureDetails":[],"failureMessages":[],"fullName":"/wheels card -> selection (buildSelectedWheel) refuses a rear in another finish and refuses an unpriced rear (Q1-5)","invocations":1,"location":null,"numPassingAsserts":2,"retryReasons":[],"startAt":1789842144714,"status":"passed","title":"refuses a rear in another finish and refuses an unpriced rear (Q1-5)"},{"ancestorTitles":["/wheels card -> selection (buildSelectedWheel)"],"duration":0,"failing":false,"failureDetails":[],"failureMessages":[],"fullName":"/wheels card -> selection (buildSelectedWheel) square set still prices 4 x unit (non-staggered regression)","invocations":1,"location":null,"numPassingAsserts":3,"retryReasons":[],"startAt":1789842144715,"status":"passed","title":"square set still prices 4 x unit (non-staggered regression)"},{"ancestorTitles":["cart line identity / edits"],"duration":1,"failing":false,"failureDetails":[],"failureMessages":[],"fullName":"cart line identity / edits square and staggered lines with the same front SKU never merge (Q1-4)","invocations":1,"location":null,"numPassingAsserts":1,"retryReasons":[],"startAt":1789842144715,"status":"passed","title":"square and staggered lines with the same front SKU never merge (Q1-4)"},{"ancestorTitles":["cart line identity / edits"],"duration":0,"failing":false,"failureDetails":[],"failureMessages":[],"fullName":"cart line identity / edits staggered line is a fixed 2+2 (quantity locked)","invocations":1,"location":null,"numPassingAsserts":2,"retryReasons":[],"startAt":1789842144716,"status":"passed","title":"staggered line is a fixed 2+2 (quantity locked)"},{"ancestorTitles":["cart line identity / edits"],"duration":1,"failing":false,"failureDetails":[],"failureMessages":[],"fullName":"cart line identity / edits cart total for the staggered line equals 2 x front + 2 x rear","invocations":1,"location":null,"numPassingAsserts":1,"retryReasons":[],"startAt":1789842144716,"status":"passed","title":"cart total for the staggered line equals 2 x front + 2 x rear"},{"ancestorTitles":["checkout -> snapshot -> supplier PO"],"duration":1,"failing":false,"failureDetails":[],"failureMessages":[],"fullName":"checkout -> snapshot -> supplier PO splits a staggered line into front x2 + rear x2 with server prices","invocations":1,"location":null,"numPassingAsserts":13,"retryReasons":[],"startAt":1789842144717,"status":"passed","title":"splits a staggered line into front x2 + rear x2 with server prices"},{"ancestorTitles":["checkout -> snapshot -> supplier PO"],"duration":2,"failing":false,"failureDetails":[],"failureMessages":[],"fullName":"checkout -> snapshot -> supplier PO charges the SERVER price when the client price was tampered (Q7-2)","invocations":1,"location":null,"numPassingAsserts":3,"retryReasons":[],"startAt":1789842144718,"status":"passed","title":"charges the SERVER price when the client price was tampered (Q7-2)"},{"ancestorTitles":["checkout -> snapshot -> supplier PO"],"duration":0,"failing":false,"failureDetails":[],"failureMessages":[],"fullName":"checkout -> snapshot -> supplier PO forces 2+2 even if the client sent quantity 6 on a staggered line","invocations":1,"location":null,"numPassingAsserts":1,"retryReasons":[],"startAt":1789842144721,"status":"passed","title":"forces 2+2 even if the client sent quantity 6 on a staggered line"},{"ancestorTitles":["checkout -> snapshot -> supplier PO"],"duration":0,"failing":false,"failureDetails":[],"failureMessages":[],"fullName":"checkout -> snapshot -> supplier PO rejects when the rear SKU cannot be priced (no $0, no front fallback)","invocations":1,"location":null,"numPassingAsserts":2,"retryReasons":[],"startAt":1789842144722,"status":"passed","title":"rejects when the rear SKU cannot be priced (no $0, no front fallback)"},{"ancestorTitles":["checkout -> snapshot -> supplier PO"],"duration":1,"failing":false,"failureDetails":[],"failureMessages":[],"fullName":"checkout -> snapshot -> supplier PO rejects when the front SKU cannot be priced, and when finishes differ","invocations":1,"location":null,"numPassingAsserts":2,"retryReasons":[],"startAt":1789842144722,"status":"passed","title":"rejects when the front SKU cannot be priced, and when finishes differ"},{"ancestorTitles":["checkout -> snapshot -> supplier PO"],"duration":1,"failing":false,"failureDetails":[],"failureMessages":[],"fullName":"checkout -> snapshot -> supplier PO square wheel line: server-priced, quantity preserved; accessory keeps client $0","invocations":1,"location":null,"numPassingAsserts":4,"retryReasons":[],"startAt":1789842144723,"status":"passed","title":"square wheel line: server-priced, quantity preserved; accessory keeps client $0"},{"ancestorTitles":["checkout -> snapshot -> supplier PO"],"duration":1,"failing":false,"failureDetails":[],"failureMessages":[],"fullName":"checkout -> snapshot -> supplier PO supplier PO built from the snapshot orders 2 front + 2 rear (was FRONT x4)","invocations":1,"location":null,"numPassingAsserts":2,"retryReasons":[],"startAt":1789842144724,"status":"passed","title":"supplier PO built from the snapshot orders 2 front + 2 rear (was FRONT x4)"},{"ancestorTitles":["accessory price authority (release review 2026-09-19)"],"duration":0,"failing":false,"failureDetails":[],"failureMessages":[],"fullName":"accessory price authority (release review 2026-09-19) charges the catalog price when a lift kit's client price is tampered to $1","invocations":1,"location":null,"numPassingAsserts":3,"retryReasons":[],"startAt":1789842144725,"status":"passed","title":"charges the catalog price when a lift kit's client price is tampered to $1"},{"ancestorTitles":["accessory price authority (release review 2026-09-19)"],"duration":1,"failing":false,"failureDetails":[],"failureMessages":[],"fullName":"accessory price authority (release review 2026-09-19) a lift kit relabelled as required $0 lug nuts is still charged catalog price","invocations":1,"location":null,"numPassingAsserts":2,"retryReasons":[],"startAt":1789842144725,"status":"passed","title":"a lift kit relabelled as required $0 lug nuts is still charged catalog price"},{"ancestorTitles":["accessory price authority (release review 2026-09-19)"],"duration":0,"failing":false,"failureDetails":[],"failureMessages":[],"fullName":"accessory price authority (release review 2026-09-19) genuine included hardware (required, $0, lug_nut, cheap in catalog or unknown) stays $0","invocations":1,"location":null,"numPassingAsserts":2,"retryReasons":[],"startAt":1789842144726,"status":"passed","title":"genuine included hardware (required, $0, lug_nut, cheap in catalog or unknown) stays $0"},{"ancestorTitles":["accessory price authority (release review 2026-09-19)"],"duration":0,"failing":false,"failureDetails":[],"failureMessages":[],"fullName":"accessory price authority (release review 2026-09-19) a non-required lug kit is charged catalog price even if the client sent $0","invocations":1,"location":null,"numPassingAsserts":2,"retryReasons":[],"startAt":1789842144726,"status":"passed","title":"a non-required lug kit is charged catalog price even if the client sent $0"},{"ancestorTitles":["accessory price authority (release review 2026-09-19)"],"duration":0,"failing":false,"failureDetails":[],"failureMessages":[],"fullName":"accessory price authority (release review 2026-09-19) rejects an accessory the catalog cannot price (no client-price fallback) and one without a SKU","invocations":1,"location":null,"numPassingAsserts":2,"retryReasons":[],"startAt":1789842144727,"status":"passed","title":"rejects an accessory the catalog cannot price (no client-price fallback) and one without a SKU"},{"ancestorTitles":["accessory price authority (release review 2026-09-19)"],"duration":0,"failing":false,"failureDetails":[],"failureMessages":[],"fullName":"accessory price authority (release review 2026-09-19) TPMS synthetic SKU is charged the fixed server price, not the client price","invocations":1,"location":null,"numPassingAsserts":2,"retryReasons":[],"startAt":1789842144727,"status":"passed","title":"TPMS synthetic SKU is charged the fixed server price, not the client price"},{"ancestorTitles":["accessory price authority (release review 2026-09-19)"],"duration":2,"failing":false,"failureDetails":[],"failureMessages":[],"fullName":"accessory price authority (release review 2026-09-19) road hazard is recomputed from SERVER tire prices: 20%/tire, $15 floor, qty = tires in order","invocations":1,"location":null,"numPassingAsserts":5,"retryReasons":[],"startAt":1789842144727,"status":"passed","title":"road hazard is recomputed from SERVER tire prices: 20%/tire, $15 floor, qty = tires in order"},{"ancestorTitles":["accessory price authority (release review 2026-09-19)"],"duration":0,"failing":false,"failureDetails":[],"failureMessages":[],"fullName":"accessory price authority (release review 2026-09-19) tire line keeps the legacy size-prefixed name and tire meta (payment-intent parity)","invocations":1,"location":null,"numPassingAsserts":2,"retryReasons":[],"startAt":1789842144729,"status":"passed","title":"tire line keeps the legacy size-prefixed name and tire meta (payment-intent parity)"},{"ancestorTitles":["both Stripe routes go through the server price authority (wiring guard)"],"duration":3,"failing":false,"failureDetails":[],"failureMessages":[],"fullName":"both Stripe routes go through the server price authority (wiring guard) create-checkout-session builds lines via buildCheckoutLines and never reads the client unitPrice","invocations":1,"location":null,"numPassingAsserts":3,"retryReasons":[],"startAt":1789842144729,"status":"passed","title":"create-checkout-session builds lines via buildCheckoutLines and never reads the client unitPrice"},{"ancestorTitles":["both Stripe routes go through the server price authority (wiring guard)"],"duration":2,"failing":false,"failureDetails":[],"failureMessages":[],"fullName":"both Stripe routes go through the server price authority (wiring guard) create-payment-intent builds lines via buildCheckoutLines and never reads the client unitPrice","invocations":1,"location":null,"numPassingAsserts":3,"retryReasons":[],"startAt":1789842144732,"status":"passed","title":"create-payment-intent builds lines via buildCheckoutLines and never reads the client unitPrice"}],"endTime":1789842144735,"message":"","name":"F:\\clawd\\wt-release\\src\\lib\\checkout\\__tests__\\staggeredCheckoutContract.test.ts","startTime":1789842142456,"status":"passed","summary":""}],"wasInterrupted":false}
