{"numFailedTestSuites":4,"numFailedTests":25,"numPassedTestSuites":46,"numPassedTests":923,"numPendingTestSuites":1,"numPendingTests":23,"numRuntimeErrorTestSuites":0,"numTodoTests":0,"numTotalTestSuites":51,"numTotalTests":971,"openHandles":[],"snapshot":{"added":0,"didUpdate":false,"failure":false,"filesAdded":0,"filesRemoved":0,"filesRemovedList":[],"filesUnmatched":0,"filesUpdated":0,"matched":0,"total":0,"unchecked":0,"uncheckedKeysByFile":[],"unmatched":0,"updated":0},"startTime":1789936792140,"success":false,"testResults":[{"assertionResults":[{"ancestorTitles":["tire-sizes canonical source enforcement"],"duration":4,"failing":false,"failureDetails":[],"failureMessages":[],"fullName":"tire-sizes canonical source enforcement should NOT import vehicleFitmentConfigurations","invocations":1,"location":null,"numPassingAsserts":1,"retryReasons":[],"startAt":1789936793412,"status":"passed","title":"should NOT import vehicleFitmentConfigurations"},{"ancestorTitles":["tire-sizes canonical source enforcement"],"duration":0,"failing":false,"failureDetails":[],"failureMessages":[],"fullName":"tire-sizes canonical source enforcement should NOT import getFitmentConfigurations","invocations":1,"location":null,"numPassingAsserts":1,"retryReasons":[],"startAt":1789936793417,"status":"passed","title":"should NOT import getFitmentConfigurations"},{"ancestorTitles":["tire-sizes canonical source enforcement"],"duration":1,"failing":false,"failureDetails":[],"failureMessages":[],"fullName":"tire-sizes canonical source enforcement should NOT import static OEM tire sizes JSON","invocations":1,"location":null,"numPassingAsserts":1,"retryReasons":[],"startAt":1789936793417,"status":"passed","title":"should NOT import static OEM tire sizes JSON"},{"ancestorTitles":["tire-sizes canonical source enforcement"],"duration":1,"failing":false,"failureDetails":[],"failureMessages":[],"fullName":"tire-sizes canonical source enforcement should NOT call getStaticOemSizes function","invocations":1,"location":null,"numPassingAsserts":1,"retryReasons":[],"startAt":1789936793418,"status":"passed","title":"should NOT call getStaticOemSizes function"},{"ancestorTitles":["tire-sizes canonical source enforcement"],"duration":0,"failing":false,"failureDetails":[],"failureMessages":[],"fullName":"tire-sizes canonical source enforcement should NOT return source: 'config'","invocations":1,"location":null,"numPassingAsserts":1,"retryReasons":[],"startAt":1789936793419,"status":"passed","title":"should NOT return source: 'config'"},{"ancestorTitles":["tire-sizes canonical source enforcement"],"duration":1,"failing":false,"failureDetails":[],"failureMessages":[],"fullName":"tire-sizes canonical source enforcement should NOT return source: 'static-fallback'","invocations":1,"location":null,"numPassingAsserts":1,"retryReasons":[],"startAt":1789936793419,"status":"passed","title":"should NOT return source: 'static-fallback'"},{"ancestorTitles":["tire-sizes canonical source enforcement"],"duration":2,"failing":false,"failureDetails":[{"matcherResult":{"actual":false,"expected":true,"message":"expect(received).toBe(expected) // Object.is equality\n\nExpected: true\nReceived: false","name":"toBe","pass":false}}],"failureMessages":["Error: expect(received).toBe(expected) // Object.is equality\n\nExpected: true\nReceived: false\n    at Object.<anonymous> (F:\\clawd\\wt-release\\src\\app\\api\\vehicles\\tire-sizes\\__tests__\\canonical-source.test.ts:79:26)\n    at Promise.finally.completed (F:\\clawd\\wt-release\\node_modules\\jest-circus\\build\\jestAdapterInit.js:1557:28)\n    at new Promise (<anonymous>)\n    at callAsyncCircusFn (F:\\clawd\\wt-release\\node_modules\\jest-circus\\build\\jestAdapterInit.js:1497:10)\n    at _callCircusTest (F:\\clawd\\wt-release\\node_modules\\jest-circus\\build\\jestAdapterInit.js:1007:40)\n    at processTicksAndRejections (node:internal/process/task_queues:104:5)\n    at _runTest (F:\\clawd\\wt-release\\node_modules\\jest-circus\\build\\jestAdapterInit.js:947:3)\n    at F:\\clawd\\wt-release\\node_modules\\jest-circus\\build\\jestAdapterInit.js:849:7\n    at _runTestsForDescribeBlock (F:\\clawd\\wt-release\\node_modules\\jest-circus\\build\\jestAdapterInit.js:862:11)\n    at _runTestsForDescribeBlock (F:\\clawd\\wt-release\\node_modules\\jest-circus\\build\\jestAdapterInit.js:857:11)\n    at run (F:\\clawd\\wt-release\\node_modules\\jest-circus\\build\\jestAdapterInit.js:761:3)\n    at runAndTransformResultsToJestFormat (F:\\clawd\\wt-release\\node_modules\\jest-circus\\build\\jestAdapterInit.js:1918:21)\n    at jestAdapter (F:\\clawd\\wt-release\\node_modules\\jest-circus\\build\\runner.js:101:19)\n    at runTestInternal (F:\\clawd\\wt-release\\node_modules\\jest-runner\\build\\testWorker.js:275:16)\n    at runTest (F:\\clawd\\wt-release\\node_modules\\jest-runner\\build\\testWorker.js:343:7)\n    at Object.worker (F:\\clawd\\wt-release\\node_modules\\jest-runner\\build\\testWorker.js:497:12)"],"fullName":"tire-sizes canonical source enforcement should use canonicalResolver for fitment lookup","invocations":1,"location":null,"numPassingAsserts":0,"retryReasons":[],"startAt":1789936793420,"status":"failed","title":"should use canonicalResolver for fitment lookup"},{"ancestorTitles":["tire-sizes canonical source enforcement"],"duration":0,"failing":false,"failureDetails":[],"failureMessages":[],"fullName":"tire-sizes canonical source enforcement should import from @/lib/fitment/canonicalResolver","invocations":1,"location":null,"numPassingAsserts":1,"retryReasons":[],"startAt":1789936793436,"status":"passed","title":"should import from @/lib/fitment/canonicalResolver"},{"ancestorTitles":["tire-sizes API smoke tests"],"duration":75,"failing":false,"failureDetails":[],"failureMessages":[],"fullName":"tire-sizes API smoke tests should NOT return source: 'config' for any vehicle","invocations":1,"location":null,"numPassingAsserts":0,"retryReasons":[],"startAt":1789936793436,"status":"passed","title":"should NOT return source: 'config' for any vehicle"},{"ancestorTitles":["tire-sizes API smoke tests"],"duration":24,"failing":false,"failureDetails":[],"failureMessages":[],"fullName":"tire-sizes API smoke tests should NOT return source: 'static-fallback' for any vehicle","invocations":1,"location":null,"numPassingAsserts":0,"retryReasons":[],"startAt":1789936793511,"status":"passed","title":"should NOT return source: 'static-fallback' for any vehicle"}],"endTime":1789936793555,"message":"  ● tire-sizes canonical source enforcement › should use canonicalResolver for fitment lookup\n\n    expect(received).toBe(expected) // Object.is equality\n\n    Expected: true\n    Received: false\n\n    \u001b[0m \u001b[90m 77 |\u001b[39m     \u001b[90m// Verify canonical resolver is used\u001b[39m\n     \u001b[90m 78 |\u001b[39m     \u001b[36mconst\u001b[39m usesResolver \u001b[33m=\u001b[39m routeSource\u001b[33m.\u001b[39mincludes(\u001b[32m\"resolveVehicleFitment\"\u001b[39m)\u001b[33m;\u001b[39m\n    \u001b[31m\u001b[1m>\u001b[22m\u001b[39m\u001b[90m 79 |\u001b[39m     expect(usesResolver)\u001b[33m.\u001b[39mtoBe(\u001b[36mtrue\u001b[39m)\u001b[33m;\u001b[39m\n     \u001b[90m    |\u001b[39m                          \u001b[31m\u001b[1m^\u001b[22m\u001b[39m\n     \u001b[90m 80 |\u001b[39m   })\u001b[33m;\u001b[39m\n     \u001b[90m 81 |\u001b[39m\n     \u001b[90m 82 |\u001b[39m   test(\u001b[32m\"should import from @/lib/fitment/canonicalResolver\"\u001b[39m\u001b[33m,\u001b[39m () \u001b[33m=>\u001b[39m {\u001b[0m\n\n      at Object.<anonymous> (src/app/api/vehicles/tire-sizes/__tests__/canonical-source.test.ts:79:26)\n","name":"F:\\clawd\\wt-release\\src\\app\\api\\vehicles\\tire-sizes\\__tests__\\canonical-source.test.ts","startTime":1789936792840,"status":"failed","summary":""},{"assertionResults":[{"ancestorTitles":["Wheel-Size Safety Governor","Dry-run mode"],"duration":30,"failing":false,"failureDetails":[],"failureMessages":[],"fullName":"Wheel-Size Safety Governor Dry-run mode makes zero external calls in dry-run mode","invocations":1,"location":null,"numPassingAsserts":4,"retryReasons":[],"startAt":1789936793407,"status":"passed","title":"makes zero external calls in dry-run mode"},{"ancestorTitles":["Wheel-Size Safety Governor","Dry-run mode"],"duration":2,"failing":false,"failureDetails":[],"failureMessages":[],"fullName":"Wheel-Size Safety Governor Dry-run mode logs dry-run in audit log","invocations":1,"location":null,"numPassingAsserts":1,"retryReasons":[],"startAt":1789936793438,"status":"passed","title":"logs dry-run in audit log"},{"ancestorTitles":["Wheel-Size Safety Governor","Rate limiting"],"duration":7,"failing":false,"failureDetails":[{"matcherResult":{"message":"expect(jest.fn()).not.toHaveBeenCalled()\n\nExpected number of calls: 0\nReceived number of calls: 1\n\n1: called with 0 arguments","pass":true}}],"failureMessages":["Error: expect(jest.fn()).not.toHaveBeenCalled()\n\nExpected number of calls: 0\nReceived number of calls: 1\n\n1: called with 0 arguments\n    at Object.<anonymous> (F:\\clawd\\wt-release\\src\\lib\\wheel-size\\__tests__\\safetyGovernor.test.ts:140:33)\n    at processTicksAndRejections (node:internal/process/task_queues:104:5)"],"fullName":"Wheel-Size Safety Governor Rate limiting blocks when daily cap reached","invocations":1,"location":null,"numPassingAsserts":0,"retryReasons":[],"startAt":1789936793440,"status":"failed","title":"blocks when daily cap reached"},{"ancestorTitles":["Wheel-Size Safety Governor","Rate limiting"],"duration":2,"failing":false,"failureDetails":[{"matcherResult":{"message":"expect(jest.fn()).not.toHaveBeenCalled()\n\nExpected number of calls: 0\nReceived number of calls: 1\n\n1: called with 0 arguments","pass":true}}],"failureMessages":["Error: expect(jest.fn()).not.toHaveBeenCalled()\n\nExpected number of calls: 0\nReceived number of calls: 1\n\n1: called with 0 arguments\n    at Object.<anonymous> (F:\\clawd\\wt-release\\src\\lib\\wheel-size\\__tests__\\safetyGovernor.test.ts:169:33)\n    at processTicksAndRejections (node:internal/process/task_queues:104:5)"],"fullName":"Wheel-Size Safety Governor Rate limiting blocks when hourly cap reached","invocations":1,"location":null,"numPassingAsserts":0,"retryReasons":[],"startAt":1789936793460,"status":"failed","title":"blocks when hourly cap reached"},{"ancestorTitles":["Wheel-Size Safety Governor","Caching"],"duration":5,"failing":false,"failureDetails":[],"failureMessages":[],"fullName":"Wheel-Size Safety Governor Caching returns cached data without calling API","invocations":1,"location":null,"numPassingAsserts":3,"retryReasons":[],"startAt":1789936793462,"status":"passed","title":"returns cached data without calling API"},{"ancestorTitles":["Wheel-Size Safety Governor","Caching"],"duration":5,"failing":false,"failureDetails":[],"failureMessages":[],"fullName":"Wheel-Size Safety Governor Caching caches successful responses","invocations":1,"location":null,"numPassingAsserts":1,"retryReasons":[],"startAt":1789936793467,"status":"passed","title":"caches successful responses"},{"ancestorTitles":["Wheel-Size Safety Governor","Kill switch"],"duration":3,"failing":false,"failureDetails":[],"failureMessages":[],"fullName":"Wheel-Size Safety Governor Kill switch blocks all calls when kill switch is active","invocations":1,"location":null,"numPassingAsserts":3,"retryReasons":[],"startAt":1789936793472,"status":"passed","title":"blocks all calls when kill switch is active"},{"ancestorTitles":["Wheel-Size Safety Governor","Kill switch"],"duration":3,"failing":false,"failureDetails":[],"failureMessages":[],"fullName":"Wheel-Size Safety Governor Kill switch activates kill switch on 401/403","invocations":1,"location":null,"numPassingAsserts":1,"retryReasons":[],"startAt":1789936793475,"status":"passed","title":"activates kill switch on 401/403"},{"ancestorTitles":["Wheel-Size Safety Governor","Kill switch"],"duration":2,"failing":false,"failureDetails":[],"failureMessages":[],"fullName":"Wheel-Size Safety Governor Kill switch activates kill switch on 429 rate limit","invocations":1,"location":null,"numPassingAsserts":1,"retryReasons":[],"startAt":1789936793478,"status":"passed","title":"activates kill switch on 429 rate limit"},{"ancestorTitles":["Wheel-Size Safety Governor","Sync enabled flag"],"duration":2,"failing":false,"failureDetails":[],"failureMessages":[],"fullName":"Wheel-Size Safety Governor Sync enabled flag blocks all calls when sync disabled","invocations":1,"location":null,"numPassingAsserts":3,"retryReasons":[],"startAt":1789936793480,"status":"passed","title":"blocks all calls when sync disabled"},{"ancestorTitles":["Wheel-Size Safety Governor","API key validation"],"duration":2,"failing":false,"failureDetails":[],"failureMessages":[],"fullName":"Wheel-Size Safety Governor API key validation blocks when API key missing","invocations":1,"location":null,"numPassingAsserts":3,"retryReasons":[],"startAt":1789936793482,"status":"passed","title":"blocks when API key missing"},{"ancestorTitles":["Wheel-Size Safety Governor","Allowlist population"],"duration":5,"failing":false,"failureDetails":[{"matcherResult":{"actual":[],"expected":["2024 Ram 1500","2024 Ford F-150"],"message":"expect(received).toEqual(expected) // deep equality\n\n- Expected  - 4\n+ Received  + 1\n\n- Array [\n-   \"2024 Ram 1500\",\n-   \"2024 Ford F-150\",\n- ]\n+ Array []","name":"toEqual","pass":false}}],"failureMessages":["Error: expect(received).toEqual(expected) // deep equality\n\n- Expected  - 4\n+ Received  + 1\n\n- Array [\n-   \"2024 Ram 1500\",\n-   \"2024 Ford F-150\",\n- ]\n+ Array []\n    at Object.<anonymous> (F:\\clawd\\wt-release\\src\\lib\\wheel-size\\__tests__\\safetyGovernor.test.ts:355:33)\n    at processTicksAndRejections (node:internal/process/task_queues:104:5)"],"fullName":"Wheel-Size Safety Governor Allowlist population processes only provided vehicles, no crawl","invocations":1,"location":null,"numPassingAsserts":0,"retryReasons":[],"startAt":1789936793484,"status":"failed","title":"processes only provided vehicles, no crawl"},{"ancestorTitles":["Wheel-Size Safety Governor","Allowlist population"],"duration":4,"failing":false,"failureDetails":[],"failureMessages":[],"fullName":"Wheel-Size Safety Governor Allowlist population stops on kill switch activation","invocations":1,"location":null,"numPassingAsserts":1,"retryReasons":[],"startAt":1789936793489,"status":"passed","title":"stops on kill switch activation"},{"ancestorTitles":["Wheel-Size Safety Governor","Configuration"],"duration":2,"failing":false,"failureDetails":[{"matcherResult":{"actual":5000,"expected":100,"message":"expect(received).toBe(expected) // Object.is equality\n\nExpected: 100\nReceived: 5000","name":"toBe","pass":false}}],"failureMessages":["Error: expect(received).toBe(expected) // Object.is equality\n\nExpected: 100\nReceived: 5000\n    at Object.<anonymous> (F:\\clawd\\wt-release\\src\\lib\\wheel-size\\__tests__\\safetyGovernor.test.ts:406:31)\n    at Promise.finally.completed (F:\\clawd\\wt-release\\node_modules\\jest-circus\\build\\jestAdapterInit.js:1557:28)\n    at new Promise (<anonymous>)\n    at callAsyncCircusFn (F:\\clawd\\wt-release\\node_modules\\jest-circus\\build\\jestAdapterInit.js:1497:10)\n    at _callCircusTest (F:\\clawd\\wt-release\\node_modules\\jest-circus\\build\\jestAdapterInit.js:1007:40)\n    at processTicksAndRejections (node:internal/process/task_queues:104:5)\n    at _runTest (F:\\clawd\\wt-release\\node_modules\\jest-circus\\build\\jestAdapterInit.js:947:3)\n    at F:\\clawd\\wt-release\\node_modules\\jest-circus\\build\\jestAdapterInit.js:849:7\n    at _runTestsForDescribeBlock (F:\\clawd\\wt-release\\node_modules\\jest-circus\\build\\jestAdapterInit.js:862:11)\n    at _runTestsForDescribeBlock (F:\\clawd\\wt-release\\node_modules\\jest-circus\\build\\jestAdapterInit.js:857:11)\n    at _runTestsForDescribeBlock (F:\\clawd\\wt-release\\node_modules\\jest-circus\\build\\jestAdapterInit.js:857:11)\n    at run (F:\\clawd\\wt-release\\node_modules\\jest-circus\\build\\jestAdapterInit.js:761:3)\n    at runAndTransformResultsToJestFormat (F:\\clawd\\wt-release\\node_modules\\jest-circus\\build\\jestAdapterInit.js:1918:21)\n    at jestAdapter (F:\\clawd\\wt-release\\node_modules\\jest-circus\\build\\runner.js:101:19)\n    at runTestInternal (F:\\clawd\\wt-release\\node_modules\\jest-runner\\build\\testWorker.js:275:16)\n    at runTest (F:\\clawd\\wt-release\\node_modules\\jest-runner\\build\\testWorker.js:343:7)\n    at Object.worker (F:\\clawd\\wt-release\\node_modules\\jest-runner\\build\\testWorker.js:497:12)"],"fullName":"Wheel-Size Safety Governor Configuration uses default caps when env not set","invocations":1,"location":null,"numPassingAsserts":0,"retryReasons":[],"startAt":1789936793493,"status":"failed","title":"uses default caps when env not set"},{"ancestorTitles":["Wheel-Size Safety Governor","Configuration"],"duration":1,"failing":false,"failureDetails":[],"failureMessages":[],"fullName":"Wheel-Size Safety Governor Configuration respects env overrides","invocations":1,"location":null,"numPassingAsserts":3,"retryReasons":[],"startAt":1789936793497,"status":"passed","title":"respects env overrides"},{"ancestorTitles":["Frontend Wheel-Size Protection"],"duration":7,"failing":false,"failureDetails":[],"failureMessages":[],"fullName":"Frontend Wheel-Size Protection wheels/fitment-search does NOT call Wheel-Size API","invocations":1,"location":null,"numPassingAsserts":2,"retryReasons":[],"startAt":1789936793498,"status":"passed","title":"wheels/fitment-search does NOT call Wheel-Size API"},{"ancestorTitles":["Frontend Wheel-Size Protection"],"duration":3,"failing":false,"failureDetails":[],"failureMessages":[],"fullName":"Frontend Wheel-Size Protection tires/search does NOT call Wheel-Size API","invocations":1,"location":null,"numPassingAsserts":1,"retryReasons":[],"startAt":1789936793505,"status":"passed","title":"tires/search does NOT call Wheel-Size API"},{"ancestorTitles":["Frontend Wheel-Size Protection"],"duration":58,"failing":false,"failureDetails":[],"failureMessages":[],"fullName":"Frontend Wheel-Size Protection vehicles/* APIs do NOT call Wheel-Size API","invocations":1,"location":null,"numPassingAsserts":0,"retryReasons":[],"startAt":1789936793509,"status":"passed","title":"vehicles/* APIs do NOT call Wheel-Size API"}],"endTime":1789936793602,"message":"  ● Wheel-Size Safety Governor › Rate limiting › blocks when daily cap reached\n\n    expect(jest.fn()).not.toHaveBeenCalled()\n\n    Expected number of calls: 0\n    Received number of calls: 1\n\n    1: called with 0 arguments\n\n    \u001b[0m \u001b[90m 138 |\u001b[39m       })\u001b[33m;\u001b[39m\n     \u001b[90m 139 |\u001b[39m       \n    \u001b[31m\u001b[1m>\u001b[22m\u001b[39m\u001b[90m 140 |\u001b[39m       expect(fetcherCalled)\u001b[33m.\u001b[39mnot\u001b[33m.\u001b[39mtoHaveBeenCalled()\u001b[33m;\u001b[39m\n     \u001b[90m     |\u001b[39m                                 \u001b[31m\u001b[1m^\u001b[22m\u001b[39m\n     \u001b[90m 141 |\u001b[39m       expect(result\u001b[33m.\u001b[39mblocked)\u001b[33m.\u001b[39mtoBe(\u001b[36mtrue\u001b[39m)\u001b[33m;\u001b[39m\n     \u001b[90m 142 |\u001b[39m       expect(result\u001b[33m.\u001b[39mblockedReason)\u001b[33m.\u001b[39mtoContain(\u001b[32m\"Daily cap reached\"\u001b[39m)\u001b[33m;\u001b[39m\n     \u001b[90m 143 |\u001b[39m     })\u001b[33m;\u001b[39m\u001b[0m\n\n      at Object.<anonymous> (src/lib/wheel-size/__tests__/safetyGovernor.test.ts:140:33)\n\n  ● Wheel-Size Safety Governor › Rate limiting › blocks when hourly cap reached\n\n    expect(jest.fn()).not.toHaveBeenCalled()\n\n    Expected number of calls: 0\n    Received number of calls: 1\n\n    1: called with 0 arguments\n\n    \u001b[0m \u001b[90m 167 |\u001b[39m       })\u001b[33m;\u001b[39m\n     \u001b[90m 168 |\u001b[39m       \n    \u001b[31m\u001b[1m>\u001b[22m\u001b[39m\u001b[90m 169 |\u001b[39m       expect(fetcherCalled)\u001b[33m.\u001b[39mnot\u001b[33m.\u001b[39mtoHaveBeenCalled()\u001b[33m;\u001b[39m\n     \u001b[90m     |\u001b[39m                                 \u001b[31m\u001b[1m^\u001b[22m\u001b[39m\n     \u001b[90m 170 |\u001b[39m       expect(result\u001b[33m.\u001b[39mblocked)\u001b[33m.\u001b[39mtoBe(\u001b[36mtrue\u001b[39m)\u001b[33m;\u001b[39m\n     \u001b[90m 171 |\u001b[39m       expect(result\u001b[33m.\u001b[39mblockedReason)\u001b[33m.\u001b[39mtoContain(\u001b[32m\"Hourly cap reached\"\u001b[39m)\u001b[33m;\u001b[39m\n     \u001b[90m 172 |\u001b[39m     })\u001b[33m;\u001b[39m\u001b[0m\n\n      at Object.<anonymous> (src/lib/wheel-size/__tests__/safetyGovernor.test.ts:169:33)\n\n  ● Wheel-Size Safety Governor › Allowlist population › processes only provided vehicles, no crawl\n\n    expect(received).toEqual(expected) // deep equality\n\n    - Expected  - 4\n    + Received  + 1\n\n    - Array [\n    -   \"2024 Ram 1500\",\n    -   \"2024 Ford F-150\",\n    - ]\n    + Array []\n\n    \u001b[0m \u001b[90m 353 |\u001b[39m       )\u001b[33m;\u001b[39m\n     \u001b[90m 354 |\u001b[39m       \n    \u001b[31m\u001b[1m>\u001b[22m\u001b[39m\u001b[90m 355 |\u001b[39m       expect(processedVehicles)\u001b[33m.\u001b[39mtoEqual([\n     \u001b[90m     |\u001b[39m                                 \u001b[31m\u001b[1m^\u001b[22m\u001b[39m\n     \u001b[90m 356 |\u001b[39m         \u001b[32m\"2024 Ram 1500\"\u001b[39m\u001b[33m,\u001b[39m\n     \u001b[90m 357 |\u001b[39m         \u001b[32m\"2024 Ford F-150\"\u001b[39m\u001b[33m,\u001b[39m\n     \u001b[90m 358 |\u001b[39m       ])\u001b[33m;\u001b[39m\u001b[0m\n\n      at Object.<anonymous> (src/lib/wheel-size/__tests__/safetyGovernor.test.ts:355:33)\n\n  ● Wheel-Size Safety Governor › Configuration › uses default caps when env not set\n\n    expect(received).toBe(expected) // Object.is equality\n\n    Expected: 100\n    Received: 5000\n\n    \u001b[0m \u001b[90m 404 |\u001b[39m       \u001b[36mconst\u001b[39m config \u001b[33m=\u001b[39m getConfig()\u001b[33m;\u001b[39m\n     \u001b[90m 405 |\u001b[39m       \n    \u001b[31m\u001b[1m>\u001b[22m\u001b[39m\u001b[90m 406 |\u001b[39m       expect(config\u001b[33m.\u001b[39mdailyCap)\u001b[33m.\u001b[39mtoBe(\u001b[35m100\u001b[39m)\u001b[33m;\u001b[39m\n     \u001b[90m     |\u001b[39m                               \u001b[31m\u001b[1m^\u001b[22m\u001b[39m\n     \u001b[90m 407 |\u001b[39m       expect(config\u001b[33m.\u001b[39mhourlyCap)\u001b[33m.\u001b[39mtoBe(\u001b[35m20\u001b[39m)\u001b[33m;\u001b[39m\n     \u001b[90m 408 |\u001b[39m       expect(config\u001b[33m.\u001b[39mminDelayMs)\u001b[33m.\u001b[39mtoBe(\u001b[35m5000\u001b[39m)\u001b[33m;\u001b[39m\n     \u001b[90m 409 |\u001b[39m     })\u001b[33m;\u001b[39m\u001b[0m\n\n      at Object.<anonymous> (src/lib/wheel-size/__tests__/safetyGovernor.test.ts:406:31)\n","name":"F:\\clawd\\wt-release\\src\\lib\\wheel-size\\__tests__\\safetyGovernor.test.ts","startTime":1789936792839,"status":"failed","summary":""},{"assertionResults":[{"ancestorTitles":["Staggered Fitment Tests","C8 Corvette Stingray (19\" front / 20\" rear)"],"duration":1,"failing":false,"failureDetails":[],"failureMessages":[],"fullName":"Staggered Fitment Tests C8 Corvette Stingray (19\" front / 20\" rear) detects staggered from different front/rear diameters","invocations":1,"location":null,"numPassingAsserts":3,"retryReasons":[],"startAt":1789936793622,"status":"passed","title":"detects staggered from different front/rear diameters"},{"ancestorTitles":["Staggered Fitment Tests","C8 Corvette Stingray (19\" front / 20\" rear)"],"duration":3,"failing":false,"failureDetails":[{"matcherResult":{"actual":[19,20,21,22,24,26],"expected":[19,20,21,22,24],"message":"expect(received).toEqual(expected) // deep equality\n\n- Expected  - 0\n+ Received  + 1\n\n@@ -2,6 +2,7 @@\n    19,\n    20,\n    21,\n    22,\n    24,\n+   26,\n  ]","name":"toEqual","pass":false}}],"failureMessages":["Error: expect(received).toEqual(expected) // deep equality\n\n- Expected  - 0\n+ Received  + 1\n\n@@ -2,6 +2,7 @@\n    19,\n    20,\n    21,\n    22,\n    24,\n+   26,\n  ]\n    at Object.<anonymous> (F:\\clawd\\wt-release\\src\\lib\\fitment-db\\staggeredFitment.test.ts:61:25)\n    at Promise.finally.completed (F:\\clawd\\wt-release\\node_modules\\jest-circus\\build\\jestAdapterInit.js:1557:28)\n    at new Promise (<anonymous>)\n    at callAsyncCircusFn (F:\\clawd\\wt-release\\node_modules\\jest-circus\\build\\jestAdapterInit.js:1497:10)\n    at _callCircusTest (F:\\clawd\\wt-release\\node_modules\\jest-circus\\build\\jestAdapterInit.js:1007:40)\n    at processTicksAndRejections (node:internal/process/task_queues:104:5)\n    at _runTest (F:\\clawd\\wt-release\\node_modules\\jest-circus\\build\\jestAdapterInit.js:947:3)\n    at F:\\clawd\\wt-release\\node_modules\\jest-circus\\build\\jestAdapterInit.js:849:7\n    at _runTestsForDescribeBlock (F:\\clawd\\wt-release\\node_modules\\jest-circus\\build\\jestAdapterInit.js:862:11)\n    at _runTestsForDescribeBlock (F:\\clawd\\wt-release\\node_modules\\jest-circus\\build\\jestAdapterInit.js:857:11)\n    at _runTestsForDescribeBlock (F:\\clawd\\wt-release\\node_modules\\jest-circus\\build\\jestAdapterInit.js:857:11)\n    at run (F:\\clawd\\wt-release\\node_modules\\jest-circus\\build\\jestAdapterInit.js:761:3)\n    at runAndTransformResultsToJestFormat (F:\\clawd\\wt-release\\node_modules\\jest-circus\\build\\jestAdapterInit.js:1918:21)\n    at jestAdapter (F:\\clawd\\wt-release\\node_modules\\jest-circus\\build\\runner.js:101:19)\n    at runTestInternal (F:\\clawd\\wt-release\\node_modules\\jest-runner\\build\\testWorker.js:275:16)\n    at runTest (F:\\clawd\\wt-release\\node_modules\\jest-runner\\build\\testWorker.js:343:7)\n    at Object.worker (F:\\clawd\\wt-release\\node_modules\\jest-runner\\build\\testWorker.js:497:12)"],"fullName":"Staggered Fitment Tests C8 Corvette Stingray (19\" front / 20\" rear) builds diameter options including ALL inventory sizes","invocations":1,"location":null,"numPassingAsserts":0,"retryReasons":[],"startAt":1789936793624,"status":"failed","title":"builds diameter options including ALL inventory sizes"},{"ancestorTitles":["Staggered Fitment Tests","C8 Corvette Stingray (19\" front / 20\" rear)"],"duration":1,"failing":false,"failureDetails":[],"failureMessages":[],"fullName":"Staggered Fitment Tests C8 Corvette Stingray (19\" front / 20\" rear) CRITICAL: does NOT cap at +3\" upsize limit","invocations":1,"location":null,"numPassingAsserts":1,"retryReasons":[],"startAt":1789936793652,"status":"passed","title":"CRITICAL: does NOT cap at +3\" upsize limit"},{"ancestorTitles":["Staggered Fitment Tests","C8 Corvette Stingray (19\" front / 20\" rear)"],"duration":1,"failing":false,"failureDetails":[],"failureMessages":[],"fullName":"Staggered Fitment Tests C8 Corvette Stingray (19\" front / 20\" rear) marks OEM sizes as stock","invocations":1,"location":null,"numPassingAsserts":4,"retryReasons":[],"startAt":1789936793653,"status":"passed","title":"marks OEM sizes as stock"},{"ancestorTitles":["Staggered Fitment Tests","C8 Corvette Stingray (19\" front / 20\" rear)"],"duration":1,"failing":false,"failureDetails":[],"failureMessages":[],"fullName":"Staggered Fitment Tests C8 Corvette Stingray (19\" front / 20\" rear) includes inventory counts in options","invocations":1,"location":null,"numPassingAsserts":3,"retryReasons":[],"startAt":1789936793654,"status":"passed","title":"includes inventory counts in options"},{"ancestorTitles":["Staggered Fitment Tests","Non-staggered vehicle (F-150)"],"duration":0,"failing":false,"failureDetails":[],"failureMessages":[],"fullName":"Staggered Fitment Tests Non-staggered vehicle (F-150) is NOT staggered when all wheel specs are \"both\" axle","invocations":1,"location":null,"numPassingAsserts":1,"retryReasons":[],"startAt":1789936793655,"status":"passed","title":"is NOT staggered when all wheel specs are \"both\" axle"},{"ancestorTitles":["Staggered Fitment Tests","Non-staggered vehicle (F-150)"],"duration":18,"failing":false,"failureDetails":[{"matcherResult":{"actual":[17,18,19,20,22,24,26],"expected":[17,18,20,22],"message":"expect(received).toEqual(expected) // deep equality\n\n- Expected  - 0\n+ Received  + 3\n\n  Array [\n    17,\n    18,\n+   19,\n    20,\n    22,\n+   24,\n+   26,\n  ]","name":"toEqual","pass":false}}],"failureMessages":["Error: expect(received).toEqual(expected) // deep equality\n\n- Expected  - 0\n+ Received  + 3\n\n  Array [\n    17,\n    18,\n+   19,\n    20,\n    22,\n+   24,\n+   26,\n  ]\n    at Object.<anonymous> (F:\\clawd\\wt-release\\src\\lib\\fitment-db\\staggeredFitment.test.ts:145:25)\n    at Promise.finally.completed (F:\\clawd\\wt-release\\node_modules\\jest-circus\\build\\jestAdapterInit.js:1557:28)\n    at new Promise (<anonymous>)\n    at callAsyncCircusFn (F:\\clawd\\wt-release\\node_modules\\jest-circus\\build\\jestAdapterInit.js:1497:10)\n    at _callCircusTest (F:\\clawd\\wt-release\\node_modules\\jest-circus\\build\\jestAdapterInit.js:1007:40)\n    at processTicksAndRejections (node:internal/process/task_queues:104:5)\n    at _runTest (F:\\clawd\\wt-release\\node_modules\\jest-circus\\build\\jestAdapterInit.js:947:3)\n    at F:\\clawd\\wt-release\\node_modules\\jest-circus\\build\\jestAdapterInit.js:849:7\n    at _runTestsForDescribeBlock (F:\\clawd\\wt-release\\node_modules\\jest-circus\\build\\jestAdapterInit.js:862:11)\n    at _runTestsForDescribeBlock (F:\\clawd\\wt-release\\node_modules\\jest-circus\\build\\jestAdapterInit.js:857:11)\n    at _runTestsForDescribeBlock (F:\\clawd\\wt-release\\node_modules\\jest-circus\\build\\jestAdapterInit.js:857:11)\n    at run (F:\\clawd\\wt-release\\node_modules\\jest-circus\\build\\jestAdapterInit.js:761:3)\n    at runAndTransformResultsToJestFormat (F:\\clawd\\wt-release\\node_modules\\jest-circus\\build\\jestAdapterInit.js:1918:21)\n    at jestAdapter (F:\\clawd\\wt-release\\node_modules\\jest-circus\\build\\runner.js:101:19)\n    at runTestInternal (F:\\clawd\\wt-release\\node_modules\\jest-runner\\build\\testWorker.js:275:16)\n    at runTest (F:\\clawd\\wt-release\\node_modules\\jest-runner\\build\\testWorker.js:343:7)\n    at Object.worker (F:\\clawd\\wt-release\\node_modules\\jest-runner\\build\\testWorker.js:497:12)"],"fullName":"Staggered Fitment Tests Non-staggered vehicle (F-150) still includes all inventory sizes","invocations":1,"location":null,"numPassingAsserts":0,"retryReasons":[],"startAt":1789936793655,"status":"failed","title":"still includes all inventory sizes"},{"ancestorTitles":["Staggered Fitment Tests","Empty inventory facets"],"duration":2,"failing":false,"failureDetails":[{"matcherResult":{"actual":[19,20,22,24,26],"expected":[19,20],"message":"expect(received).toEqual(expected) // deep equality\n\n- Expected  - 0\n+ Received  + 3\n\n  Array [\n    19,\n    20,\n+   22,\n+   24,\n+   26,\n  ]","name":"toEqual","pass":false}}],"failureMessages":["Error: expect(received).toEqual(expected) // deep equality\n\n- Expected  - 0\n+ Received  + 3\n\n  Array [\n    19,\n    20,\n+   22,\n+   24,\n+   26,\n  ]\n    at Object.<anonymous> (F:\\clawd\\wt-release\\src\\lib\\fitment-db\\staggeredFitment.test.ts:163:25)\n    at Promise.finally.completed (F:\\clawd\\wt-release\\node_modules\\jest-circus\\build\\jestAdapterInit.js:1557:28)\n    at new Promise (<anonymous>)\n    at callAsyncCircusFn (F:\\clawd\\wt-release\\node_modules\\jest-circus\\build\\jestAdapterInit.js:1497:10)\n    at _callCircusTest (F:\\clawd\\wt-release\\node_modules\\jest-circus\\build\\jestAdapterInit.js:1007:40)\n    at processTicksAndRejections (node:internal/process/task_queues:104:5)\n    at _runTest (F:\\clawd\\wt-release\\node_modules\\jest-circus\\build\\jestAdapterInit.js:947:3)\n    at F:\\clawd\\wt-release\\node_modules\\jest-circus\\build\\jestAdapterInit.js:849:7\n    at _runTestsForDescribeBlock (F:\\clawd\\wt-release\\node_modules\\jest-circus\\build\\jestAdapterInit.js:862:11)\n    at _runTestsForDescribeBlock (F:\\clawd\\wt-release\\node_modules\\jest-circus\\build\\jestAdapterInit.js:857:11)\n    at _runTestsForDescribeBlock (F:\\clawd\\wt-release\\node_modules\\jest-circus\\build\\jestAdapterInit.js:857:11)\n    at run (F:\\clawd\\wt-release\\node_modules\\jest-circus\\build\\jestAdapterInit.js:761:3)\n    at runAndTransformResultsToJestFormat (F:\\clawd\\wt-release\\node_modules\\jest-circus\\build\\jestAdapterInit.js:1918:21)\n    at jestAdapter (F:\\clawd\\wt-release\\node_modules\\jest-circus\\build\\runner.js:101:19)\n    at runTestInternal (F:\\clawd\\wt-release\\node_modules\\jest-runner\\build\\testWorker.js:275:16)\n    at runTest (F:\\clawd\\wt-release\\node_modules\\jest-runner\\build\\testWorker.js:343:7)\n    at Object.worker (F:\\clawd\\wt-release\\node_modules\\jest-runner\\build\\testWorker.js:497:12)"],"fullName":"Staggered Fitment Tests Empty inventory facets returns OEM sizes when no inventory facets","invocations":1,"location":null,"numPassingAsserts":0,"retryReasons":[],"startAt":1789936793673,"status":"failed","title":"returns OEM sizes when no inventory facets"},{"ancestorTitles":["Staggered Fitment Tests","Classic vehicle upsize range"],"duration":1,"failing":false,"failureDetails":[],"failureMessages":[],"fullName":"Staggered Fitment Tests Classic vehicle upsize range uses classic upsize range for classic vehicles","invocations":1,"location":null,"numPassingAsserts":2,"retryReasons":[],"startAt":1789936793675,"status":"passed","title":"uses classic upsize range for classic vehicles"},{"ancestorTitles":["Staggered Fitment Tests","False Staggered Detection Fix (2026-04-06)"],"duration":1,"failing":false,"failureDetails":[],"failureMessages":[],"fullName":"Staggered Fitment Tests False Staggered Detection Fix (2026-04-06) GM trucks with different diameters, same width are NOT staggered","invocations":1,"location":null,"numPassingAsserts":2,"retryReasons":[],"startAt":1789936793676,"status":"passed","title":"GM trucks with different diameters, same width are NOT staggered"},{"ancestorTitles":["Staggered Fitment Tests","False Staggered Detection Fix (2026-04-06)"],"duration":0,"failing":false,"failureDetails":[],"failureMessages":[],"fullName":"Staggered Fitment Tests False Staggered Detection Fix (2026-04-06) GM trucks with 3+ OEM options are NOT staggered","invocations":1,"location":null,"numPassingAsserts":1,"retryReasons":[],"startAt":1789936793678,"status":"passed","title":"GM trucks with 3+ OEM options are NOT staggered"},{"ancestorTitles":["Staggered Fitment Tests","False Staggered Detection Fix (2026-04-06)"],"duration":2,"failing":false,"failureDetails":[],"failureMessages":[],"fullName":"Staggered Fitment Tests False Staggered Detection Fix (2026-04-06) F-150 with OEM options is NOT staggered","invocations":1,"location":null,"numPassingAsserts":1,"retryReasons":[],"startAt":1789936793678,"status":"passed","title":"F-150 with OEM options is NOT staggered"},{"ancestorTitles":["Staggered Fitment Tests","False Staggered Detection Fix (2026-04-06)"],"duration":1,"failing":false,"failureDetails":[],"failureMessages":[],"fullName":"Staggered Fitment Tests False Staggered Detection Fix (2026-04-06) Corvette with explicit front/rear IS staggered","invocations":1,"location":null,"numPassingAsserts":2,"retryReasons":[],"startAt":1789936793680,"status":"passed","title":"Corvette with explicit front/rear IS staggered"},{"ancestorTitles":["Staggered Fitment Tests","False Staggered Detection Fix (2026-04-06)"],"duration":1,"failing":false,"failureDetails":[],"failureMessages":[],"fullName":"Staggered Fitment Tests False Staggered Detection Fix (2026-04-06) Corvette mislabeled as \"both\" IS still staggered (via width)","invocations":1,"location":null,"numPassingAsserts":2,"retryReasons":[],"startAt":1789936793681,"status":"passed","title":"Corvette mislabeled as \"both\" IS still staggered (via width)"},{"ancestorTitles":["Staggered Fitment Tests","False Staggered Detection Fix (2026-04-06)"],"duration":2,"failing":false,"failureDetails":[],"failureMessages":[],"fullName":"Staggered Fitment Tests False Staggered Detection Fix (2026-04-06) Mustang GT PP with explicit front/rear IS staggered","invocations":1,"location":null,"numPassingAsserts":2,"retryReasons":[],"startAt":1789936793683,"status":"passed","title":"Mustang GT PP with explicit front/rear IS staggered"},{"ancestorTitles":["Staggered Fitment Tests","False Staggered Detection Fix (2026-04-06)"],"duration":1,"failing":false,"failureDetails":[],"failureMessages":[],"fullName":"Staggered Fitment Tests False Staggered Detection Fix (2026-04-06) Performance car with 1\"+ width diff (axle=both) IS staggered","invocations":1,"location":null,"numPassingAsserts":2,"retryReasons":[],"startAt":1789936793685,"status":"passed","title":"Performance car with 1\"+ width diff (axle=both) IS staggered"}],"endTime":1789936793719,"message":"  ● Staggered Fitment Tests › C8 Corvette Stingray (19\" front / 20\" rear) › builds diameter options including ALL inventory sizes\n\n    expect(received).toEqual(expected) // deep equality\n\n    - Expected  - 0\n    + Received  + 1\n\n    @@ -2,6 +2,7 @@\n        19,\n        20,\n        21,\n        22,\n        24,\n    +   26,\n      ]\n\n    \u001b[0m \u001b[90m 59 |\u001b[39m       \u001b[90m// Should include all 5 sizes from inventory\u001b[39m\n     \u001b[90m 60 |\u001b[39m       \u001b[36mconst\u001b[39m diameters \u001b[33m=\u001b[39m options\u001b[33m.\u001b[39mmap(o \u001b[33m=>\u001b[39m o\u001b[33m.\u001b[39mdiameter)\u001b[33m.\u001b[39msort((a\u001b[33m,\u001b[39m b) \u001b[33m=>\u001b[39m a \u001b[33m-\u001b[39m b)\u001b[33m;\u001b[39m\n    \u001b[31m\u001b[1m>\u001b[22m\u001b[39m\u001b[90m 61 |\u001b[39m       expect(diameters)\u001b[33m.\u001b[39mtoEqual([\u001b[35m19\u001b[39m\u001b[33m,\u001b[39m \u001b[35m20\u001b[39m\u001b[33m,\u001b[39m \u001b[35m21\u001b[39m\u001b[33m,\u001b[39m \u001b[35m22\u001b[39m\u001b[33m,\u001b[39m \u001b[35m24\u001b[39m])\u001b[33m;\u001b[39m\n     \u001b[90m    |\u001b[39m                         \u001b[31m\u001b[1m^\u001b[22m\u001b[39m\n     \u001b[90m 62 |\u001b[39m     })\u001b[33m;\u001b[39m\n     \u001b[90m 63 |\u001b[39m\n     \u001b[90m 64 |\u001b[39m     it(\u001b[32m'CRITICAL: does NOT cap at +3\" upsize limit'\u001b[39m\u001b[33m,\u001b[39m () \u001b[33m=>\u001b[39m {\u001b[0m\n\n      at Object.<anonymous> (src/lib/fitment-db/staggeredFitment.test.ts:61:25)\n\n  ● Staggered Fitment Tests › Non-staggered vehicle (F-150) › still includes all inventory sizes\n\n    expect(received).toEqual(expected) // deep equality\n\n    - Expected  - 0\n    + Received  + 3\n\n      Array [\n        17,\n        18,\n    +   19,\n        20,\n        22,\n    +   24,\n    +   26,\n      ]\n\n    \u001b[0m \u001b[90m 143 |\u001b[39m\n     \u001b[90m 144 |\u001b[39m       \u001b[36mconst\u001b[39m diameters \u001b[33m=\u001b[39m options\u001b[33m.\u001b[39mmap(o \u001b[33m=>\u001b[39m o\u001b[33m.\u001b[39mdiameter)\u001b[33m.\u001b[39msort((a\u001b[33m,\u001b[39m b) \u001b[33m=>\u001b[39m a \u001b[33m-\u001b[39m b)\u001b[33m;\u001b[39m\n    \u001b[31m\u001b[1m>\u001b[22m\u001b[39m\u001b[90m 145 |\u001b[39m       expect(diameters)\u001b[33m.\u001b[39mtoEqual([\u001b[35m17\u001b[39m\u001b[33m,\u001b[39m \u001b[35m18\u001b[39m\u001b[33m,\u001b[39m \u001b[35m20\u001b[39m\u001b[33m,\u001b[39m \u001b[35m22\u001b[39m])\u001b[33m;\u001b[39m\n     \u001b[90m     |\u001b[39m                         \u001b[31m\u001b[1m^\u001b[22m\u001b[39m\n     \u001b[90m 146 |\u001b[39m     })\u001b[33m;\u001b[39m\n     \u001b[90m 147 |\u001b[39m   })\u001b[33m;\u001b[39m\n     \u001b[90m 148 |\u001b[39m\u001b[0m\n\n      at Object.<anonymous> (src/lib/fitment-db/staggeredFitment.test.ts:145:25)\n\n  ● Staggered Fitment Tests › Empty inventory facets › returns OEM sizes when no inventory facets\n\n    expect(received).toEqual(expected) // deep equality\n\n    - Expected  - 0\n    + Received  + 3\n\n      Array [\n        19,\n        20,\n    +   22,\n    +   24,\n    +   26,\n      ]\n\n    \u001b[0m \u001b[90m 161 |\u001b[39m\n     \u001b[90m 162 |\u001b[39m       \u001b[36mconst\u001b[39m diameters \u001b[33m=\u001b[39m options\u001b[33m.\u001b[39mmap(o \u001b[33m=>\u001b[39m o\u001b[33m.\u001b[39mdiameter)\u001b[33m.\u001b[39msort((a\u001b[33m,\u001b[39m b) \u001b[33m=>\u001b[39m a \u001b[33m-\u001b[39m b)\u001b[33m;\u001b[39m\n    \u001b[31m\u001b[1m>\u001b[22m\u001b[39m\u001b[90m 163 |\u001b[39m       expect(diameters)\u001b[33m.\u001b[39mtoEqual([\u001b[35m19\u001b[39m\u001b[33m,\u001b[39m \u001b[35m20\u001b[39m])\u001b[33m;\u001b[39m\n     \u001b[90m     |\u001b[39m                         \u001b[31m\u001b[1m^\u001b[22m\u001b[39m\n     \u001b[90m 164 |\u001b[39m     })\u001b[33m;\u001b[39m\n     \u001b[90m 165 |\u001b[39m   })\u001b[33m;\u001b[39m\n     \u001b[90m 166 |\u001b[39m\u001b[0m\n\n      at Object.<anonymous> (src/lib/fitment-db/staggeredFitment.test.ts:163:25)\n","name":"F:\\clawd\\wt-release\\src\\lib\\fitment-db\\staggeredFitment.test.ts","startTime":1789936793567,"status":"failed","summary":""},{"assertionResults":[{"ancestorTitles":["Canonical Resolver - Wheel-Size Trim Mapping Integration","1. Exact modificationId match (highest priority)"],"duration":7,"failing":false,"failureDetails":[{}],"failureMessages":["TypeError: (0 , modelAliases_1.extractBmwModelAndTrim) is not a function\n    at resolveVehicleFitment (F:\\clawd\\wt-release\\src\\lib\\fitment\\canonicalResolver.ts:345:47)\n    at Object.<anonymous> (F:\\clawd\\wt-release\\src\\lib\\fitment\\__tests__\\canonicalResolver.test.ts:130:49)\n    at Promise.finally.completed (F:\\clawd\\wt-release\\node_modules\\jest-circus\\build\\jestAdapterInit.js:1557:28)\n    at new Promise (<anonymous>)\n    at callAsyncCircusFn (F:\\clawd\\wt-release\\node_modules\\jest-circus\\build\\jestAdapterInit.js:1497:10)\n    at _callCircusTest (F:\\clawd\\wt-release\\node_modules\\jest-circus\\build\\jestAdapterInit.js:1007:40)\n    at processTicksAndRejections (node:internal/process/task_queues:104:5)\n    at _runTest (F:\\clawd\\wt-release\\node_modules\\jest-circus\\build\\jestAdapterInit.js:947:3)\n    at F:\\clawd\\wt-release\\node_modules\\jest-circus\\build\\jestAdapterInit.js:849:7\n    at _runTestsForDescribeBlock (F:\\clawd\\wt-release\\node_modules\\jest-circus\\build\\jestAdapterInit.js:862:11)\n    at _runTestsForDescribeBlock (F:\\clawd\\wt-release\\node_modules\\jest-circus\\build\\jestAdapterInit.js:857:11)\n    at _runTestsForDescribeBlock (F:\\clawd\\wt-release\\node_modules\\jest-circus\\build\\jestAdapterInit.js:857:11)\n    at run (F:\\clawd\\wt-release\\node_modules\\jest-circus\\build\\jestAdapterInit.js:761:3)\n    at runAndTransformResultsToJestFormat (F:\\clawd\\wt-release\\node_modules\\jest-circus\\build\\jestAdapterInit.js:1918:21)\n    at jestAdapter (F:\\clawd\\wt-release\\node_modules\\jest-circus\\build\\runner.js:101:19)\n    at runTestInternal (F:\\clawd\\wt-release\\node_modules\\jest-runner\\build\\testWorker.js:275:16)\n    at runTest (F:\\clawd\\wt-release\\node_modules\\jest-runner\\build\\testWorker.js:343:7)\n    at Object.worker (F:\\clawd\\wt-release\\node_modules\\jest-runner\\build\\testWorker.js:497:12)"],"fullName":"Canonical Resolver - Wheel-Size Trim Mapping Integration 1. Exact modificationId match (highest priority) Exact modificationId beats everything, including approved trim mapping","invocations":1,"location":null,"numPassingAsserts":0,"retryReasons":[],"startAt":1789936793719,"status":"failed","title":"Exact modificationId beats everything, including approved trim mapping"},{"ancestorTitles":["Canonical Resolver - Wheel-Size Trim Mapping Integration","1. Exact modificationId match (highest priority)"],"duration":2,"failing":false,"failureDetails":[{}],"failureMessages":["TypeError: (0 , modelAliases_1.extractBmwModelAndTrim) is not a function\n    at resolveVehicleFitment (F:\\clawd\\wt-release\\src\\lib\\fitment\\canonicalResolver.ts:345:47)\n    at Object.<anonymous> (F:\\clawd\\wt-release\\src\\lib\\fitment\\__tests__\\canonicalResolver.test.ts:158:49)\n    at Promise.finally.completed (F:\\clawd\\wt-release\\node_modules\\jest-circus\\build\\jestAdapterInit.js:1557:28)\n    at new Promise (<anonymous>)\n    at callAsyncCircusFn (F:\\clawd\\wt-release\\node_modules\\jest-circus\\build\\jestAdapterInit.js:1497:10)\n    at _callCircusTest (F:\\clawd\\wt-release\\node_modules\\jest-circus\\build\\jestAdapterInit.js:1007:40)\n    at processTicksAndRejections (node:internal/process/task_queues:104:5)\n    at _runTest (F:\\clawd\\wt-release\\node_modules\\jest-circus\\build\\jestAdapterInit.js:947:3)\n    at F:\\clawd\\wt-release\\node_modules\\jest-circus\\build\\jestAdapterInit.js:849:7\n    at _runTestsForDescribeBlock (F:\\clawd\\wt-release\\node_modules\\jest-circus\\build\\jestAdapterInit.js:862:11)\n    at _runTestsForDescribeBlock (F:\\clawd\\wt-release\\node_modules\\jest-circus\\build\\jestAdapterInit.js:857:11)\n    at _runTestsForDescribeBlock (F:\\clawd\\wt-release\\node_modules\\jest-circus\\build\\jestAdapterInit.js:857:11)\n    at run (F:\\clawd\\wt-release\\node_modules\\jest-circus\\build\\jestAdapterInit.js:761:3)\n    at runAndTransformResultsToJestFormat (F:\\clawd\\wt-release\\node_modules\\jest-circus\\build\\jestAdapterInit.js:1918:21)\n    at jestAdapter (F:\\clawd\\wt-release\\node_modules\\jest-circus\\build\\runner.js:101:19)\n    at runTestInternal (F:\\clawd\\wt-release\\node_modules\\jest-runner\\build\\testWorker.js:275:16)\n    at runTest (F:\\clawd\\wt-release\\node_modules\\jest-runner\\build\\testWorker.js:343:7)\n    at Object.worker (F:\\clawd\\wt-release\\node_modules\\jest-runner\\build\\testWorker.js:497:12)"],"fullName":"Canonical Resolver - Wheel-Size Trim Mapping Integration 1. Exact modificationId match (highest priority) Grouped record with exact modificationId resolves to atomic trim","invocations":1,"location":null,"numPassingAsserts":0,"retryReasons":[],"startAt":1789936793771,"status":"failed","title":"Grouped record with exact modificationId resolves to atomic trim"},{"ancestorTitles":["Canonical Resolver - Wheel-Size Trim Mapping Integration","2. Approved trim mapping beats grouped fallback"],"duration":1,"failing":false,"failureDetails":[{}],"failureMessages":["TypeError: (0 , modelAliases_1.extractBmwModelAndTrim) is not a function\n    at resolveVehicleFitment (F:\\clawd\\wt-release\\src\\lib\\fitment\\canonicalResolver.ts:345:47)\n    at Object.<anonymous> (F:\\clawd\\wt-release\\src\\lib\\fitment\\__tests__\\canonicalResolver.test.ts:208:49)\n    at Promise.finally.completed (F:\\clawd\\wt-release\\node_modules\\jest-circus\\build\\jestAdapterInit.js:1557:28)\n    at new Promise (<anonymous>)\n    at callAsyncCircusFn (F:\\clawd\\wt-release\\node_modules\\jest-circus\\build\\jestAdapterInit.js:1497:10)\n    at _callCircusTest (F:\\clawd\\wt-release\\node_modules\\jest-circus\\build\\jestAdapterInit.js:1007:40)\n    at processTicksAndRejections (node:internal/process/task_queues:104:5)\n    at _runTest (F:\\clawd\\wt-release\\node_modules\\jest-circus\\build\\jestAdapterInit.js:947:3)\n    at F:\\clawd\\wt-release\\node_modules\\jest-circus\\build\\jestAdapterInit.js:849:7\n    at _runTestsForDescribeBlock (F:\\clawd\\wt-release\\node_modules\\jest-circus\\build\\jestAdapterInit.js:862:11)\n    at _runTestsForDescribeBlock (F:\\clawd\\wt-release\\node_modules\\jest-circus\\build\\jestAdapterInit.js:857:11)\n    at _runTestsForDescribeBlock (F:\\clawd\\wt-release\\node_modules\\jest-circus\\build\\jestAdapterInit.js:857:11)\n    at run (F:\\clawd\\wt-release\\node_modules\\jest-circus\\build\\jestAdapterInit.js:761:3)\n    at runAndTransformResultsToJestFormat (F:\\clawd\\wt-release\\node_modules\\jest-circus\\build\\jestAdapterInit.js:1918:21)\n    at jestAdapter (F:\\clawd\\wt-release\\node_modules\\jest-circus\\build\\runner.js:101:19)\n    at runTestInternal (F:\\clawd\\wt-release\\node_modules\\jest-runner\\build\\testWorker.js:275:16)\n    at runTest (F:\\clawd\\wt-release\\node_modules\\jest-runner\\build\\testWorker.js:343:7)\n    at Object.worker (F:\\clawd\\wt-release\\node_modules\\jest-runner\\build\\testWorker.js:497:12)"],"fullName":"Canonical Resolver - Wheel-Size Trim Mapping Integration 2. Approved trim mapping beats grouped fallback Approved high-confidence mapping is used","invocations":1,"location":null,"numPassingAsserts":0,"retryReasons":[],"startAt":1789936793773,"status":"failed","title":"Approved high-confidence mapping is used"},{"ancestorTitles":["Canonical Resolver - Wheel-Size Trim Mapping Integration","2. Approved trim mapping beats grouped fallback"],"duration":1,"failing":false,"failureDetails":[{}],"failureMessages":["TypeError: (0 , modelAliases_1.extractBmwModelAndTrim) is not a function\n    at resolveVehicleFitment (F:\\clawd\\wt-release\\src\\lib\\fitment\\canonicalResolver.ts:345:47)\n    at Object.<anonymous> (F:\\clawd\\wt-release\\src\\lib\\fitment\\__tests__\\canonicalResolver.test.ts:253:49)\n    at Promise.finally.completed (F:\\clawd\\wt-release\\node_modules\\jest-circus\\build\\jestAdapterInit.js:1557:28)\n    at new Promise (<anonymous>)\n    at callAsyncCircusFn (F:\\clawd\\wt-release\\node_modules\\jest-circus\\build\\jestAdapterInit.js:1497:10)\n    at _callCircusTest (F:\\clawd\\wt-release\\node_modules\\jest-circus\\build\\jestAdapterInit.js:1007:40)\n    at processTicksAndRejections (node:internal/process/task_queues:104:5)\n    at _runTest (F:\\clawd\\wt-release\\node_modules\\jest-circus\\build\\jestAdapterInit.js:947:3)\n    at F:\\clawd\\wt-release\\node_modules\\jest-circus\\build\\jestAdapterInit.js:849:7\n    at _runTestsForDescribeBlock (F:\\clawd\\wt-release\\node_modules\\jest-circus\\build\\jestAdapterInit.js:862:11)\n    at _runTestsForDescribeBlock (F:\\clawd\\wt-release\\node_modules\\jest-circus\\build\\jestAdapterInit.js:857:11)\n    at _runTestsForDescribeBlock (F:\\clawd\\wt-release\\node_modules\\jest-circus\\build\\jestAdapterInit.js:857:11)\n    at run (F:\\clawd\\wt-release\\node_modules\\jest-circus\\build\\jestAdapterInit.js:761:3)\n    at runAndTransformResultsToJestFormat (F:\\clawd\\wt-release\\node_modules\\jest-circus\\build\\jestAdapterInit.js:1918:21)\n    at jestAdapter (F:\\clawd\\wt-release\\node_modules\\jest-circus\\build\\runner.js:101:19)\n    at runTestInternal (F:\\clawd\\wt-release\\node_modules\\jest-runner\\build\\testWorker.js:275:16)\n    at runTest (F:\\clawd\\wt-release\\node_modules\\jest-runner\\build\\testWorker.js:343:7)\n    at Object.worker (F:\\clawd\\wt-release\\node_modules\\jest-runner\\build\\testWorker.js:497:12)"],"fullName":"Canonical Resolver - Wheel-Size Trim Mapping Integration 2. Approved trim mapping beats grouped fallback Approved medium-confidence mapping is used","invocations":1,"location":null,"numPassingAsserts":0,"retryReasons":[],"startAt":1789936793775,"status":"failed","title":"Approved medium-confidence mapping is used"},{"ancestorTitles":["Canonical Resolver - Wheel-Size Trim Mapping Integration","2. Approved trim mapping beats grouped fallback"],"duration":2,"failing":false,"failureDetails":[{}],"failureMessages":["TypeError: (0 , modelAliases_1.extractBmwModelAndTrim) is not a function\n    at resolveVehicleFitment (F:\\clawd\\wt-release\\src\\lib\\fitment\\canonicalResolver.ts:345:47)\n    at Object.<anonymous> (F:\\clawd\\wt-release\\src\\lib\\fitment\\__tests__\\canonicalResolver.test.ts:288:49)\n    at Promise.finally.completed (F:\\clawd\\wt-release\\node_modules\\jest-circus\\build\\jestAdapterInit.js:1557:28)\n    at new Promise (<anonymous>)\n    at callAsyncCircusFn (F:\\clawd\\wt-release\\node_modules\\jest-circus\\build\\jestAdapterInit.js:1497:10)\n    at _callCircusTest (F:\\clawd\\wt-release\\node_modules\\jest-circus\\build\\jestAdapterInit.js:1007:40)\n    at processTicksAndRejections (node:internal/process/task_queues:104:5)\n    at _runTest (F:\\clawd\\wt-release\\node_modules\\jest-circus\\build\\jestAdapterInit.js:947:3)\n    at F:\\clawd\\wt-release\\node_modules\\jest-circus\\build\\jestAdapterInit.js:849:7\n    at _runTestsForDescribeBlock (F:\\clawd\\wt-release\\node_modules\\jest-circus\\build\\jestAdapterInit.js:862:11)\n    at _runTestsForDescribeBlock (F:\\clawd\\wt-release\\node_modules\\jest-circus\\build\\jestAdapterInit.js:857:11)\n    at _runTestsForDescribeBlock (F:\\clawd\\wt-release\\node_modules\\jest-circus\\build\\jestAdapterInit.js:857:11)\n    at run (F:\\clawd\\wt-release\\node_modules\\jest-circus\\build\\jestAdapterInit.js:761:3)\n    at runAndTransformResultsToJestFormat (F:\\clawd\\wt-release\\node_modules\\jest-circus\\build\\jestAdapterInit.js:1918:21)\n    at jestAdapter (F:\\clawd\\wt-release\\node_modules\\jest-circus\\build\\runner.js:101:19)\n    at runTestInternal (F:\\clawd\\wt-release\\node_modules\\jest-runner\\build\\testWorker.js:275:16)\n    at runTest (F:\\clawd\\wt-release\\node_modules\\jest-runner\\build\\testWorker.js:343:7)\n    at Object.worker (F:\\clawd\\wt-release\\node_modules\\jest-runner\\build\\testWorker.js:497:12)"],"fullName":"Canonical Resolver - Wheel-Size Trim Mapping Integration 2. Approved trim mapping beats grouped fallback Debug metadata includes trim mapping info","invocations":1,"location":null,"numPassingAsserts":0,"retryReasons":[],"startAt":1789936793777,"status":"failed","title":"Debug metadata includes trim mapping info"},{"ancestorTitles":["Canonical Resolver - Wheel-Size Trim Mapping Integration","3. No mapping keeps old behavior"],"duration":1,"failing":false,"failureDetails":[{}],"failureMessages":["TypeError: (0 , modelAliases_1.extractBmwModelAndTrim) is not a function\n    at resolveVehicleFitment (F:\\clawd\\wt-release\\src\\lib\\fitment\\canonicalResolver.ts:345:47)\n    at Object.<anonymous> (F:\\clawd\\wt-release\\src\\lib\\fitment\\__tests__\\canonicalResolver.test.ts:330:49)\n    at Promise.finally.completed (F:\\clawd\\wt-release\\node_modules\\jest-circus\\build\\jestAdapterInit.js:1557:28)\n    at new Promise (<anonymous>)\n    at callAsyncCircusFn (F:\\clawd\\wt-release\\node_modules\\jest-circus\\build\\jestAdapterInit.js:1497:10)\n    at _callCircusTest (F:\\clawd\\wt-release\\node_modules\\jest-circus\\build\\jestAdapterInit.js:1007:40)\n    at processTicksAndRejections (node:internal/process/task_queues:104:5)\n    at _runTest (F:\\clawd\\wt-release\\node_modules\\jest-circus\\build\\jestAdapterInit.js:947:3)\n    at F:\\clawd\\wt-release\\node_modules\\jest-circus\\build\\jestAdapterInit.js:849:7\n    at _runTestsForDescribeBlock (F:\\clawd\\wt-release\\node_modules\\jest-circus\\build\\jestAdapterInit.js:862:11)\n    at _runTestsForDescribeBlock (F:\\clawd\\wt-release\\node_modules\\jest-circus\\build\\jestAdapterInit.js:857:11)\n    at _runTestsForDescribeBlock (F:\\clawd\\wt-release\\node_modules\\jest-circus\\build\\jestAdapterInit.js:857:11)\n    at run (F:\\clawd\\wt-release\\node_modules\\jest-circus\\build\\jestAdapterInit.js:761:3)\n    at runAndTransformResultsToJestFormat (F:\\clawd\\wt-release\\node_modules\\jest-circus\\build\\jestAdapterInit.js:1918:21)\n    at jestAdapter (F:\\clawd\\wt-release\\node_modules\\jest-circus\\build\\runner.js:101:19)\n    at runTestInternal (F:\\clawd\\wt-release\\node_modules\\jest-runner\\build\\testWorker.js:275:16)\n    at runTest (F:\\clawd\\wt-release\\node_modules\\jest-runner\\build\\testWorker.js:343:7)\n    at Object.worker (F:\\clawd\\wt-release\\node_modules\\jest-runner\\build\\testWorker.js:497:12)"],"fullName":"Canonical Resolver - Wheel-Size Trim Mapping Integration 3. No mapping keeps old behavior Falls through to exact canonical trim match when no mapping exists","invocations":1,"location":null,"numPassingAsserts":0,"retryReasons":[],"startAt":1789936793781,"status":"failed","title":"Falls through to exact canonical trim match when no mapping exists"},{"ancestorTitles":["Canonical Resolver - Wheel-Size Trim Mapping Integration","3. No mapping keeps old behavior"],"duration":3,"failing":false,"failureDetails":[{}],"failureMessages":["TypeError: (0 , modelAliases_1.extractBmwModelAndTrim) is not a function\n    at resolveVehicleFitment (F:\\clawd\\wt-release\\src\\lib\\fitment\\canonicalResolver.ts:345:47)\n    at Object.<anonymous> (F:\\clawd\\wt-release\\src\\lib\\fitment\\__tests__\\canonicalResolver.test.ts:358:49)\n    at Promise.finally.completed (F:\\clawd\\wt-release\\node_modules\\jest-circus\\build\\jestAdapterInit.js:1557:28)\n    at new Promise (<anonymous>)\n    at callAsyncCircusFn (F:\\clawd\\wt-release\\node_modules\\jest-circus\\build\\jestAdapterInit.js:1497:10)\n    at _callCircusTest (F:\\clawd\\wt-release\\node_modules\\jest-circus\\build\\jestAdapterInit.js:1007:40)\n    at processTicksAndRejections (node:internal/process/task_queues:104:5)\n    at _runTest (F:\\clawd\\wt-release\\node_modules\\jest-circus\\build\\jestAdapterInit.js:947:3)\n    at F:\\clawd\\wt-release\\node_modules\\jest-circus\\build\\jestAdapterInit.js:849:7\n    at _runTestsForDescribeBlock (F:\\clawd\\wt-release\\node_modules\\jest-circus\\build\\jestAdapterInit.js:862:11)\n    at _runTestsForDescribeBlock (F:\\clawd\\wt-release\\node_modules\\jest-circus\\build\\jestAdapterInit.js:857:11)\n    at _runTestsForDescribeBlock (F:\\clawd\\wt-release\\node_modules\\jest-circus\\build\\jestAdapterInit.js:857:11)\n    at run (F:\\clawd\\wt-release\\node_modules\\jest-circus\\build\\jestAdapterInit.js:761:3)\n    at runAndTransformResultsToJestFormat (F:\\clawd\\wt-release\\node_modules\\jest-circus\\build\\jestAdapterInit.js:1918:21)\n    at jestAdapter (F:\\clawd\\wt-release\\node_modules\\jest-circus\\build\\runner.js:101:19)\n    at runTestInternal (F:\\clawd\\wt-release\\node_modules\\jest-runner\\build\\testWorker.js:275:16)\n    at runTest (F:\\clawd\\wt-release\\node_modules\\jest-runner\\build\\testWorker.js:343:7)\n    at Object.worker (F:\\clawd\\wt-release\\node_modules\\jest-runner\\build\\testWorker.js:497:12)"],"fullName":"Canonical Resolver - Wheel-Size Trim Mapping Integration 3. No mapping keeps old behavior trimMapping.found is false when no mapping exists","invocations":1,"location":null,"numPassingAsserts":0,"retryReasons":[],"startAt":1789936793782,"status":"failed","title":"trimMapping.found is false when no mapping exists"},{"ancestorTitles":["Canonical Resolver - Wheel-Size Trim Mapping Integration","4. Rejected/pending mappings are ignored"],"duration":2,"failing":false,"failureDetails":[{}],"failureMessages":["TypeError: (0 , modelAliases_1.extractBmwModelAndTrim) is not a function\n    at resolveVehicleFitment (F:\\clawd\\wt-release\\src\\lib\\fitment\\canonicalResolver.ts:345:47)\n    at Object.<anonymous> (F:\\clawd\\wt-release\\src\\lib\\fitment\\__tests__\\canonicalResolver.test.ts:406:49)\n    at Promise.finally.completed (F:\\clawd\\wt-release\\node_modules\\jest-circus\\build\\jestAdapterInit.js:1557:28)\n    at new Promise (<anonymous>)\n    at callAsyncCircusFn (F:\\clawd\\wt-release\\node_modules\\jest-circus\\build\\jestAdapterInit.js:1497:10)\n    at _callCircusTest (F:\\clawd\\wt-release\\node_modules\\jest-circus\\build\\jestAdapterInit.js:1007:40)\n    at processTicksAndRejections (node:internal/process/task_queues:104:5)\n    at _runTest (F:\\clawd\\wt-release\\node_modules\\jest-circus\\build\\jestAdapterInit.js:947:3)\n    at F:\\clawd\\wt-release\\node_modules\\jest-circus\\build\\jestAdapterInit.js:849:7\n    at _runTestsForDescribeBlock (F:\\clawd\\wt-release\\node_modules\\jest-circus\\build\\jestAdapterInit.js:862:11)\n    at _runTestsForDescribeBlock (F:\\clawd\\wt-release\\node_modules\\jest-circus\\build\\jestAdapterInit.js:857:11)\n    at _runTestsForDescribeBlock (F:\\clawd\\wt-release\\node_modules\\jest-circus\\build\\jestAdapterInit.js:857:11)\n    at run (F:\\clawd\\wt-release\\node_modules\\jest-circus\\build\\jestAdapterInit.js:761:3)\n    at runAndTransformResultsToJestFormat (F:\\clawd\\wt-release\\node_modules\\jest-circus\\build\\jestAdapterInit.js:1918:21)\n    at jestAdapter (F:\\clawd\\wt-release\\node_modules\\jest-circus\\build\\runner.js:101:19)\n    at runTestInternal (F:\\clawd\\wt-release\\node_modules\\jest-runner\\build\\testWorker.js:275:16)\n    at runTest (F:\\clawd\\wt-release\\node_modules\\jest-runner\\build\\testWorker.js:343:7)\n    at Object.worker (F:\\clawd\\wt-release\\node_modules\\jest-runner\\build\\testWorker.js:497:12)"],"fullName":"Canonical Resolver - Wheel-Size Trim Mapping Integration 4. Rejected/pending mappings are ignored Pending mapping is ignored - falls through to other resolution","invocations":1,"location":null,"numPassingAsserts":0,"retryReasons":[],"startAt":1789936793786,"status":"failed","title":"Pending mapping is ignored - falls through to other resolution"},{"ancestorTitles":["Canonical Resolver - Wheel-Size Trim Mapping Integration","4. Rejected/pending mappings are ignored"],"duration":2,"failing":false,"failureDetails":[{}],"failureMessages":["TypeError: (0 , modelAliases_1.extractBmwModelAndTrim) is not a function\n    at resolveVehicleFitment (F:\\clawd\\wt-release\\src\\lib\\fitment\\canonicalResolver.ts:345:47)\n    at Object.<anonymous> (F:\\clawd\\wt-release\\src\\lib\\fitment\\__tests__\\canonicalResolver.test.ts:449:49)\n    at Promise.finally.completed (F:\\clawd\\wt-release\\node_modules\\jest-circus\\build\\jestAdapterInit.js:1557:28)\n    at new Promise (<anonymous>)\n    at callAsyncCircusFn (F:\\clawd\\wt-release\\node_modules\\jest-circus\\build\\jestAdapterInit.js:1497:10)\n    at _callCircusTest (F:\\clawd\\wt-release\\node_modules\\jest-circus\\build\\jestAdapterInit.js:1007:40)\n    at processTicksAndRejections (node:internal/process/task_queues:104:5)\n    at _runTest (F:\\clawd\\wt-release\\node_modules\\jest-circus\\build\\jestAdapterInit.js:947:3)\n    at F:\\clawd\\wt-release\\node_modules\\jest-circus\\build\\jestAdapterInit.js:849:7\n    at _runTestsForDescribeBlock (F:\\clawd\\wt-release\\node_modules\\jest-circus\\build\\jestAdapterInit.js:862:11)\n    at _runTestsForDescribeBlock (F:\\clawd\\wt-release\\node_modules\\jest-circus\\build\\jestAdapterInit.js:857:11)\n    at _runTestsForDescribeBlock (F:\\clawd\\wt-release\\node_modules\\jest-circus\\build\\jestAdapterInit.js:857:11)\n    at run (F:\\clawd\\wt-release\\node_modules\\jest-circus\\build\\jestAdapterInit.js:761:3)\n    at runAndTransformResultsToJestFormat (F:\\clawd\\wt-release\\node_modules\\jest-circus\\build\\jestAdapterInit.js:1918:21)\n    at jestAdapter (F:\\clawd\\wt-release\\node_modules\\jest-circus\\build\\runner.js:101:19)\n    at runTestInternal (F:\\clawd\\wt-release\\node_modules\\jest-runner\\build\\testWorker.js:275:16)\n    at runTest (F:\\clawd\\wt-release\\node_modules\\jest-runner\\build\\testWorker.js:343:7)\n    at Object.worker (F:\\clawd\\wt-release\\node_modules\\jest-runner\\build\\testWorker.js:497:12)"],"fullName":"Canonical Resolver - Wheel-Size Trim Mapping Integration 4. Rejected/pending mappings are ignored Rejected mapping is ignored","invocations":1,"location":null,"numPassingAsserts":0,"retryReasons":[],"startAt":1789936793788,"status":"failed","title":"Rejected mapping is ignored"},{"ancestorTitles":["Canonical Resolver - Wheel-Size Trim Mapping Integration","4. Rejected/pending mappings are ignored"],"duration":2,"failing":false,"failureDetails":[{}],"failureMessages":["TypeError: (0 , modelAliases_1.extractBmwModelAndTrim) is not a function\n    at resolveVehicleFitment (F:\\clawd\\wt-release\\src\\lib\\fitment\\canonicalResolver.ts:345:47)\n    at Object.<anonymous> (F:\\clawd\\wt-release\\src\\lib\\fitment\\__tests__\\canonicalResolver.test.ts:490:49)\n    at Promise.finally.completed (F:\\clawd\\wt-release\\node_modules\\jest-circus\\build\\jestAdapterInit.js:1557:28)\n    at new Promise (<anonymous>)\n    at callAsyncCircusFn (F:\\clawd\\wt-release\\node_modules\\jest-circus\\build\\jestAdapterInit.js:1497:10)\n    at _callCircusTest (F:\\clawd\\wt-release\\node_modules\\jest-circus\\build\\jestAdapterInit.js:1007:40)\n    at processTicksAndRejections (node:internal/process/task_queues:104:5)\n    at _runTest (F:\\clawd\\wt-release\\node_modules\\jest-circus\\build\\jestAdapterInit.js:947:3)\n    at F:\\clawd\\wt-release\\node_modules\\jest-circus\\build\\jestAdapterInit.js:849:7\n    at _runTestsForDescribeBlock (F:\\clawd\\wt-release\\node_modules\\jest-circus\\build\\jestAdapterInit.js:862:11)\n    at _runTestsForDescribeBlock (F:\\clawd\\wt-release\\node_modules\\jest-circus\\build\\jestAdapterInit.js:857:11)\n    at _runTestsForDescribeBlock (F:\\clawd\\wt-release\\node_modules\\jest-circus\\build\\jestAdapterInit.js:857:11)\n    at run (F:\\clawd\\wt-release\\node_modules\\jest-circus\\build\\jestAdapterInit.js:761:3)\n    at runAndTransformResultsToJestFormat (F:\\clawd\\wt-release\\node_modules\\jest-circus\\build\\jestAdapterInit.js:1918:21)\n    at jestAdapter (F:\\clawd\\wt-release\\node_modules\\jest-circus\\build\\runner.js:101:19)\n    at runTestInternal (F:\\clawd\\wt-release\\node_modules\\jest-runner\\build\\testWorker.js:275:16)\n    at runTest (F:\\clawd\\wt-release\\node_modules\\jest-runner\\build\\testWorker.js:343:7)\n    at Object.worker (F:\\clawd\\wt-release\\node_modules\\jest-runner\\build\\testWorker.js:497:12)"],"fullName":"Canonical Resolver - Wheel-Size Trim Mapping Integration 4. Rejected/pending mappings are ignored Low confidence mapping is ignored even if approved","invocations":1,"location":null,"numPassingAsserts":0,"retryReasons":[],"startAt":1789936793792,"status":"failed","title":"Low confidence mapping is ignored even if approved"},{"ancestorTitles":["Canonical Resolver - Wheel-Size Trim Mapping Integration","5. showSizeChooser=false suppresses unnecessary chooser"],"duration":1,"failing":false,"failureDetails":[{}],"failureMessages":["TypeError: (0 , modelAliases_1.extractBmwModelAndTrim) is not a function\n    at resolveVehicleFitment (F:\\clawd\\wt-release\\src\\lib\\fitment\\canonicalResolver.ts:345:47)\n    at Object.<anonymous> (F:\\clawd\\wt-release\\src\\lib\\fitment\\__tests__\\canonicalResolver.test.ts:534:49)\n    at Promise.finally.completed (F:\\clawd\\wt-release\\node_modules\\jest-circus\\build\\jestAdapterInit.js:1557:28)\n    at new Promise (<anonymous>)\n    at callAsyncCircusFn (F:\\clawd\\wt-release\\node_modules\\jest-circus\\build\\jestAdapterInit.js:1497:10)\n    at _callCircusTest (F:\\clawd\\wt-release\\node_modules\\jest-circus\\build\\jestAdapterInit.js:1007:40)\n    at processTicksAndRejections (node:internal/process/task_queues:104:5)\n    at _runTest (F:\\clawd\\wt-release\\node_modules\\jest-circus\\build\\jestAdapterInit.js:947:3)\n    at F:\\clawd\\wt-release\\node_modules\\jest-circus\\build\\jestAdapterInit.js:849:7\n    at _runTestsForDescribeBlock (F:\\clawd\\wt-release\\node_modules\\jest-circus\\build\\jestAdapterInit.js:862:11)\n    at _runTestsForDescribeBlock (F:\\clawd\\wt-release\\node_modules\\jest-circus\\build\\jestAdapterInit.js:857:11)\n    at _runTestsForDescribeBlock (F:\\clawd\\wt-release\\node_modules\\jest-circus\\build\\jestAdapterInit.js:857:11)\n    at run (F:\\clawd\\wt-release\\node_modules\\jest-circus\\build\\jestAdapterInit.js:761:3)\n    at runAndTransformResultsToJestFormat (F:\\clawd\\wt-release\\node_modules\\jest-circus\\build\\jestAdapterInit.js:1918:21)\n    at jestAdapter (F:\\clawd\\wt-release\\node_modules\\jest-circus\\build\\runner.js:101:19)\n    at runTestInternal (F:\\clawd\\wt-release\\node_modules\\jest-runner\\build\\testWorker.js:275:16)\n    at runTest (F:\\clawd\\wt-release\\node_modules\\jest-runner\\build\\testWorker.js:343:7)\n    at Object.worker (F:\\clawd\\wt-release\\node_modules\\jest-runner\\build\\testWorker.js:497:12)"],"fullName":"Canonical Resolver - Wheel-Size Trim Mapping Integration 5. showSizeChooser=false suppresses unnecessary chooser Single config trim has showSizeChooser=false","invocations":1,"location":null,"numPassingAsserts":0,"retryReasons":[],"startAt":1789936793795,"status":"failed","title":"Single config trim has showSizeChooser=false"},{"ancestorTitles":["Canonical Resolver - Wheel-Size Trim Mapping Integration","5. showSizeChooser=false suppresses unnecessary chooser"],"duration":1,"failing":false,"failureDetails":[{}],"failureMessages":["TypeError: (0 , modelAliases_1.extractBmwModelAndTrim) is not a function\n    at resolveVehicleFitment (F:\\clawd\\wt-release\\src\\lib\\fitment\\canonicalResolver.ts:345:47)\n    at Object.<anonymous> (F:\\clawd\\wt-release\\src\\lib\\fitment\\__tests__\\canonicalResolver.test.ts:577:49)\n    at Promise.finally.completed (F:\\clawd\\wt-release\\node_modules\\jest-circus\\build\\jestAdapterInit.js:1557:28)\n    at new Promise (<anonymous>)\n    at callAsyncCircusFn (F:\\clawd\\wt-release\\node_modules\\jest-circus\\build\\jestAdapterInit.js:1497:10)\n    at _callCircusTest (F:\\clawd\\wt-release\\node_modules\\jest-circus\\build\\jestAdapterInit.js:1007:40)\n    at processTicksAndRejections (node:internal/process/task_queues:104:5)\n    at _runTest (F:\\clawd\\wt-release\\node_modules\\jest-circus\\build\\jestAdapterInit.js:947:3)\n    at F:\\clawd\\wt-release\\node_modules\\jest-circus\\build\\jestAdapterInit.js:849:7\n    at _runTestsForDescribeBlock (F:\\clawd\\wt-release\\node_modules\\jest-circus\\build\\jestAdapterInit.js:862:11)\n    at _runTestsForDescribeBlock (F:\\clawd\\wt-release\\node_modules\\jest-circus\\build\\jestAdapterInit.js:857:11)\n    at _runTestsForDescribeBlock (F:\\clawd\\wt-release\\node_modules\\jest-circus\\build\\jestAdapterInit.js:857:11)\n    at run (F:\\clawd\\wt-release\\node_modules\\jest-circus\\build\\jestAdapterInit.js:761:3)\n    at runAndTransformResultsToJestFormat (F:\\clawd\\wt-release\\node_modules\\jest-circus\\build\\jestAdapterInit.js:1918:21)\n    at jestAdapter (F:\\clawd\\wt-release\\node_modules\\jest-circus\\build\\runner.js:101:19)\n    at runTestInternal (F:\\clawd\\wt-release\\node_modules\\jest-runner\\build\\testWorker.js:275:16)\n    at runTest (F:\\clawd\\wt-release\\node_modules\\jest-runner\\build\\testWorker.js:343:7)\n    at Object.worker (F:\\clawd\\wt-release\\node_modules\\jest-runner\\build\\testWorker.js:497:12)"],"fullName":"Canonical Resolver - Wheel-Size Trim Mapping Integration 5. showSizeChooser=false suppresses unnecessary chooser autoSelectedConfig contains correct wheel/tire info","invocations":1,"location":null,"numPassingAsserts":0,"retryReasons":[],"startAt":1789936793797,"status":"failed","title":"autoSelectedConfig contains correct wheel/tire info"},{"ancestorTitles":["Canonical Resolver - Wheel-Size Trim Mapping Integration","6. showSizeChooser=true returns only mapped configurations"],"duration":1,"failing":false,"failureDetails":[{}],"failureMessages":["TypeError: (0 , modelAliases_1.extractBmwModelAndTrim) is not a function\n    at resolveVehicleFitment (F:\\clawd\\wt-release\\src\\lib\\fitment\\canonicalResolver.ts:345:47)\n    at Object.<anonymous> (F:\\clawd\\wt-release\\src\\lib\\fitment\\__tests__\\canonicalResolver.test.ts:625:49)\n    at Promise.finally.completed (F:\\clawd\\wt-release\\node_modules\\jest-circus\\build\\jestAdapterInit.js:1557:28)\n    at new Promise (<anonymous>)\n    at callAsyncCircusFn (F:\\clawd\\wt-release\\node_modules\\jest-circus\\build\\jestAdapterInit.js:1497:10)\n    at _callCircusTest (F:\\clawd\\wt-release\\node_modules\\jest-circus\\build\\jestAdapterInit.js:1007:40)\n    at processTicksAndRejections (node:internal/process/task_queues:104:5)\n    at _runTest (F:\\clawd\\wt-release\\node_modules\\jest-circus\\build\\jestAdapterInit.js:947:3)\n    at F:\\clawd\\wt-release\\node_modules\\jest-circus\\build\\jestAdapterInit.js:849:7\n    at _runTestsForDescribeBlock (F:\\clawd\\wt-release\\node_modules\\jest-circus\\build\\jestAdapterInit.js:862:11)\n    at _runTestsForDescribeBlock (F:\\clawd\\wt-release\\node_modules\\jest-circus\\build\\jestAdapterInit.js:857:11)\n    at _runTestsForDescribeBlock (F:\\clawd\\wt-release\\node_modules\\jest-circus\\build\\jestAdapterInit.js:857:11)\n    at run (F:\\clawd\\wt-release\\node_modules\\jest-circus\\build\\jestAdapterInit.js:761:3)\n    at runAndTransformResultsToJestFormat (F:\\clawd\\wt-release\\node_modules\\jest-circus\\build\\jestAdapterInit.js:1918:21)\n    at jestAdapter (F:\\clawd\\wt-release\\node_modules\\jest-circus\\build\\runner.js:101:19)\n    at runTestInternal (F:\\clawd\\wt-release\\node_modules\\jest-runner\\build\\testWorker.js:275:16)\n    at runTest (F:\\clawd\\wt-release\\node_modules\\jest-runner\\build\\testWorker.js:343:7)\n    at Object.worker (F:\\clawd\\wt-release\\node_modules\\jest-runner\\build\\testWorker.js:497:12)"],"fullName":"Canonical Resolver - Wheel-Size Trim Mapping Integration 6. showSizeChooser=true returns only mapped configurations Multiple configs have showSizeChooser=true with all configs listed","invocations":1,"location":null,"numPassingAsserts":0,"retryReasons":[],"startAt":1789936793799,"status":"failed","title":"Multiple configs have showSizeChooser=true with all configs listed"},{"ancestorTitles":["Canonical Resolver - Wheel-Size Trim Mapping Integration","6. showSizeChooser=true returns only mapped configurations"],"duration":1,"failing":false,"failureDetails":[{}],"failureMessages":["TypeError: (0 , modelAliases_1.extractBmwModelAndTrim) is not a function\n    at resolveVehicleFitment (F:\\clawd\\wt-release\\src\\lib\\fitment\\canonicalResolver.ts:345:47)\n    at Object.<anonymous> (F:\\clawd\\wt-release\\src\\lib\\fitment\\__tests__\\canonicalResolver.test.ts:672:49)\n    at Promise.finally.completed (F:\\clawd\\wt-release\\node_modules\\jest-circus\\build\\jestAdapterInit.js:1557:28)\n    at new Promise (<anonymous>)\n    at callAsyncCircusFn (F:\\clawd\\wt-release\\node_modules\\jest-circus\\build\\jestAdapterInit.js:1497:10)\n    at _callCircusTest (F:\\clawd\\wt-release\\node_modules\\jest-circus\\build\\jestAdapterInit.js:1007:40)\n    at processTicksAndRejections (node:internal/process/task_queues:104:5)\n    at _runTest (F:\\clawd\\wt-release\\node_modules\\jest-circus\\build\\jestAdapterInit.js:947:3)\n    at F:\\clawd\\wt-release\\node_modules\\jest-circus\\build\\jestAdapterInit.js:849:7\n    at _runTestsForDescribeBlock (F:\\clawd\\wt-release\\node_modules\\jest-circus\\build\\jestAdapterInit.js:862:11)\n    at _runTestsForDescribeBlock (F:\\clawd\\wt-release\\node_modules\\jest-circus\\build\\jestAdapterInit.js:857:11)\n    at _runTestsForDescribeBlock (F:\\clawd\\wt-release\\node_modules\\jest-circus\\build\\jestAdapterInit.js:857:11)\n    at run (F:\\clawd\\wt-release\\node_modules\\jest-circus\\build\\jestAdapterInit.js:761:3)\n    at runAndTransformResultsToJestFormat (F:\\clawd\\wt-release\\node_modules\\jest-circus\\build\\jestAdapterInit.js:1918:21)\n    at jestAdapter (F:\\clawd\\wt-release\\node_modules\\jest-circus\\build\\runner.js:101:19)\n    at runTestInternal (F:\\clawd\\wt-release\\node_modules\\jest-runner\\build\\testWorker.js:275:16)\n    at runTest (F:\\clawd\\wt-release\\node_modules\\jest-runner\\build\\testWorker.js:343:7)\n    at Object.worker (F:\\clawd\\wt-release\\node_modules\\jest-runner\\build\\testWorker.js:497:12)"],"fullName":"Canonical Resolver - Wheel-Size Trim Mapping Integration 6. showSizeChooser=true returns only mapped configurations Chooser shows only approved configurations, not all possible sizes","invocations":1,"location":null,"numPassingAsserts":0,"retryReasons":[],"startAt":1789936793801,"status":"failed","title":"Chooser shows only approved configurations, not all possible sizes"},{"ancestorTitles":["Canonical Resolver - Wheel-Size Trim Mapping Integration","6. showSizeChooser=true returns only mapped configurations"],"duration":2,"failing":false,"failureDetails":[{}],"failureMessages":["TypeError: (0 , modelAliases_1.extractBmwModelAndTrim) is not a function\n    at resolveVehicleFitment (F:\\clawd\\wt-release\\src\\lib\\fitment\\canonicalResolver.ts:345:47)\n    at Object.<anonymous> (F:\\clawd\\wt-release\\src\\lib\\fitment\\__tests__\\canonicalResolver.test.ts:714:49)\n    at Promise.finally.completed (F:\\clawd\\wt-release\\node_modules\\jest-circus\\build\\jestAdapterInit.js:1557:28)\n    at new Promise (<anonymous>)\n    at callAsyncCircusFn (F:\\clawd\\wt-release\\node_modules\\jest-circus\\build\\jestAdapterInit.js:1497:10)\n    at _callCircusTest (F:\\clawd\\wt-release\\node_modules\\jest-circus\\build\\jestAdapterInit.js:1007:40)\n    at processTicksAndRejections (node:internal/process/task_queues:104:5)\n    at _runTest (F:\\clawd\\wt-release\\node_modules\\jest-circus\\build\\jestAdapterInit.js:947:3)\n    at F:\\clawd\\wt-release\\node_modules\\jest-circus\\build\\jestAdapterInit.js:849:7\n    at _runTestsForDescribeBlock (F:\\clawd\\wt-release\\node_modules\\jest-circus\\build\\jestAdapterInit.js:862:11)\n    at _runTestsForDescribeBlock (F:\\clawd\\wt-release\\node_modules\\jest-circus\\build\\jestAdapterInit.js:857:11)\n    at _runTestsForDescribeBlock (F:\\clawd\\wt-release\\node_modules\\jest-circus\\build\\jestAdapterInit.js:857:11)\n    at run (F:\\clawd\\wt-release\\node_modules\\jest-circus\\build\\jestAdapterInit.js:761:3)\n    at runAndTransformResultsToJestFormat (F:\\clawd\\wt-release\\node_modules\\jest-circus\\build\\jestAdapterInit.js:1918:21)\n    at jestAdapter (F:\\clawd\\wt-release\\node_modules\\jest-circus\\build\\runner.js:101:19)\n    at runTestInternal (F:\\clawd\\wt-release\\node_modules\\jest-runner\\build\\testWorker.js:275:16)\n    at runTest (F:\\clawd\\wt-release\\node_modules\\jest-runner\\build\\testWorker.js:343:7)\n    at Object.worker (F:\\clawd\\wt-release\\node_modules\\jest-runner\\build\\testWorker.js:497:12)"],"fullName":"Canonical Resolver - Wheel-Size Trim Mapping Integration 6. showSizeChooser=true returns only mapped configurations autoSelectConfig is the default configuration","invocations":1,"location":null,"numPassingAsserts":0,"retryReasons":[],"startAt":1789936793803,"status":"failed","title":"autoSelectConfig is the default configuration"},{"ancestorTitles":["Canonical Resolver - Wheel-Size Trim Mapping Integration","Edge cases"],"duration":2,"failing":false,"failureDetails":[{}],"failureMessages":["TypeError: (0 , modelAliases_1.extractBmwModelAndTrim) is not a function\n    at resolveVehicleFitment (F:\\clawd\\wt-release\\src\\lib\\fitment\\canonicalResolver.ts:345:47)\n    at Object.<anonymous> (F:\\clawd\\wt-release\\src\\lib\\fitment\\__tests__\\canonicalResolver.test.ts:743:49)\n    at Promise.finally.completed (F:\\clawd\\wt-release\\node_modules\\jest-circus\\build\\jestAdapterInit.js:1557:28)\n    at new Promise (<anonymous>)\n    at callAsyncCircusFn (F:\\clawd\\wt-release\\node_modules\\jest-circus\\build\\jestAdapterInit.js:1497:10)\n    at _callCircusTest (F:\\clawd\\wt-release\\node_modules\\jest-circus\\build\\jestAdapterInit.js:1007:40)\n    at processTicksAndRejections (node:internal/process/task_queues:104:5)\n    at _runTest (F:\\clawd\\wt-release\\node_modules\\jest-circus\\build\\jestAdapterInit.js:947:3)\n    at F:\\clawd\\wt-release\\node_modules\\jest-circus\\build\\jestAdapterInit.js:849:7\n    at _runTestsForDescribeBlock (F:\\clawd\\wt-release\\node_modules\\jest-circus\\build\\jestAdapterInit.js:862:11)\n    at _runTestsForDescribeBlock (F:\\clawd\\wt-release\\node_modules\\jest-circus\\build\\jestAdapterInit.js:857:11)\n    at _runTestsForDescribeBlock (F:\\clawd\\wt-release\\node_modules\\jest-circus\\build\\jestAdapterInit.js:857:11)\n    at run (F:\\clawd\\wt-release\\node_modules\\jest-circus\\build\\jestAdapterInit.js:761:3)\n    at runAndTransformResultsToJestFormat (F:\\clawd\\wt-release\\node_modules\\jest-circus\\build\\jestAdapterInit.js:1918:21)\n    at jestAdapter (F:\\clawd\\wt-release\\node_modules\\jest-circus\\build\\runner.js:101:19)\n    at runTestInternal (F:\\clawd\\wt-release\\node_modules\\jest-runner\\build\\testWorker.js:275:16)\n    at runTest (F:\\clawd\\wt-release\\node_modules\\jest-ru
[...]
cations":1,"location":null,"numPassingAsserts":1,"retryReasons":[],"startAt":1789936795903,"status":"passed","title":"null source gate (no provenance) fails closed"},{"ancestorTitles":["computeCertificationBlock with source gate"],"duration":0,"failing":false,"failureDetails":[],"failureMessages":[],"fullName":"computeCertificationBlock with source gate all gates pass -> no block","invocations":1,"location":null,"numPassingAsserts":1,"retryReasons":[],"startAt":1789936795904,"status":"passed","title":"all gates pass -> no block"},{"ancestorTitles":["computeCertificationBlock with source gate"],"duration":0,"failing":false,"failureDetails":[],"failureMessages":[],"fullName":"computeCertificationBlock with source gate legacy 2-arg call keeps previous behaviour","invocations":1,"location":null,"numPassingAsserts":1,"retryReasons":[],"startAt":1789936795904,"status":"passed","title":"legacy 2-arg call keeps previous behaviour"}],"endTime":1789936795905,"message":"","name":"F:\\clawd\\wt-release\\src\\lib\\fitment-db\\__tests__\\sourceVerification.test.ts","startTime":1789936795843,"status":"passed","summary":""},{"assertionResults":[{"ancestorTitles":["Make Normalization","canonicalMake"],"duration":1,"failing":false,"failureDetails":[],"failureMessages":[],"fullName":"Make Normalization canonicalMake normalizes Mercedes-Benz variants","invocations":1,"location":null,"numPassingAsserts":5,"retryReasons":[],"startAt":1789936795901,"status":"passed","title":"normalizes Mercedes-Benz variants"},{"ancestorTitles":["Make Normalization","canonicalMake"],"duration":1,"failing":false,"failureDetails":[],"failureMessages":[],"fullName":"Make Normalization canonicalMake normalizes Chevrolet variants","invocations":1,"location":null,"numPassingAsserts":3,"retryReasons":[],"startAt":1789936795903,"status":"passed","title":"normalizes Chevrolet variants"},{"ancestorTitles":["Make Normalization","canonicalMake"],"duration":0,"failing":false,"failureDetails":[],"failureMessages":[],"fullName":"Make Normalization canonicalMake normalizes BMW (no change)","invocations":1,"location":null,"numPassingAsserts":2,"retryReasons":[],"startAt":1789936795904,"status":"passed","title":"normalizes BMW (no change)"},{"ancestorTitles":["Make Normalization","displayMake"],"duration":0,"failing":false,"failureDetails":[],"failureMessages":[],"fullName":"Make Normalization displayMake converts canonical to display name","invocations":1,"location":null,"numPassingAsserts":3,"retryReasons":[],"startAt":1789936795905,"status":"passed","title":"converts canonical to display name"},{"ancestorTitles":["Make Normalization","getMakeVariantsForQuery"],"duration":1,"failing":false,"failureDetails":[],"failureMessages":[],"fullName":"Make Normalization getMakeVariantsForQuery returns all variants for Mercedes","invocations":1,"location":null,"numPassingAsserts":4,"retryReasons":[],"startAt":1789936795905,"status":"passed","title":"returns all variants for Mercedes"},{"ancestorTitles":["Make Normalization","getMakeVariantsForQuery"],"duration":0,"failing":false,"failureDetails":[],"failureMessages":[],"fullName":"Make Normalization getMakeVariantsForQuery returns all variants for BMW","invocations":1,"location":null,"numPassingAsserts":2,"retryReasons":[],"startAt":1789936795906,"status":"passed","title":"returns all variants for BMW"},{"ancestorTitles":["Make Normalization","makeMatches"],"duration":0,"failing":false,"failureDetails":[],"failureMessages":[],"fullName":"Make Normalization makeMatches matches Mercedes variants","invocations":1,"location":null,"numPassingAsserts":3,"retryReasons":[],"startAt":1789936795907,"status":"passed","title":"matches Mercedes variants"},{"ancestorTitles":["Make Normalization","makeMatches"],"duration":1,"failing":false,"failureDetails":[],"failureMessages":[],"fullName":"Make Normalization makeMatches does not match different makes","invocations":1,"location":null,"numPassingAsserts":2,"retryReasons":[],"startAt":1789936795907,"status":"passed","title":"does not match different makes"},{"ancestorTitles":["Trim Spacing Variants (Regression)","Mercedes E-Class trims"],"duration":0,"failing":false,"failureDetails":[],"failureMessages":[],"fullName":"Trim Spacing Variants (Regression) Mercedes E-Class trims normalizes E350 variants","invocations":1,"location":null,"numPassingAsserts":3,"retryReasons":[],"startAt":1789936795908,"status":"passed","title":"normalizes E350 variants"},{"ancestorTitles":["Trim Spacing Variants (Regression)","Mercedes E-Class trims"],"duration":1,"failing":false,"failureDetails":[],"failureMessages":[],"fullName":"Trim Spacing Variants (Regression) Mercedes E-Class trims normalizes E350 4MATIC variants","invocations":1,"location":null,"numPassingAsserts":3,"retryReasons":[],"startAt":1789936795908,"status":"passed","title":"normalizes E350 4MATIC variants"},{"ancestorTitles":["Trim Spacing Variants (Regression)","Mercedes E-Class trims"],"duration":0,"failing":false,"failureDetails":[],"failureMessages":[],"fullName":"Trim Spacing Variants (Regression) Mercedes E-Class trims normalizes AMG E53 variants","invocations":1,"location":null,"numPassingAsserts":3,"retryReasons":[],"startAt":1789936795909,"status":"passed","title":"normalizes AMG E53 variants"},{"ancestorTitles":["Trim Spacing Variants (Regression)","Mercedes E-Class trims"],"duration":1,"failing":false,"failureDetails":[],"failureMessages":[],"fullName":"Trim Spacing Variants (Regression) Mercedes E-Class trims normalizes C43/C 43 variants","invocations":1,"location":null,"numPassingAsserts":4,"retryReasons":[],"startAt":1789936795909,"status":"passed","title":"normalizes C43/C 43 variants"},{"ancestorTitles":["Trim Spacing Variants (Regression)","BMW M-series trims"],"duration":0,"failing":false,"failureDetails":[],"failureMessages":[],"fullName":"Trim Spacing Variants (Regression) BMW M-series trims normalizes M340i variants","invocations":1,"location":null,"numPassingAsserts":3,"retryReasons":[],"startAt":1789936795910,"status":"passed","title":"normalizes M340i variants"},{"ancestorTitles":["Trim Spacing Variants (Regression)","BMW M-series trims"],"duration":1,"failing":false,"failureDetails":[],"failureMessages":[],"fullName":"Trim Spacing Variants (Regression) BMW M-series trims normalizes M440i variants","invocations":1,"location":null,"numPassingAsserts":2,"retryReasons":[],"startAt":1789936795910,"status":"passed","title":"normalizes M440i variants"},{"ancestorTitles":["Trim Spacing Variants (Regression)","Audi S/RS trims"],"duration":0,"failing":false,"failureDetails":[],"failureMessages":[],"fullName":"Trim Spacing Variants (Regression) Audi S/RS trims normalizes S4 variants","invocations":1,"location":null,"numPassingAsserts":2,"retryReasons":[],"startAt":1789936795914,"status":"passed","title":"normalizes S4 variants"},{"ancestorTitles":["Trim Spacing Variants (Regression)","Audi S/RS trims"],"duration":0,"failing":false,"failureDetails":[],"failureMessages":[],"fullName":"Trim Spacing Variants (Regression) Audi S/RS trims normalizes RS5 variants","invocations":1,"location":null,"numPassingAsserts":2,"retryReasons":[],"startAt":1789936795914,"status":"passed","title":"normalizes RS5 variants"}],"endTime":1789936795918,"message":"","name":"F:\\clawd\\wt-release\\src\\lib\\fitment\\__tests__\\makeNormalization.test.ts","startTime":1789936795843,"status":"passed","summary":""},{"assertionResults":[{"ancestorTitles":["sanitizePersistedCartItems"],"duration":2,"failing":false,"failureDetails":[],"failureMessages":[],"fullName":"sanitizePersistedCartItems REGRESSION: legacy fitVerified:true without the current evidence version is invalidated, not trusted","invocations":1,"location":null,"numPassingAsserts":8,"retryReasons":[],"startAt":1789936795936,"status":"passed","title":"REGRESSION: legacy fitVerified:true without the current evidence version is invalidated, not trusted"},{"ancestorTitles":["sanitizePersistedCartItems"],"duration":1,"failing":false,"failureDetails":[],"failureMessages":[],"fullName":"sanitizePersistedCartItems a stale version string is treated like a missing one","invocations":1,"location":null,"numPassingAsserts":2,"retryReasons":[],"startAt":1789936795938,"status":"passed","title":"a stale version string is treated like a missing one"},{"ancestorTitles":["sanitizePersistedCartItems"],"duration":1,"failing":false,"failureDetails":[],"failureMessages":[],"fullName":"sanitizePersistedCartItems a certification stamped with the current evidence version is kept","invocations":1,"location":null,"numPassingAsserts":2,"retryReasons":[],"startAt":1789936795939,"status":"passed","title":"a certification stamped with the current evidence version is kept"},{"ancestorTitles":["sanitizePersistedCartItems"],"duration":0,"failing":false,"failureDetails":[],"failureMessages":[],"fullName":"sanitizePersistedCartItems unverified lines pass through unchanged; tires with a legacy claim are also invalidated","invocations":1,"location":null,"numPassingAsserts":4,"retryReasons":[],"startAt":1789936795940,"status":"passed","title":"unverified lines pass through unchanged; tires with a legacy claim are also invalidated"},{"ancestorTitles":["sanitizePersistedCartItems"],"duration":1,"failing":false,"failureDetails":[],"failureMessages":[],"fullName":"sanitizePersistedCartItems never produces a NaN cart: non-array input and non-object entries are dropped","invocations":1,"location":null,"numPassingAsserts":2,"retryReasons":[],"startAt":1789936795940,"status":"passed","title":"never produces a NaN cart: non-array input and non-object entries are dropped"}],"endTime":1789936795942,"message":"","name":"F:\\clawd\\wt-release\\src\\lib\\cart\\persistedFitEvidence.test.ts","startTime":1789936795869,"status":"passed","summary":""},{"assertionResults":[{"ancestorTitles":["isCompleteStaggeredPair"],"duration":1,"failing":false,"failureDetails":[],"failureMessages":[],"fullName":"isCompleteStaggeredPair accepts a pair with sku + diameter + width + positive price on both axles","invocations":1,"location":null,"numPassingAsserts":1,"retryReasons":[],"startAt":1789936795976,"status":"passed","title":"accepts a pair with sku + diameter + width + positive price on both axles"},{"ancestorTitles":["isCompleteStaggeredPair"],"duration":0,"failing":false,"failureDetails":[],"failureMessages":[],"fullName":"isCompleteStaggeredPair REGRESSION: rejects the live TR4 shape - rear item whose front axle lost its specs/price","invocations":1,"location":null,"numPassingAsserts":3,"retryReasons":[],"startAt":1789936795978,"status":"passed","title":"REGRESSION: rejects the live TR4 shape - rear item whose front axle lost its specs/price"},{"ancestorTitles":["isCompleteStaggeredPair"],"duration":0,"failing":false,"failureDetails":[],"failureMessages":[],"fullName":"isCompleteStaggeredPair rejects when either axle lacks a positive price (never 4 x one axle)","invocations":1,"location":null,"numPassingAsserts":2,"retryReasons":[],"startAt":1789936795979,"status":"passed","title":"rejects when either axle lacks a positive price (never 4 x one axle)"},{"ancestorTitles":["isCompleteStaggeredPair"],"duration":1,"failing":false,"failureDetails":[],"failureMessages":[],"fullName":"isCompleteStaggeredPair rejects when either axle lacks a sku, or the pair is not staggered / missing an axle","invocations":1,"location":null,"numPassingAsserts":4,"retryReasons":[],"startAt":1789936795979,"status":"passed","title":"rejects when either axle lacks a sku, or the pair is not staggered / missing an axle"},{"ancestorTitles":["isCompleteStaggeredPair"],"duration":0,"failing":false,"failureDetails":[],"failureMessages":[],"fullName":"isCompleteStaggeredPair accepts string dimensions from the API","invocations":1,"location":null,"numPassingAsserts":1,"retryReasons":[],"startAt":1789936795980,"status":"passed","title":"accepts string dimensions from the API"},{"ancestorTitles":["staggeredSetPrice / pairFrontSize"],"duration":0,"failing":false,"failureDetails":[],"failureMessages":[],"fullName":"staggeredSetPrice / pairFrontSize prices 2 x front + 2 x rear from each axle's own record (the PDP figure, not 4 x rear)","invocations":1,"location":null,"numPassingAsserts":2,"retryReasons":[],"startAt":1789936795981,"status":"passed","title":"prices 2 x front + 2 x rear from each axle's own record (the PDP figure, not 4 x rear)"},{"ancestorTitles":["staggeredSetPrice / pairFrontSize"],"duration":0,"failing":false,"failureDetails":[],"failureMessages":[],"fullName":"staggeredSetPrice / pairFrontSize reports the FRONT axle's real size for the card label / PDP link","invocations":1,"location":null,"numPassingAsserts":1,"retryReasons":[],"startAt":1789936795981,"status":"passed","title":"reports the FRONT axle's real size for the card label / PDP link"},{"ancestorTitles":["size-filter coherence for staggered pairs"],"duration":1,"failing":false,"failureDetails":[],"failureMessages":[],"fullName":"size-filter coherence for staggered pairs a record outside the requested diameter fails; unknown dimension is not excluded","invocations":1,"location":null,"numPassingAsserts":6,"retryReasons":[],"startAt":1789936795981,"status":"passed","title":"a record outside the requested diameter fails; unknown dimension is not excluded"},{"ancestorTitles":["size-filter coherence for staggered pairs"],"duration":1,"failing":false,"failureDetails":[],"failureMessages":[],"fullName":"size-filter coherence for staggered pairs REGRESSION: a 19/20 set is NOT offered under diameter=20; a 20/20 set is","invocations":1,"location":null,"numPassingAsserts":2,"retryReasons":[],"startAt":1789936795982,"status":"passed","title":"REGRESSION: a 19/20 set is NOT offered under diameter=20; a 20/20 set is"},{"ancestorTitles":["size-filter coherence for staggered pairs"],"duration":1,"failing":false,"failureDetails":[],"failureMessages":[],"fullName":"size-filter coherence for staggered pairs no filter -> any resolvable pair passes; missing partner never passes","invocations":1,"location":null,"numPassingAsserts":2,"retryReasons":[],"startAt":1789936795983,"status":"passed","title":"no filter -> any resolvable pair passes; missing partner never passes"}],"endTime":1789936795985,"message":"","name":"F:\\clawd\\wt-release\\src\\lib\\fitment\\__tests__\\staggeredPairIntegrity.test.ts","startTime":1789936795919,"status":"passed","summary":""},{"assertionResults":[{"ancestorTitles":["PDP fit-claim copy"],"duration":2,"failing":false,"failureDetails":[],"failureMessages":[],"fullName":"PDP fit-claim copy a selected vehicle alone never yields a verified/guaranteed claim","invocations":1,"location":null,"numPassingAsserts":10,"retryReasons":[],"startAt":1789936795985,"status":"passed","title":"a selected vehicle alone never yields a verified/guaranteed claim"},{"ancestorTitles":["PDP fit-claim copy"],"duration":0,"failing":false,"failureDetails":[],"failureMessages":[],"fullName":"PDP fit-claim copy claims only on explicit certification","invocations":1,"location":null,"numPassingAsserts":3,"retryReasons":[],"startAt":1789936795988,"status":"passed","title":"claims only on explicit certification"},{"ancestorTitles":["PDP fit-claim copy"],"duration":1,"failing":false,"failureDetails":[],"failureMessages":[],"fullName":"PDP fit-claim copy no vehicle -> the vehicle-specific line is omitted entirely, even if certified is passed","invocations":1,"location":null,"numPassingAsserts":2,"retryReasons":[],"startAt":1789936795988,"status":"passed","title":"no vehicle -> the vehicle-specific line is omitted entirely, even if certified is passed"},{"ancestorTitles":["PDP fit-claim copy"],"duration":1,"failing":false,"failureDetails":[],"failureMessages":[],"fullName":"PDP fit-claim copy isFitClaim recognises the retired wordings and clears the neutral ones","invocations":1,"location":null,"numPassingAsserts":8,"retryReasons":[],"startAt":1789936795989,"status":"passed","title":"isFitClaim recognises the retired wordings and clears the neutral ones"}],"endTime":1789936795990,"message":"","name":"F:\\clawd\\wt-release\\src\\lib\\fitment\\__tests__\\fitClaimCopy.test.ts","startTime":1789936795923,"status":"passed","summary":""},{"assertionResults":[{"ancestorTitles":["fitment-search certification gate wiring"],"duration":1,"failing":false,"failureDetails":[],"failureMessages":[],"fullName":"fitment-search certification gate wiring imports the shared gate helpers","invocations":1,"location":null,"numPassingAsserts":2,"retryReasons":[],"startAt":1789936795989,"status":"passed","title":"imports the shared gate helpers"},{"ancestorTitles":["fitment-search certification gate wiring"],"duration":4,"failing":false,"failureDetails":[],"failureMessages":[],"fullName":"fitment-search certification gate wiring per-item fitmentClass goes through gatedFitmentClass (no raw v.fitmentClass in the response)","invocations":1,"location":null,"numPassingAsserts":2,"retryReasons":[],"startAt":1789936795990,"status":"passed","title":"per-item fitmentClass goes through gatedFitmentClass (no raw v.fitmentClass in the response)"},{"ancestorTitles":["fitment-search certification gate wiring"],"duration":1,"failing":false,"failureDetails":[],"failureMessages":[],"fullName":"fitment-search certification gate wiring per-item certified flag uses isCertifiedFit","invocations":1,"location":null,"numPassingAsserts":1,"retryReasons":[],"startAt":1789936795994,"status":"passed","title":"per-item certified flag uses isCertifiedFit"},{"ancestorTitles":["fitment-search certification gate wiring"],"duration":4,"failing":false,"failureDetails":[],"failureMessages":[],"fullName":"fitment-search certification gate wiring response exposes certificationBlock and showGuaranteedFit derived from the gate","invocations":1,"location":null,"numPassingAsserts":2,"retryReasons":[],"startAt":1789936795995,"status":"passed","title":"response exposes certificationBlock and showGuaranteedFit derived from the gate"},{"ancestorTitles":["fitment-search certification gate wiring"],"duration":3,"failing":false,"failureDetails":[],"failureMessages":[],"fullName":"fitment-search certification gate wiring no-trim local DB path assesses trim ambiguity and fails closed","invocations":1,"location":null,"numPassingAsserts":5,"retryReasons":[],"startAt":1789936795999,"status":"passed","title":"no-trim local DB path assesses trim ambiguity and fails closed"},{"ancestorTitles":["fitment-search certification gate wiring"],"duration":0,"failing":false,"failureDetails":[],"failureMessages":[],"fullName":"fitment-search certification gate wiring handleDbFirstWheelResults accepts the trim gate","invocations":1,"location":null,"numPassingAsserts":1,"retryReasons":[],"startAt":1789936796003,"status":"passed","title":"handleDbFirstWheelResults accepts the trim gate"}],"endTime":1789936796004,"message":"","name":"F:\\clawd\\wt-release\\src\\app\\api\\wheels\\fitment-search\\__tests__\\certification-gate-contract.test.ts","startTime":1789936795947,"status":"passed","summary":""},{"assertionResults":[{"ancestorTitles":["paymentIntentInputKey"],"duration":2,"failing":false,"failureDetails":[],"failureMessages":[],"fullName":"paymentIntentInputKey is stable across renders, item order, case and whitespace","invocations":1,"location":null,"numPassingAsserts":3,"retryReasons":[],"startAt":1789936796045,"status":"passed","title":"is stable across renders, item order, case and whitespace"},{"ancestorTitles":["paymentIntentInputKey"],"duration":1,"failing":false,"failureDetails":[],"failureMessages":[],"fullName":"paymentIntentInputKey changes for anything that prices the order","invocations":1,"location":null,"numPassingAsserts":10,"retryReasons":[],"startAt":1789936796047,"status":"passed","title":"changes for anything that prices the order"}],"endTime":1789936796048,"message":"","name":"F:\\clawd\\wt-release\\src\\lib\\checkout\\__tests__\\stalePaymentIntent.test.ts","startTime":1789936795993,"status":"passed","summary":""}],"wasInterrupted":false}
